  Creating makefile for hot reloading EscapeEditor (modules to compile have changed)
  Compiling game modules for hot reload
  Distributing 3 actions to XGE
  --------------------Build System Warning---------------------------------------
  License is invalid:
      License information is invalid. Please try reloading your license file using the Coordinator Monitor application on the Coordinator machine, or reinstall IncrediBuild.
      This build will run in standalone mode.
  
  -------------------------------------------------------------------------------
  --------------------Project: Default-------------------------------------------
  PositionReport.cpp (0:32.26 at +0:00)
  UE4Editor-Escape-616.dll (0:00.95 at +0:32)
     Creating library D:\My Documents\Repos\Unreal Class\03_Escape\Escape\Intermediate\Build\Win64\UE4Editor\Development\UE4Editor-Escape-616.suppressed.lib and object D:\My Documents\Repos\Unreal Class\03_Escape\Escape\Intermediate\Build\Win64\UE4Editor\Development\UE4Editor-Escape-616.suppressed.exp
  UE4Editor-Escape-616.lib (0:00.07 at +0:33)
     Creating library D:\My Documents\Repos\Unreal Class\03_Escape\Escape\Intermediate\Build\Win64\UE4Editor\Development\UE4Editor-Escape-616.lib and object D:\My Documents\Repos\Unreal Class\03_Escape\Escape\Intermediate\Build\Win64\UE4Editor\Development\UE4Editor-Escape-616.exp
  ---------------------- Done ----------------------
   
      Rebuild All: 1 succeeded, 0 failed, 0 skipped
   
  1 build system warning(s):
     - License is invalid
   
  
  
  Deploying EscapeEditor Win64 Development...
  Total build time: 41.54 seconds (XGE executor: 33.54 seconds)
