Log file open, 04/01/18 01:51:24
LogWindows: Failed to load 'aqProf.dll' (GetLastError=126)
LogWindows: File 'aqProf.dll' does not exist
LogWindows: Failed to load 'VSPerf140.dll' (GetLastError=126)
LogWindows: File 'VSPerf140.dll' does not exist
LogWindows: Failed to load 'VtuneApi.dll' (GetLastError=126)
LogWindows: File 'VtuneApi.dll' does not exist
LogWindows: Failed to load 'VtuneApi32e.dll' (GetLastError=126)
LogWindows: File 'VtuneApi32e.dll' does not exist
LogInit: Display: Running engine for game: Escape
LogPlatformFile: Not using cached read wrapper
LogInit: Display: RandInit(-1359516781) SRandInit(-1359516781).
LogInit: Read version file with build ID '3709383'
LogInit: Overriding engine version to CL 3832480, compatible CL 3709383
LogInit: Registered custom module enumerator with build ID '3709383'
LogTaskGraph: Started task graph with 5 named threads and 14 total threads with 3 sets of task threads.
LogStats: Stats thread started at 0.171692
LogD3D11RHI: Aftermath initialized
LogPluginManager: Mounting plugin Paper2D
LogPluginManager: Mounting plugin LightPropagationVolume
LogPluginManager: Mounting plugin CodeLiteSourceCodeAccess
LogPluginManager: Mounting plugin GitSourceControl
LogPluginManager: Mounting plugin KDevelopSourceCodeAccess
LogPluginManager: Mounting plugin NullSourceCodeAccess
LogPluginManager: Mounting plugin PerforceSourceControl
LogPluginManager: Mounting plugin SubversionSourceControl
LogPluginManager: Mounting plugin UObjectPlugin
LogPluginManager: Mounting plugin VisualStudioCodeSourceCodeAccess
LogPluginManager: Mounting plugin VisualStudioSourceCodeAccess
LogPluginManager: Mounting plugin XCodeSourceCodeAccess
LogPluginManager: Mounting plugin AssetManagerEditor
LogPluginManager: Mounting plugin AudioCapture
LogPluginManager: Mounting plugin FacialAnimation
LogPluginManager: Mounting plugin GameplayTagsEditor
LogPluginManager: Mounting plugin MobileLauncherProfileWizard
LogPluginManager: Mounting plugin PluginBrowser
LogPluginManager: Mounting plugin SpeedTreeImporter
LogPluginManager: Mounting plugin AlembicImporter
LogPluginManager: Mounting plugin CharacterAI
LogPluginManager: Mounting plugin HTML5Networking
LogPluginManager: Mounting plugin AndroidMedia
LogPluginManager: Mounting plugin AvfMedia
LogPluginManager: Mounting plugin ImgMedia
LogPluginManager: Mounting plugin MediaCompositing
LogPluginManager: Mounting plugin MediaPlayerEditor
LogPluginManager: Mounting plugin WmfMedia
LogPluginManager: Mounting plugin TcpMessaging
LogPluginManager: Mounting plugin UdpMessaging
LogPluginManager: Mounting plugin ActorSequence
LogPluginManager: Mounting plugin LevelSequenceEditor
LogPluginManager: Mounting plugin MatineeToLevelSequence
LogPluginManager: Mounting plugin OnlineSubsystemGooglePlay
LogPluginManager: Mounting plugin OnlineSubsystemIOS
LogPluginManager: Mounting plugin OnlineSubsystem
LogPluginManager: Mounting plugin OnlineSubsystemNull
LogPluginManager: Mounting plugin OnlineSubsystemUtils
LogPluginManager: Mounting plugin AndroidDeviceProfileSelector
LogPluginManager: Mounting plugin AndroidMoviePlayer
LogPluginManager: Mounting plugin AndroidPermission
LogPluginManager: Mounting plugin AppleARKit
LogPluginManager: Mounting plugin AppleMoviePlayer
LogPluginManager: Mounting plugin ArchVisCharacter
LogPluginManager: Mounting plugin CableComponent
LogPluginManager: Mounting plugin CustomMeshComponent
LogPluginManager: Mounting plugin ExampleDeviceProfileSelector
LogPluginManager: Mounting plugin GoogleCloudMessaging
LogPluginManager: Mounting plugin ImmediatePhysics
LogPluginManager: Mounting plugin IOSDeviceProfileSelector
LogPluginManager: Mounting plugin LinuxDeviceProfileSelector
LogPluginManager: Mounting plugin LocationServicesBPLibrary
LogPluginManager: Mounting plugin MobilePatchingUtils
LogPluginManager: Mounting plugin OculusVR
LogPluginManager: Plugin shader directory ../../../Engine/Plugins/Runtime/Oculus/OculusVR/Shaders found
LogPluginManager: Mapping shader source directory ../../../Engine/Plugins/Runtime/Oculus/OculusVR/Shaders to virtual directory /Plugin/OculusVR
LogPluginManager: Mounting plugin PhysXVehicles
LogPluginManager: Mounting plugin ProceduralMeshComponent
LogPluginManager: Mounting plugin RuntimePhysXCooking
LogPluginManager: Mounting plugin SteamVR
LogPluginManager: Mounting plugin WindowsMoviePlayer
LogModuleManager: Display: Found up-to-date module file ../../../../My Documents/Repos/Unreal Class/03_Escape/Escape/Binaries/Win64/UE4Editor-Escape-8317.dll (API version 3709383).
LogModuleManager: Display: Found up-to-date module file ../../../Engine/Plugins/2D/Paper2D/Binaries/Win64/UE4Editor-Paper2D.dll (API version 3709383).
LogModuleManager: Display: Found up-to-date module file ../../../Engine/Plugins/2D/Paper2D/Binaries/Win64/UE4Editor-Paper2DEditor.dll (API version 3709383).
LogModuleManager: Display: Found up-to-date module file ../../../Engine/Plugins/2D/Paper2D/Binaries/Win64/UE4Editor-PaperSpriteSheetImporter.dll (API version 3709383).
LogModuleManager: Display: Found up-to-date module file ../../../Engine/Plugins/2D/Paper2D/Binaries/Win64/UE4Editor-PaperTiledImporter.dll (API version 3709383).
LogModuleManager: Display: Found up-to-date module file ../../../Engine/Plugins/2D/Paper2D/Binaries/Win64/UE4Editor-SmartSnapping.dll (API version 3709383).
LogModuleManager: Display: Found up-to-date module file ../../../Engine/Plugins/Blendables/LightPropagationVolume/Binaries/Win64/UE4Editor-LightPropagationVolumeRuntime.dll (API version 3709383).
LogModuleManager: Display: Found up-to-date module file ../../../Engine/Plugins/Blendables/LightPropagationVolume/Binaries/Win64/UE4Editor-LightPropagationVolumeEditor.dll (API version 3709383).
LogModuleManager: Display: Found up-to-date module file ../../../Engine/Plugins/Developer/GitSourceControl/Binaries/Win64/UE4Editor-GitSourceControl.dll (API version 3709383).
LogModuleManager: Display: Found up-to-date module file ../../../Engine/Plugins/Developer/PerforceSourceControl/Binaries/Win64/UE4Editor-PerforceSourceControl.dll (API version 3709383).
LogModuleManager: Display: Found up-to-date module file ../../../Engine/Plugins/Developer/SubversionSourceControl/Binaries/Win64/UE4Editor-SubversionSourceControl.dll (API version 3709383).
LogModuleManager: Display: Found up-to-date module file ../../../Engine/Plugins/Developer/UObjectPlugin/Binaries/Win64/UE4Editor-UObjectPlugin.dll (API version 3709383).
LogModuleManager: Display: Found up-to-date module file ../../../Engine/Plugins/Developer/VisualStudioCodeSourceCodeAccess/Binaries/Win64/UE4Editor-VisualStudioCodeSourceCodeAccess.dll (API version 3709383).
LogModuleManager: Display: Found up-to-date module file ../../../Engine/Plugins/Developer/VisualStudioSourceCodeAccess/Binaries/Win64/UE4Editor-VisualStudioSourceCodeAccess.dll (API version 3709383).
LogModuleManager: Display: Found up-to-date module file ../../../Engine/Plugins/Editor/AssetManagerEditor/Binaries/Win64/UE4Editor-AssetManagerEditor.dll (API version 3709383).
LogModuleManager: Display: Found up-to-date module file ../../../Engine/Plugins/Editor/AudioCapture/Binaries/Win64/UE4Editor-AudioCapture.dll (API version 3709383).
LogModuleManager: Display: Found up-to-date module file ../../../Engine/Plugins/Editor/FacialAnimation/Binaries/Win64/UE4Editor-FacialAnimation.dll (API version 3709383).
LogModuleManager: Display: Found up-to-date module file ../../../Engine/Plugins/Editor/FacialAnimation/Binaries/Win64/UE4Editor-FacialAnimationEditor.dll (API version 3709383).
LogModuleManager: Display: Found up-to-date module file ../../../Engine/Plugins/Editor/GameplayTagsEditor/Binaries/Win64/UE4Editor-GameplayTagsEditor.dll (API version 3709383).
LogModuleManager: Display: Found up-to-date module file ../../../Engine/Plugins/Editor/MobileLauncherProfileWizard/Binaries/Win64/UE4Editor-MobileLauncherProfileWizard.dll (API version 3709383).
LogModuleManager: Display: Found up-to-date module file ../../../Engine/Plugins/Editor/PluginBrowser/Binaries/Win64/UE4Editor-PluginBrowser.dll (API version 3709383).
LogModuleManager: Display: Found up-to-date module file ../../../Engine/Plugins/Editor/SpeedTreeImporter/Binaries/Win64/UE4Editor-SpeedTreeImporter.dll (API version 3709383).
LogModuleManager: Display: Found up-to-date module file ../../../Engine/Plugins/Experimental/AlembicImporter/Binaries/Win64/UE4Editor-AlembicImporter.dll (API version 3709383).
LogModuleManager: Display: Found up-to-date module file ../../../Engine/Plugins/Experimental/AlembicImporter/Binaries/Win64/UE4Editor-AlembicLibrary.dll (API version 3709383).
LogModuleManager: Display: Found up-to-date module file ../../../Engine/Plugins/Experimental/CharacterAI/Binaries/Win64/UE4Editor-CharacterAI.dll (API version 3709383).
LogModuleManager: Display: Found up-to-date module file ../../../Engine/Plugins/Experimental/HTML5Networking/Binaries/Win64/UE4Editor-HTML5Networking.dll (API version 3709383).
LogModuleManager: Display: Found up-to-date module file ../../../Engine/Plugins/Media/AndroidMedia/Binaries/Win64/UE4Editor-AndroidMediaEditor.dll (API version 3709383).
LogModuleManager: Display: Found up-to-date module file ../../../Engine/Plugins/Media/AndroidMedia/Binaries/Win64/UE4Editor-AndroidMediaFactory.dll (API version 3709383).
LogModuleManager: Display: Found up-to-date module file ../../../Engine/Plugins/Media/AvfMedia/Binaries/Win64/UE4Editor-AvfMediaEditor.dll (API version 3709383).
LogModuleManager: Display: Found up-to-date module file ../../../Engine/Plugins/Media/AvfMedia/Binaries/Win64/UE4Editor-AvfMediaFactory.dll (API version 3709383).
LogModuleManager: Display: Found up-to-date module file ../../../Engine/Plugins/Media/AvfMedia/Binaries/Win64/UE4Editor-AvfMediaFactory.dll (API version 3709383).
LogModuleManager: Display: Found up-to-date module file ../../../Engine/Plugins/Media/ImgMedia/Binaries/Win64/UE4Editor-ImgMedia.dll (API version 3709383).
LogModuleManager: Display: Found up-to-date module file ../../../Engine/Plugins/Media/ImgMedia/Binaries/Win64/UE4Editor-ImgMediaEditor.dll (API version 3709383).
LogModuleManager: Display: Found up-to-date module file ../../../Engine/Plugins/Media/ImgMedia/Binaries/Win64/UE4Editor-ImgMediaFactory.dll (API version 3709383).
LogModuleManager: Display: Found up-to-date module file ../../../Engine/Plugins/Media/ImgMedia/Binaries/Win64/UE4Editor-ImgMediaFactory.dll (API version 3709383).
LogModuleManager: Display: Found up-to-date module file ../../../Engine/Plugins/Media/ImgMedia/Binaries/Win64/UE4Editor-OpenExrWrapper.dll (API version 3709383).
LogModuleManager: Display: Found up-to-date module file ../../../Engine/Plugins/Media/MediaCompositing/Binaries/Win64/UE4Editor-MediaCompositing.dll (API version 3709383).
LogModuleManager: Display: Found up-to-date module file ../../../Engine/Plugins/Media/MediaCompositing/Binaries/Win64/UE4Editor-MediaCompositingEditor.dll (API version 3709383).
LogModuleManager: Display: Found up-to-date module file ../../../Engine/Plugins/Media/MediaPlayerEditor/Binaries/Win64/UE4Editor-MediaPlayerEditor.dll (API version 3709383).
LogModuleManager: Display: Found up-to-date module file ../../../Engine/Plugins/Media/WmfMedia/Binaries/Win64/UE4Editor-WmfMedia.dll (API version 3709383).
LogModuleManager: Display: Found up-to-date module file ../../../Engine/Plugins/Media/WmfMedia/Binaries/Win64/UE4Editor-WmfMediaEditor.dll (API version 3709383).
LogModuleManager: Display: Found up-to-date module file ../../../Engine/Plugins/Media/WmfMedia/Binaries/Win64/UE4Editor-WmfMediaFactory.dll (API version 3709383).
LogModuleManager: Display: Found up-to-date module file ../../../Engine/Plugins/Media/WmfMedia/Binaries/Win64/UE4Editor-WmfMediaFactory.dll (API version 3709383).
LogModuleManager: Display: Found up-to-date module file ../../../Engine/Plugins/Messaging/TcpMessaging/Binaries/Win64/UE4Editor-TcpMessaging.dll (API version 3709383).
LogModuleManager: Display: Found up-to-date module file ../../../Engine/Plugins/Messaging/UdpMessaging/Binaries/Win64/UE4Editor-UdpMessaging.dll (API version 3709383).
LogModuleManager: Display: Found up-to-date module file ../../../Engine/Plugins/MovieScene/ActorSequence/Binaries/Win64/UE4Editor-ActorSequence.dll (API version 3709383).
LogModuleManager: Display: Found up-to-date module file ../../../Engine/Plugins/MovieScene/LevelSequenceEditor/Binaries/Win64/UE4Editor-LevelSequenceEditor.dll (API version 3709383).
LogModuleManager: Display: Found up-to-date module file ../../../Engine/Plugins/MovieScene/MatineeToLevelSequence/Binaries/Win64/UE4Editor-MatineeToLevelSequence.dll (API version 3709383).
LogModuleManager: Display: Found up-to-date module file ../../../Engine/Plugins/Online/OnlineSubsystem/Binaries/Win64/UE4Editor-OnlineSubsystem.dll (API version 3709383).
LogModuleManager: Display: Found up-to-date module file ../../../Engine/Plugins/Online/OnlineSubsystemNull/Binaries/Win64/UE4Editor-OnlineSubsystemNull.dll (API version 3709383).
LogModuleManager: Display: Found up-to-date module file ../../../Engine/Plugins/Online/OnlineSubsystemUtils/Binaries/Win64/UE4Editor-OnlineSubsystemUtils.dll (API version 3709383).
LogModuleManager: Display: Found up-to-date module file ../../../Engine/Plugins/Online/OnlineSubsystemUtils/Binaries/Win64/UE4Editor-OnlineBlueprintSupport.dll (API version 3709383).
LogModuleManager: Display: Found up-to-date module file ../../../Engine/Plugins/Runtime/AndroidDeviceProfileSelector/Binaries/Win64/UE4Editor-AndroidDeviceProfileSelector.dll (API version 3709383).
LogModuleManager: Display: Found up-to-date module file ../../../Engine/Plugins/Runtime/AndroidPermission/Binaries/Win64/UE4Editor-AndroidPermission.dll (API version 3709383).
LogModuleManager: Display: Found up-to-date module file ../../../Engine/Plugins/Runtime/AppleARKit/Binaries/Win64/UE4Editor-AppleARKit.dll (API version 3709383).
LogModuleManager: Display: Found up-to-date module file ../../../Engine/Plugins/Runtime/ArchVisCharacter/Binaries/Win64/UE4Editor-ArchVisCharacter.dll (API version 3709383).
LogModuleManager: Display: Found up-to-date module file ../../../Engine/Plugins/Runtime/CableComponent/Binaries/Win64/UE4Editor-CableComponent.dll (API version 3709383).
LogModuleManager: Display: Found up-to-date module file ../../../Engine/Plugins/Runtime/CustomMeshComponent/Binaries/Win64/UE4Editor-CustomMeshComponent.dll (API version 3709383).
LogModuleManager: Display: Found up-to-date module file ../../../Engine/Plugins/Runtime/ExampleDeviceProfileSelector/Binaries/Win64/UE4Editor-ExampleDeviceProfileSelector.dll (API version 3709383).
LogModuleManager: Display: Found up-to-date module file ../../../Engine/Plugins/Runtime/ImmediatePhysics/Binaries/Win64/UE4Editor-ImmediatePhysics.dll (API version 3709383).
LogModuleManager: Display: Found up-to-date module file ../../../Engine/Plugins/Runtime/ImmediatePhysics/Binaries/Win64/UE4Editor-ImmediatePhysicsEditor.dll (API version 3709383).
LogModuleManager: Display: Found up-to-date module file ../../../Engine/Plugins/Runtime/LocationServicesBPLibrary/Binaries/Win64/UE4Editor-LocationServicesBPLibrary.dll (API version 3709383).
LogModuleManager: Display: Found up-to-date module file ../../../Engine/Plugins/Runtime/MobilePatchingUtils/Binaries/Win64/UE4Editor-MobilePatchingUtils.dll (API version 3709383).
LogModuleManager: Display: Found up-to-date module file ../../../Engine/Plugins/Runtime/Oculus/OculusVR/Binaries/Win64/UE4Editor-OculusHMD.dll (API version 3709383).
LogModuleManager: Display: Found up-to-date module file ../../../Engine/Plugins/Runtime/Oculus/OculusVR/Binaries/Win64/UE4Editor-OculusInput.dll (API version 3709383).
LogModuleManager: Display: Found up-to-date module file ../../../Engine/Plugins/Runtime/Oculus/OculusVR/Binaries/Win64/UE4Editor-OculusEditor.dll (API version 3709383).
LogModuleManager: Display: Found up-to-date module file ../../../Engine/Plugins/Runtime/PhysXVehicles/Binaries/Win64/UE4Editor-PhysXVehicles.dll (API version 3709383).
LogModuleManager: Display: Found up-to-date module file ../../../Engine/Plugins/Runtime/PhysXVehicles/Binaries/Win64/UE4Editor-PhysXVehiclesEditor.dll (API version 3709383).
LogModuleManager: Display: Found up-to-date module file ../../../Engine/Plugins/Runtime/ProceduralMeshComponent/Binaries/Win64/UE4Editor-ProceduralMeshComponent.dll (API version 3709383).
LogModuleManager: Display: Found up-to-date module file ../../../Engine/Plugins/Runtime/ProceduralMeshComponent/Binaries/Win64/UE4Editor-ProceduralMeshComponentEditor.dll (API version 3709383).
LogModuleManager: Display: Found up-to-date module file ../../../Engine/Plugins/Runtime/RuntimePhysXCooking/Binaries/Win64/UE4Editor-RuntimePhysXCooking.dll (API version 3709383).
LogModuleManager: Display: Found up-to-date module file ../../../Engine/Plugins/Runtime/Steam/SteamVR/Binaries/Win64/UE4Editor-SteamVR.dll (API version 3709383).
LogModuleManager: Display: Found up-to-date module file ../../../Engine/Plugins/Runtime/Steam/SteamVR/Binaries/Win64/UE4Editor-SteamVRController.dll (API version 3709383).
LogModuleManager: Display: Found up-to-date module file ../../../Engine/Plugins/Runtime/WindowsMoviePlayer/Binaries/Win64/UE4Editor-WindowsMoviePlayer.dll (API version 3709383).
LogInit: Using libcurl 7.47.1
LogInit:  - built for x86_64-pc-win32
LogInit:  - supports SSL with OpenSSL/1.0.2g
LogInit:  - supports HTTP deflate (compression) using libz 1.2.8
LogInit:  - other features:
LogInit:      CURL_VERSION_SSL
LogInit:      CURL_VERSION_LIBZ
LogInit:      CURL_VERSION_IPV6
LogInit:      CURL_VERSION_ASYNCHDNS
LogInit:      CURL_VERSION_LARGEFILE
LogInit:      CURL_VERSION_IDN
LogInit:  CurlRequestOptions (configurable via config and command line):
LogInit:  - bVerifyPeer = false  - Libcurl will NOT verify peer certificate
LogInit:  - bUseHttpProxy = false  - Libcurl will NOT use HTTP proxy
LogInit:  - bDontReuseConnections = false  - Libcurl will reuse connections
LogInit:  - CertBundlePath = nullptr  - Libcurl will use whatever was configured at build time.
LogInit: Build: ++UE4+Release-4.18-CL-3832480
LogInit: Engine Version: 4.18.3-3832480+++UE4+Release-4.18
LogInit: Compatible Engine Version: 4.18.0-3709383+++UE4+Release-4.18
LogInit: Net CL: 3709383
LogDevObjectVersion: Number of dev versions registered: 16
LogDevObjectVersion:   Dev-Blueprints (B0D832E4-1F89-4F0D-ACCF-7EB736FD4AA2): 10
LogDevObjectVersion:   Dev-Build (E1C64328-A22C-4D53-A36C-8E866417BD8C): 0
LogDevObjectVersion:   Dev-Core (375EC13C-06E4-48FB-B500-84F0262A717E): 2
LogDevObjectVersion:   Dev-Editor (E4B068ED-F494-42E9-A231-DA0B2E46BB41): 20
LogDevObjectVersion:   Dev-Framework (CFFC743F-43B0-4480-9391-14DF171D2073): 30
LogDevObjectVersion:   Dev-Mobile (B02B49B5-BB20-44E9-A304-32B752E40360): 0
LogDevObjectVersion:   Dev-Networking (A4E4105C-59A1-49B5-A7C5-40C4547EDFEE): 0
LogDevObjectVersion:   Dev-Online (39C831C9-5AE6-47DC-9A44-9C173E1C8E7C): 0
LogDevObjectVersion:   Dev-Physics (78F01B33-EBEA-4F98-B9B4-84EACCB95AA2): 0
LogDevObjectVersion:   Dev-Platform (6631380F-2D4D-43E0-8009-CF276956A95A): 0
LogDevObjectVersion:   Dev-Rendering (12F88B9F-8875-4AFC-A67C-D90C383ABD29): 20
LogDevObjectVersion:   Dev-Sequencer (7B5AE74C-D270-4C10-A958-57980B212A5A): 4
LogDevObjectVersion:   Dev-VR (D7296918-1DD6-4BDD-9DE2-64A83CC13884): 0
LogDevObjectVersion:   Dev-LoadTimes (C2A15278-BFE7-4AFE-6C17-90FF531DF755): 1
LogDevObjectVersion:   Private-Geometry (6EACA3D4-40EC-4CC1-B786-8BED09428FC5): 1
LogDevObjectVersion:   Dev-AnimPhys (29E575DD-E0A3-4627-9D10-D276232CDCEA): 12
LogInit: Compiled (64-bit): Jan 12 2018 02:04:55
LogInit: Compiled with Visual C++: 19.00.24215.01
LogInit: Build Configuration: Development
LogInit: Branch Name: ++UE4+Release-4.18
LogInit: Command line: -EpicPortal 
LogInit: Base directory: D:/UE_4.18/Engine/Binaries/Win64/
LogInit: Installed Engine Build: 1
LogInit: Presizing for max 8388607 objects, including 0 objects not considered by GC, pre-allocating 0 bytes for permanent pool.
LogInit: Object subsystem initialized
[2018.04.01-08.51.25:203][  0]LogInit: Selected Device Profile: [Windows]
[2018.04.01-08.51.25:204][  0]LogInit: Applying CVar settings loaded from the selected device profile: [Windows]
[2018.04.01-08.51.25:213][  0]LogInit: Computer: DESKTOP-DBDP50N
[2018.04.01-08.51.25:213][  0]LogInit: User: ashee
[2018.04.01-08.51.25:213][  0]LogInit: CPU Page size=4096, Cores=4
[2018.04.01-08.51.25:213][  0]LogInit: High frequency timer resolution =4.101561 MHz
[2018.04.01-08.51.25:214][  0]LogMemory: Memory total: Physical=31.9GB (32GB approx)
[2018.04.01-08.51.25:214][  0]LogMemory: Platform Memory Stats for Windows
[2018.04.01-08.51.25:214][  0]LogMemory: Process Physical Memory: 274.02 MB used, 274.02 MB peak
[2018.04.01-08.51.25:214][  0]LogMemory: Process Virtual Memory: 270.10 MB used, 270.10 MB peak
[2018.04.01-08.51.25:214][  0]LogMemory: Physical Memory: 5466.43 MB used,  27234.66 MB free, 32701.09 MB total
[2018.04.01-08.51.25:214][  0]LogMemory: Virtual Memory: 689.27 MB used,  27234.66 MB free, 134217728.00 MB total
[2018.04.01-08.51.25:325][  0]LogInit: Using OS detected language (en-US).
[2018.04.01-08.51.25:325][  0]LogInit: Using OS detected locale (en-US).
[2018.04.01-08.51.25:327][  0]LogTextLocalizationManager: No specific localization for 'en-US' exists, so the 'en' localization will be used.
[2018.04.01-08.51.25:618][  0]LogInit: Setting process to per monitor DPI aware
[2018.04.01-08.51.25:788][  0]LogD3D11RHI: D3D11 adapters:
[2018.04.01-08.51.25:817][  0]LogD3D11RHI:    0. 'NVIDIA GeForce GTX 980 Ti' (Feature Level 11_0)
[2018.04.01-08.51.25:817][  0]LogD3D11RHI:       6097/0/16350 MB DedicatedVideo/DedicatedSystem/SharedSystem, Outputs:1, VendorId:0x10de
[2018.04.01-08.51.25:819][  0]LogD3D11RHI:    1. 'Microsoft Basic Render Driver' (Feature Level 11_0)
[2018.04.01-08.51.25:819][  0]LogD3D11RHI:       0/0/16350 MB DedicatedVideo/DedicatedSystem/SharedSystem, Outputs:0, VendorId:0x1414
[2018.04.01-08.51.25:819][  0]LogD3D11RHI: Chosen D3D11 Adapter: 0
[2018.04.01-08.51.25:823][  0]LogD3D11RHI: Creating new Direct3DDevice
[2018.04.01-08.51.25:823][  0]LogD3D11RHI:     GPU DeviceId: 0x17c8 (for the marketing name, search the web for "GPU Device Id")
[2018.04.01-08.51.25:823][  0]LogWindows: EnumDisplayDevices:
[2018.04.01-08.51.25:823][  0]LogWindows:    0. 'NVIDIA GeForce GTX 980 Ti' (P:1 D:1)
[2018.04.01-08.51.25:823][  0]LogWindows:    1. 'NVIDIA GeForce GTX 980 Ti' (P:0 D:0)
[2018.04.01-08.51.25:824][  0]LogWindows:    2. 'NVIDIA GeForce GTX 980 Ti' (P:0 D:0)
[2018.04.01-08.51.25:824][  0]LogWindows:    3. 'NVIDIA GeForce GTX 980 Ti' (P:0 D:0)
[2018.04.01-08.51.25:824][  0]LogWindows: DebugString: GetVideoDriverDetailsInvalid PrimaryIsNotTheChoosenAdapter GetVideoDriverDetailsInvalid PrimaryIsNotTheChoosenAdapter GetVideoDriverDetailsInvalid PrimaryIsNotTheChoosenAdapter GetVideoDriverDetailsInvalid PrimaryIsNotTheChoosenAdapter FoundDriverCount:0 
[2018.04.01-08.51.25:824][  0]LogD3D11RHI:     Adapter Name: NVIDIA GeForce GTX 980 Ti
[2018.04.01-08.51.25:824][  0]LogD3D11RHI:   Driver Version: Unknown (internal:Unknown, unified:Unknown)
[2018.04.01-08.51.25:824][  0]LogD3D11RHI:      Driver Date: Unknown
[2018.04.01-08.51.25:824][  0]LogRHI: Texture pool is 4268 MB (70% of 6097 MB)
[2018.04.01-08.51.25:844][  0]LogD3D11RHI: Async texture creation enabled
[2018.04.01-08.51.25:862][  0]LogD3D11RHI: GPU Timing Frequency: 1000.000000 (Debug: 2 2)
[2018.04.01-08.51.25:863][  0]LogShaderCompilers: Guid format shader working directory is -14 characters bigger than the processId version (../../../../My Documents/Repos/Unreal Class/03_Escape/Escape/Intermediate/Shaders/WorkingDirectory/4624/).
[2018.04.01-08.51.25:863][  0]LogShaderCompilers: Cleaned the shader compiler working directory 'C:/Users/ashee/AppData/Local/Temp/UnrealShaderWorkingDir/754DF9104CF841807192ECA2461736E1/'.
[2018.04.01-08.51.25:863][  0]LogShaderCompilers: Display: Using Local Shader Compiler.
[2018.04.01-08.51.29:234][  0]LogTemp: Display: Loaded TP AllDesktopTargetPlatform
[2018.04.01-08.51.29:266][  0]LogTemp: Display: Loaded TP MacClientTargetPlatform
[2018.04.01-08.51.29:300][  0]LogTemp: Display: Loaded TP MacNoEditorTargetPlatform
[2018.04.01-08.51.29:332][  0]LogTemp: Display: Loaded TP MacServerTargetPlatform
[2018.04.01-08.51.29:366][  0]LogTemp: Display: Loaded TP MacTargetPlatform
[2018.04.01-08.51.29:399][  0]LogTemp: Display: Loaded TP WindowsClientTargetPlatform
[2018.04.01-08.51.29:432][  0]LogTemp: Display: Loaded TP WindowsNoEditorTargetPlatform
[2018.04.01-08.51.29:464][  0]LogTemp: Display: Loaded TP WindowsServerTargetPlatform
[2018.04.01-08.51.29:493][  0]LogTemp: Display: Loaded TP WindowsTargetPlatform
[2018.04.01-08.51.29:529][  0]LogTemp: Display: Loaded TP Android_ASTCTargetPlatform
[2018.04.01-08.51.29:562][  0]LogTemp: Display: Loaded TP Android_ATCTargetPlatform
[2018.04.01-08.51.29:596][  0]LogTemp: Display: Loaded TP Android_DXTTargetPlatform
[2018.04.01-08.51.29:637][  0]LogTemp: Display: Loaded TP Android_ETC1TargetPlatform
[2018.04.01-08.51.29:669][  0]LogTemp: Display: Loaded TP Android_ETC2TargetPlatform
[2018.04.01-08.51.29:735][  0]LogTemp: Display: Loaded TP Android_MultiTargetPlatform
[2018.04.01-08.51.29:735][  0]LogTemp: Display: Loaded TP Android_PVRTCTargetPlatform
[2018.04.01-08.51.29:768][  0]LogTemp: Display: Loaded TP AndroidTargetPlatform
[2018.04.01-08.51.29:793][  0]LogTemp: Display: Loaded TP HTML5TargetPlatform
[2018.04.01-08.51.29:875][  0]LogTemp: Display: Loaded TP IOSTargetPlatform
[2018.04.01-08.51.29:894][  0]LogTemp: Display: Loaded TP TVOSTargetPlatform
[2018.04.01-08.51.29:927][  0]LogTemp: Display: Loaded TP LinuxClientTargetPlatform
[2018.04.01-08.51.29:959][  0]LogTemp: Display: Loaded TP LinuxNoEditorTargetPlatform
[2018.04.01-08.51.29:992][  0]LogTemp: Display: Loaded TP LinuxServerTargetPlatform
[2018.04.01-08.51.30:024][  0]LogTemp: Display: Loaded TP LinuxTargetPlatform
[2018.04.01-08.51.30:024][  0]LogTargetPlatformManager: Display: Building Assets For Windows
[2018.04.01-08.51.30:367][  0]LogDerivedDataCache: Display: Max Cache Size: 512 MB
[2018.04.01-08.51.30:415][  0]LogDerivedDataCache: Loaded boot cache 0.05s 78MB C:/Users/ashee/AppData/Local/UnrealEngine/4.18/DerivedDataCache/Boot.ddc.
[2018.04.01-08.51.30:415][  0]LogDerivedDataCache: Display: Loaded Boot cache: C:/Users/ashee/AppData/Local/UnrealEngine/4.18/DerivedDataCache/Boot.ddc
[2018.04.01-08.51.30:415][  0]LogDerivedDataCache: FDerivedDataBackendGraph:  Pak pak cache file ../../../../My Documents/Repos/Unreal Class/03_Escape/Escape/DerivedDataCache/DDC.ddp not found, will not use a pak cache.
[2018.04.01-08.51.30:415][  0]LogDerivedDataCache: Unable to find inner node Pak for hierarchical cache Hierarchy.
[2018.04.01-08.51.30:415][  0]LogDerivedDataCache: FDerivedDataBackendGraph:  CompressedPak pak cache file ../../../../My Documents/Repos/Unreal Class/03_Escape/Escape/DerivedDataCache/Compressed.ddp not found, will not use a pak cache.
[2018.04.01-08.51.30:415][  0]LogDerivedDataCache: Unable to find inner node CompressedPak for hierarchical cache Hierarchy.
[2018.04.01-08.51.30:428][  0]LogDerivedDataCache: Display: Pak cache opened for reading ../../../Engine/DerivedDataCache/Compressed.ddp.
[2018.04.01-08.51.30:439][  0]LogDerivedDataCache: Using Local data cache path C:/Users/ashee/AppData/Local/UnrealEngine/Common/DerivedDataCache: Writable
[2018.04.01-08.51.30:446][  0]LogMaterial: Verifying Global Shaders for PCD3D_SM5
[2018.04.01-08.51.30:447][  0]LogSlate: Using Freetype 2.6.0
[2018.04.01-08.51.30:449][  0]LogSlate: SlateFontCache - WITH_FREETYPE: 1, WITH_HARFBUZZ: 1
[2018.04.01-08.51.30:449][  0]LogSlate: SlateFontCache - WITH_FREETYPE: 1, WITH_HARFBUZZ: 1
[2018.04.01-08.51.30:692][  0]LogInit: Selected Device Profile: [Windows]
[2018.04.01-08.51.30:915][  0]LogSimplygon: Simplygon DLL not present - disabling.
[2018.04.01-08.51.30:941][  0]LogMeshReduction: Using SimplygonSwarm for distributed automatic mesh merging
[2018.04.01-08.51.30:941][  0]LogMeshReduction: Using QuadricMeshReduction for automatic static mesh reduction
[2018.04.01-08.51.30:941][  0]LogMeshReduction: No automatic skeletal mesh reduction module available
[2018.04.01-08.51.30:941][  0]LogMeshReduction: No automatic mesh merging module available
[2018.04.01-08.51.30:941][  0]LogMeshMerging: No automatic mesh merging module available
[2018.04.01-08.51.30:957][  0]LogNetVersion: Escape , NetCL: 3709383, EngineNetVer: 2, GameNetVer: 0 (Checksum: 3464171263)
[2018.04.01-08.51.31:058][  0]LogAssetRegistry: FAssetRegistry took 0.0243 seconds to start up
[2018.04.01-08.51.31:336][  0]LogPackageLocalizationCache: Processed 7 localized package path(s) for 2 prioritized culture(s) in 0.031458 seconds
[2018.04.01-08.51.31:339][  0]LogUObjectArray: 35870 objects as part of root set at end of initial load.
[2018.04.01-08.51.31:339][  0]LogUObjectAllocator: 7363696 out of 0 bytes used by permanent object pool.
[2018.04.01-08.51.31:339][  0]LogUObjectArray: CloseDisregardForGC: 0/0 objects in disregard for GC pool
[2018.04.01-08.51.31:366][  0]LogInit: WinSock: version 1.1 (2.2), MaxSocks=32767, MaxUdp=65467
[2018.04.01-08.51.33:123][  0]LogTcpMessaging: Initializing TcpMessaging bridge
[2018.04.01-08.51.33:155][  0]LogUdpMessaging: Initializing bridge on interface 0.0.0.0:0 to multicast group 230.0.0.1:6666.
[2018.04.01-08.51.33:640][  0]LogMaterial: Uniform references updated for custom material expression Custom.
[2018.04.01-08.51.33:899][  0]SourceControl: Source control is disabled
[2018.04.01-08.51.33:899][  0]SourceControl: Source control is disabled
[2018.04.01-08.51.33:934][  0]SourceControl: Source control is disabled
[2018.04.01-08.51.33:971][  0]SourceControl: Source control is disabled
[2018.04.01-08.51.34:495][  0]LogAndroidPermission: UAndroidPermissionCallbackProxy::GetInstance
[2018.04.01-08.51.34:665][  0]LogOcInput: OculusInput pre-init called
[2018.04.01-08.51.34:838][  0]LogEngine: Initializing Engine...
[2018.04.01-08.51.34:839][  0]LogHMD: Failed to initialize OpenVR with code 110
[2018.04.01-08.51.34:968][  0]LogStats: UGameplayTagsManager::ConstructGameplayTagTree: Construct from data asset -  0.000 s
[2018.04.01-08.51.34:969][  0]LogStats: UGameplayTagsManager::ConstructGameplayTagTree: GameplayTagTreeChangedEvent.Broadcast -  0.000 s
[2018.04.01-08.51.35:042][  0]LogAIModule: Creating AISystem for world Untitled
[2018.04.01-08.51.35:048][  0]LogInit: XAudio2 using 'Speakers (High Definition Audio Device)' : 2 channels at 48 kHz using 16 bits per sample (channel mask 0x3)
[2018.04.01-08.51.35:056][  0]LogInit: FAudioDevice initialized.
[2018.04.01-08.51.35:121][  0]LogDerivedDataCache: Saved boot cache 0.07s 78MB C:/Users/ashee/AppData/Local/UnrealEngine/4.18/DerivedDataCache/Boot.ddc.
[2018.04.01-08.51.35:127][  0]LogInit: Texture streaming: Enabled
[2018.04.01-08.51.35:207][  0]LogEngineSessionManager: EngineSessionManager initialized
[2018.04.01-08.51.35:280][  0]LogInit: Transaction tracking system initialized
[2018.04.01-08.51.35:476][  0]BlueprintLog: New page: Editor Load
[2018.04.01-08.51.36:018][  0]LocalizationService: Localization service is disabled
[2018.04.01-08.51.36:489][  0]LogConsoleResponse: Display: 
[2018.04.01-08.51.36:589][  0]LogCook: Display: Max memory allowance for cook 16384mb min free memory 0mb
[2018.04.01-08.51.36:589][  0]LogCook: Display: Mobile HDR setting 1
[2018.04.01-08.51.36:589][  0]LogGameplayTags: Display: UGameplayTagsManager::DoneAddingNativeTags. DelegateIsBound: 0
[2018.04.01-08.51.36:992][  0]LogFileCache: Scanning file cache for directory 'D:/My Documents/Repos/Unreal Class/03_Escape/Escape/Content/' took 0.01s
[2018.04.01-08.51.36:992][  0]LogLinker: Warning: Can't find file '/Engine/BasicShapes/Cube'
[2018.04.01-08.51.36:992][  0]LogLinker: Warning: Can't find file '/Engine/BasicShapes/Cube'
[2018.04.01-08.51.36:992][  0]LogUObjectGlobals: Warning: Failed to find object 'StaticMesh /Engine/BasicShapes/Cube.Cube'
[2018.04.01-08.51.37:332][  0]SourceControl: Source control is disabled
[2018.04.01-08.51.37:332][  0]Cmd: MAP LOAD FILE="../../../../My Documents/Repos/Unreal Class/03_Escape/Escape/Content/NewMap.umap" TEMPLATE=0 SHOWPROGRESS=1 FEATURELEVEL=3
[2018.04.01-08.51.37:332][  0]LogEditorServer: Warning: Can't find file '../../../../My Documents/Repos/Unreal Class/03_Escape/Escape/Content/NewMap.umap'
[2018.04.01-08.51.37:332][  0]Cmd: MAP CHECKDEP NOCLEARLOG
[2018.04.01-08.51.37:361][  0]MapCheck: Map check complete: 0 Error(s), 0 Warning(s), took 28.34ms to complete.
[2018.04.01-08.51.37:361][  0]LogFileHelpers: Loading map 'NewMap' took 0.029
[2018.04.01-08.51.37:472][  0]LogCollectionManager: Loaded 0 collections in 0.000697 seconds
[2018.04.01-08.51.37:529][  0]LogFileCache: Scanning file cache for directory 'D:/My Documents/Repos/Unreal Class/03_Escape/Escape/Saved/Collections/' took 0.01s
[2018.04.01-08.51.37:529][  0]LogFileCache: Scanning file cache for directory 'D:/My Documents/Repos/Unreal Class/03_Escape/Escape/Content/Developers/ashee/Collections/' took 0.01s
[2018.04.01-08.51.37:529][  0]LogFileCache: Scanning file cache for directory 'D:/My Documents/Repos/Unreal Class/03_Escape/Escape/Content/Collections/' took 0.01s
[2018.04.01-08.51.37:529][  0]LogCollectionManager: Rebuilt the GUID cache for 0 collections in 0.000000 seconds
[2018.04.01-08.51.37:535][  0]LogContentBrowser: Native class hierarchy populated in 0.0059 seconds. Added 2366 classes and 521 folders.
[2018.04.01-08.51.37:568][  0]LogContentBrowser: Native class hierarchy updated for 'WidgetCarousel' in 0.0004 seconds. Added 0 classes and 0 folders.
[2018.04.01-08.51.37:594][  0]LogContentBrowser: Native class hierarchy updated for 'AddContentDialog' in 0.0004 seconds. Added 0 classes and 0 folders.
[2018.04.01-08.51.37:623][  0]LogContentBrowser: Native class hierarchy updated for 'SceneOutliner' in 0.0004 seconds. Added 1 classes and 2 folders.
[2018.04.01-08.51.37:657][  0]LogSlate: Took 0.000166 seconds to synchronously load lazily loaded font '../../../Engine/Content/Slate/Fonts/Roboto-Regular.ttf' (155K)
[2018.04.01-08.51.37:659][  0]LogSlate: Took 0.000231 seconds to synchronously load lazily loaded font '../../../Engine/Content/Slate/Fonts/Roboto-Bold.ttf' (160K)
[2018.04.01-08.51.37:663][  0]LogSlate: Took 0.000168 seconds to synchronously load lazily loaded font '../../../Engine/Content/Editor/Slate/Fonts/FontAwesome.ttf' (139K)
[2018.04.01-08.51.37:727][  0]LogRenderer: Reallocating scene render targets to support 1208x652 Format 10 NumSamples 1 (Frame:1).
[2018.04.01-08.51.37:831][  0]LogContentBrowser: Native class hierarchy updated for 'HierarchicalLODOutliner' in 0.0004 seconds. Added 1 classes and 2 folders.
[2018.04.01-08.51.37:831][  0]LogLoad: (Engine Initialization) Total time: 14.38 seconds
[2018.04.01-08.51.37:831][  0]LogLoad: (Engine Initialization) Total Blueprint compile time: 0.00 seconds
[2018.04.01-08.51.37:832][  0]LogExternalProfiler: No external profilers were discovered.  External profiling features will not be available.
[2018.04.01-08.51.37:840][  0]LogWindowsTextInputMethodSystem: Display: IME system now deactivated.
[2018.04.01-08.51.37:852][  0]LogAssetRegistry: Asset discovery search completed in 6.8154 seconds
[2018.04.01-08.51.37:853][  0]LogCollectionManager: Rebuilt the object cache for 0 collections in 0.000000 seconds (found 0 objects)
[2018.04.01-08.51.37:853][  0]LogCollectionManager: Fixed up redirectors for 0 collections in 0.000043 seconds (updated 0 objects)
[2018.04.01-08.51.37:855][  0]LogContentStreaming: Texture pool size now 1000 MB
[2018.04.01-08.51.37:902][  0]LogSlate: Took 0.001884 seconds to synchronously load lazily loaded font '../../../Engine/Content/Slate/Fonts/Roboto-Light.ttf' (159K)
[2018.04.01-08.51.43:174][630]LogSlate: Took 0.000142 seconds to synchronously load lazily loaded font '../../../Engine/Content/Slate/Fonts/Roboto-Light.ttf' (159K)
[2018.04.01-08.51.43:401][630]LogAIModule: Creating AISystem for world NewMap_BuildData
[2018.04.01-08.51.43:417][630]Cmd: MAP LOAD FILE="../../../../My Documents/Repos/Unreal Class/03_Escape/Escape/Content/NewMap_BuildData.umap" TEMPLATE=0 SHOWPROGRESS=1 FEATURELEVEL=3
[2018.04.01-08.51.43:417][630]LightingResults: New page: Lighting Build
[2018.04.01-08.51.43:440][630]LogContentBrowser: Native class hierarchy updated for 'StatsViewer' in 0.0004 seconds. Added 5 classes and 0 folders.
[2018.04.01-08.51.43:440][630]LoadErrors: New page: Loading map: NewMap_BuildData.umap
[2018.04.01-08.51.43:440][630]MapCheck: New page: Map Check
[2018.04.01-08.51.43:440][630]LightingResults: New page: Lighting Build
[2018.04.01-08.51.43:449][630]LogEditorServer: Finished looking for orphan Actors (0.000 secs)
[2018.04.01-08.51.43:466][630]Cmd: MAP CHECKDEP NOCLEARLOG
[2018.04.01-08.51.43:499][630]MapCheck: Map check complete: 0 Error(s), 0 Warning(s), took 32.943ms to complete.
[2018.04.01-08.51.43:499][630]LogFileHelpers: Loading map 'NewMap_BuildData' took 0.082
[2018.04.01-08.52.36:442][700]Cmd: OBJ SAVEPACKAGE PACKAGE="/Game/NewMap_BuildData" FILE="../../../../My Documents/Repos/Unreal Class/03_Escape/Escape/Content/NewMap_BuildData.umap" SILENT=true AUTOSAVING=false KEEPDIRTY=false
[2018.04.01-08.52.36:526][700]LogSavePackage: Save=76.85ms
[2018.04.01-08.52.36:526][700]LogSavePackage: Moving '../../../../My Documents/Repos/Unreal Class/03_Escape/Escape/Saved/NewMap_BuildDataC588C55C4224F189FAE250822C8CC439.tmp' to '../../../../My Documents/Repos/Unreal Class/03_Escape/Escape/Content/NewMap_BuildData.umap'
[2018.04.01-08.52.36:527][700]LogSavePackage: Display: Finished SavePackage ../../../../My Documents/Repos/Unreal Class/03_Escape/Escape/Content/NewMap_BuildData.umap
[2018.04.01-08.52.53:496][728]LogEditorViewport: Clicking on Actor (LMB): SpotLight (SpotLight)
[2018.04.01-08.53.15:833][397]LogSlate: Took 0.012813 seconds to synchronously load lazily loaded font '../../../Engine/Content/Editor/Slate/Fonts/Roboto-Italic.ttf' (157K)
[2018.04.01-08.53.27:413][785]Cmd: TRANSACTION UNDO
[2018.04.01-08.53.27:413][785]LogEditorTransaction: Undo Edit Light Color
[2018.04.01-08.53.27:422][785]LogSlate: Took 0.002072 seconds to synchronously load lazily loaded font '../../../Engine/Content/Slate/Fonts/Roboto-Light.ttf' (159K)
[2018.04.01-08.53.54:156][992]LogTemp: Repeating last play command: Selected Viewport
[2018.04.01-08.53.54:181][992]LogPlayLevel: PlayLevel: No blueprints needed recompiling
[2018.04.01-08.53.54:181][992]PIE: New page: PIE session: NewMap_BuildData (Mar 31, 2018, 6:53:54 PM)
[2018.04.01-08.53.54:181][992]LogPlayLevel: Creating play world package: /Game/UEDPIE_0_NewMap_BuildData
[2018.04.01-08.53.54:184][992]LogPlayLevel: PIE: StaticDuplicateObject took: (0.002964s)
[2018.04.01-08.53.54:184][992]LogAIModule: Creating AISystem for world NewMap_BuildData
[2018.04.01-08.53.54:185][992]LogPlayLevel: PIE: World Init took: (0.000560s)
[2018.04.01-08.53.54:185][992]LogPlayLevel: PIE: Created PIE world by copying editor world from /Game/NewMap_BuildData.NewMap_BuildData to /Game/UEDPIE_0_NewMap_BuildData.NewMap_BuildData (0.003747s)
[2018.04.01-08.53.54:195][992]LogInit: XAudio2 using 'Speakers (High Definition Audio Device)' : 2 channels at 48 kHz using 16 bits per sample (channel mask 0x3)
[2018.04.01-08.53.54:200][992]LogInit: FAudioDevice initialized.
[2018.04.01-08.53.54:242][992]LogUObjectGlobals: Warning: Failed to find object 'Class /Script/Escape.EscapeGameMode'
[2018.04.01-08.53.54:242][992]LogLoad: Game class is 'GameModeBase'
[2018.04.01-08.53.54:243][992]LogWorld: Bringing World /Game/UEDPIE_0_NewMap_BuildData.NewMap_BuildData up for play (max tick rate 0) at 2018.04.01-01.53.54
[2018.04.01-08.53.54:243][992]LogWorld: Bringing up level for play took: 0.000866
[2018.04.01-08.53.54:267][992]LogContentBrowser: Native class hierarchy updated for 'MovieSceneCapture' in 0.0004 seconds. Added 11 classes and 0 folders.
[2018.04.01-08.53.54:267][992]LogTemp: Warning: SM_Chair_2 is at X=-320.000 Y=344.092 Z=20.000
[2018.04.01-08.53.54:267][992]LogTemp: Warning: SM_TableRound_2 is at X=-210.000 Y=350.000 Z=20.000
[2018.04.01-08.53.54:268][992]PIE: Play in editor start time for /Game/UEDPIE_0_NewMap_BuildData -0.326
[2018.04.01-08.54.29:921][267]Set new viewmode: Lit_DetailLighting
[2018.04.01-08.54.31:488][455]Set new viewmode: Lit_DetailLighting
[2018.04.01-08.54.47:096][328]Set new viewmode: Lit_DetailLighting
[2018.04.01-08.54.52:067][906]LogEditorViewport: Clicking on Actor (LMB): StaticMeshActor (SM_TableRound)
[2018.04.01-08.54.53:237][ 31]LogEditorViewport: Clicking on Actor (context menu): StaticMeshActor (SM_TableRound)
[2018.04.01-08.58.36:013][397]LogEditorViewport: Clicking on Actor (LMB): StaticMeshActor (SM_TableRound)
[2018.04.01-08.58.36:636][468]LogEditorViewport: Clicking on Actor (context menu): StaticMeshActor (SM_TableRound)
[2018.04.01-08.59.46:187][775]Cmd: OBJ SAVEPACKAGE PACKAGE="/Game/StarterContent/Props/SM_TableRound" FILE="../../../../My Documents/Repos/Unreal Class/03_Escape/Escape/Content/StarterContent/Props/SM_TableRound.uasset" SILENT=true
[2018.04.01-08.59.46:410][775]LogSavePackage: Save=217.52ms
[2018.04.01-08.59.46:410][775]LogSavePackage: Moving '../../../../My Documents/Repos/Unreal Class/03_Escape/Escape/Saved/SM_TableRoundF75F76FA4BA621DCABED12A9B37E3ABD.tmp' to '../../../../My Documents/Repos/Unreal Class/03_Escape/Escape/Content/StarterContent/Props/SM_TableRound.uasset'
[2018.04.01-08.59.46:411][775]LogSavePackage: Display: Finished SavePackage ../../../../My Documents/Repos/Unreal Class/03_Escape/Escape/Content/StarterContent/Props/SM_TableRound.uasset
[2018.04.01-09.00.16:071][296]MapCheck: New page: Map Check
[2018.04.01-09.00.16:080][296]Cmd: MAP REBUILD ALLVISIBLE
[2018.04.01-09.00.16:080][296]LogEditorServer: Rebuildmap Clear paths rebuilt
[2018.04.01-09.00.16:129][296]LogMaterial: Missing cached shader map for material FDebugViewModeMaterialProxy WorldGridMaterial, compiling. Is special engine material.
[2018.04.01-09.00.16:134][296]LogMaterial: Missing cached shader map for material FDebugViewModeMaterialProxy MaterialInstanceDynamic_2, compiling. 
[2018.04.01-09.00.16:139][296]LogMaterial: Missing cached shader map for material FDebugViewModeMaterialProxy M_Chair, compiling. 
[2018.04.01-09.00.16:143][296]LogMaterial: Missing cached shader map for material FDebugViewModeMaterialProxy M_TableRound, compiling. 
[2018.04.01-09.00.16:147][296]LogMaterial: Missing cached shader map for material FDebugViewModeMaterialProxy M_Ceramic_Tile_Checker, compiling. 
[2018.04.01-09.00.16:151][296]LogMaterial: Missing cached shader map for material FDebugViewModeMaterialProxy M_Frame, compiling. 
[2018.04.01-09.00.16:155][296]LogMaterial: Missing cached shader map for material FDebugViewModeMaterialProxy M_Door, compiling. 
[2018.04.01-09.00.16:160][296]LogMaterial: Missing cached shader map for material FDebugViewModeMaterialProxy M_Glass, compiling. 
[2018.04.01-09.00.16:164][296]LogMaterial: Missing cached shader map for material FDebugViewModeMaterialProxy M_Concrete_Tiles, compiling. 
[2018.04.01-09.00.16:168][296]LogMaterial: Missing cached shader map for material FDebugViewModeMaterialProxy My_Concrete_Tiles_2, compiling. 
[2018.04.01-09.00.16:172][296]LogMaterial: Missing cached shader map for material FDebugViewModeMaterialProxy My_Concrete_Tiles_3, compiling. 
[2018.04.01-09.00.16:177][296]LogMaterial: Missing cached shader map for material FDebugViewModeMaterialProxy My_Concrete_Tiles_4, compiling. 
[2018.04.01-09.00.16:181][296]LogMaterial: Missing cached shader map for material FDebugViewModeMaterialProxy My_Concrete_Tiles_5, compiling. 
[2018.04.01-09.00.16:185][296]LogMaterial: Missing cached shader map for material FDebugViewModeMaterialProxy My_Ceiling_Mat, compiling. 
[2018.04.01-09.00.17:549][296]TextureStreamingBuild: Display: Compiling optional shaders took 1.424 seconds.
[2018.04.01-09.00.17:566][296]LogLevel: Display: Export Material TexCoord Scales took 0.017 seconds.
[2018.04.01-09.00.17:570][296]TextureStreamingBuild: Display: Build Texture Streaming took 0.004 seconds.
[2018.04.01-09.00.17:577][296]LightingResults: New page: Lighting Build - Mar 31, 2018, 7:00:17 PM
[2018.04.01-09.00.17:637][296]LogSwarmInterface: [OpenConnection] Registering TCP channel ...
[2018.04.01-09.00.17:884][296]LogSwarmInterface: [OpenConnection] Connecting to agent ...
[2018.04.01-09.00.17:967][296]LogSwarmInterface: [TryOpenConnection] Testing the Agent
[2018.04.01-09.00.18:568][296]LogSwarmInterface: [TryOpenConnection] Opening Connection to Agent
[2018.04.01-09.00.18:568][296]LogSwarmInterface: [TryOpenConnection] Local Process ID is 4624
[2018.04.01-09.00.20:936][296]LogStaticLightingSystem: Warning: No importance volume found, so the scene bounding box was used.  You can optimize your scene's quality and lighting build times by adding importance volumes.
[2018.04.01-09.00.20:937][296]LogStaticLightingSystem: Running Lightmass w/ ImmediateImport mode ENABLED
[2018.04.01-09.00.20:937][296]LogStaticLightingSystem: Running Lightmass w/ ImmediateProcess mode ENABLED
[2018.04.01-09.00.20:937][296]LogStaticLightingSystem: Running Lightmass w/ Sorting mode ENABLED
[2018.04.01-09.00.20:937][296]LogStaticLightingSystem: Running Lightmass w/ Mapping paddings ENABLED
[2018.04.01-09.00.20:937][296]LogStaticLightingSystem: Running Lightmass w/ Mapping debug paddings DISABLED
[2018.04.01-09.00.21:019][296]Cmd: MAP CHECK DONTDISPLAYDIALOG
[2018.04.01-09.00.21:019][296]MapCheck: New page: NewMap_BuildData - Mar 31, 2018, 7:00:21 PM
[2018.04.01-09.00.21:020][296]MapCheck: Error: WorldSettings_1 Maps need lighting rebuilt 
[2018.04.01-09.00.21:062][296]MapCheck: Map check complete: 1 Error(s), 0 Warning(s), took 43.24ms to complete.
[2018.04.01-09.00.21:084][296]LogEditorBuildUtils: Build time 0:05
[2018.04.01-09.00.23:062][454]Job is a success!
[2018.04.01-09.00.23:100][455]LogVolumetricLightmapImport: Imported Volumetric Lightmap in 0.007s
[2018.04.01-09.00.23:100][455]LogVolumetricLightmapImport:      Indirection Texture 16x16x16 = 0.0Mb
[2018.04.01-09.00.23:100][455]LogVolumetricLightmapImport:      BrickData 95x5x5 = 0.1Mb
[2018.04.01-09.00.23:100][455]LogVolumetricLightmapImport:      Bricks at Level
[2018.04.01-09.00.23:100][455]LogVolumetricLightmapImport:          0: 5.3% covering 100.0% of volume
[2018.04.01-09.00.23:100][455]LogVolumetricLightmapImport:          1: 5.3% covering 1.6% of volume
[2018.04.01-09.00.23:100][455]LogVolumetricLightmapImport:          2: 89.5% covering 0.4% of volume
[2018.04.01-09.00.23:313][455]LogTexture: Display: Building textures: HQ_Lightmap0_1 (AutoDXT, 1024X1024)
[2018.04.01-09.00.23:313][455]LogTexture: Display: Building textures: LQ_Lightmap_0_1 (DXT1, 1024X1024)
[2018.04.01-09.00.23:313][455]LogTexture: Display: Building textures: HQ_Lightmap0_2 (AutoDXT, 64X64)
[2018.04.01-09.00.23:313][455]LogTexture: Display: Building textures: LQ_Lightmap_0_2 (DXT1, 64X64)
[2018.04.01-09.00.23:313][455]LogTexture: Display: Building textures: ShadowMapTexture2D_1 (G8, 32X32)
[2018.04.01-09.00.23:316][455]LogTexture: Display: Building textures: ShadowMapTexture2D_0 (BGRA8, 1024X256)
[2018.04.01-09.00.23:353][455]Lightmass on DESKTOP-DBDP50N: 1.64 sec total, 108 ms importing, 21 ms setup, 416 ms photons, 1.07 sec processing, 0 ms extra exporting [13/13 mappings]. Threads: 7.37 sec total, 3.75 sec processing.
[2018.04.01-09.00.23:369][455]LogStaticLightingSystem: Illumination: 5.78 sec (162 ms encoding lightmaps, 43 ms encoding shadowmaps)
[2018.04.01-09.00.23:369][455]LogStaticLightingSystem: Lightmap texture memory:  2.0 MB (2.0 MB streaming, 0.0 MB non-streaming), 4 textures
[2018.04.01-09.00.23:369][455]LogStaticLightingSystem: Shadowmap texture memory: 1.3 MB (1.3 MB streaming, 0.0 MB non-streaming), 2 textures
[2018.04.01-09.00.23:941][455]DumpUnbuiltLightIteractions
[2018.04.01-09.00.23:942][455]Lights with unbuilt interactions: 0
[2018.04.01-09.00.23:942][455]
[2018.04.01-09.00.23:942][455]Primitives with unbuilt interactions: 0
[2018.04.01-09.00.23:974][456]Cmd: MAP CHECK NOTIFYRESULTS
[2018.04.01-09.00.23:974][456]MapCheck: New page: NewMap_BuildData - Mar 31, 2018, 7:00:23 PM
[2018.04.01-09.00.24:008][456]MapCheck: Map check complete: 0 Error(s), 0 Warning(s), took 34.252ms to complete.
[2018.04.01-09.00.30:127][190]LogTemp: Repeating last play command: Selected Viewport
[2018.04.01-09.00.30:135][190]LogPlayLevel: PlayLevel: No blueprints needed recompiling
[2018.04.01-09.00.30:135][190]PIE: New page: PIE session: NewMap_BuildData (Mar 31, 2018, 7:00:30 PM)
[2018.04.01-09.00.30:135][190]LogPlayLevel: Creating play world package: /Game/UEDPIE_0_NewMap_BuildData
[2018.04.01-09.00.30:137][190]LogPlayLevel: PIE: StaticDuplicateObject took: (0.002002s)
[2018.04.01-09.00.30:137][190]LogAIModule: Creating AISystem for world NewMap_BuildData
[2018.04.01-09.00.30:138][190]LogPlayLevel: PIE: World Init took: (0.000480s)
[2018.04.01-09.00.30:138][190]LogPlayLevel: PIE: Created PIE world by copying editor world from /Game/NewMap_BuildData.NewMap_BuildData to /Game/UEDPIE_0_NewMap_BuildData.NewMap_BuildData (0.002693s)
[2018.04.01-09.00.30:147][190]LogInit: XAudio2 using 'Speakers (High Definition Audio Device)' : 2 channels at 48 kHz using 16 bits per sample (channel mask 0x3)
[2018.04.01-09.00.30:152][190]LogInit: FAudioDevice initialized.
[2018.04.01-09.00.30:178][190]LogLoad: Game class is 'GameModeBase'
[2018.04.01-09.00.30:179][190]LogWorld: Bringing World /Game/UEDPIE_0_NewMap_BuildData.NewMap_BuildData up for play (max tick rate 0) at 2018.04.01-02.00.30
[2018.04.01-09.00.30:179][190]LogWorld: Bringing up level for play took: 0.000817
[2018.04.01-09.00.30:180][190]LogTemp: Warning: SM_Chair_2 is at X=-320.000 Y=344.092 Z=20.000
[2018.04.01-09.00.30:180][190]LogTemp: Warning: SM_TableRound_2 is at X=-210.000 Y=350.000 Z=20.000
[2018.04.01-09.00.30:180][190]PIE: Play in editor start time for /Game/UEDPIE_0_NewMap_BuildData -0.413
[2018.04.01-09.00.48:634][389]LogEditorViewport: Clicking on Actor (LMB): StaticMeshActor (SM_TableRound)
[2018.04.01-09.00.49:574][498]LogEditorViewport: Clicking on Actor (context menu): StaticMeshActor (SM_TableRound)
[2018.04.01-09.01.58:023][671]LogStaticMesh: Building static mesh SM_TableRound...
[2018.04.01-09.01.58:052][671]LogStaticMesh: Built static mesh [0.03s] /Game/StarterContent/Props/SM_TableRound.SM_TableRound
[2018.04.01-09.06.20:817][923]Cmd: OBJ SAVEPACKAGE PACKAGE="/Game/StarterContent/Props/SM_TableRound" FILE="../../../../My Documents/Repos/Unreal Class/03_Escape/Escape/Content/StarterContent/Props/SM_TableRound.uasset" SILENT=true
[2018.04.01-09.06.20:830][923]LogSavePackage: Save=7.66ms
[2018.04.01-09.06.20:830][923]LogSavePackage: Moving '../../../../My Documents/Repos/Unreal Class/03_Escape/Escape/Saved/SM_TableRound0F7CF9324A664AE658DD73B536089941.tmp' to '../../../../My Documents/Repos/Unreal Class/03_Escape/Escape/Content/StarterContent/Props/SM_TableRound.uasset'
[2018.04.01-09.06.20:831][923]LogSavePackage: Display: Finished SavePackage ../../../../My Documents/Repos/Unreal Class/03_Escape/Escape/Content/StarterContent/Props/SM_TableRound.uasset
[2018.04.01-09.06.24:375][340]LogTemp: Repeating last play command: Selected Viewport
[2018.04.01-09.06.24:382][340]LogPlayLevel: PlayLevel: No blueprints needed recompiling
[2018.04.01-09.06.24:383][340]PIE: New page: PIE session: NewMap_BuildData (Mar 31, 2018, 7:06:24 PM)
[2018.04.01-09.06.24:383][340]LogPlayLevel: Creating play world package: /Game/UEDPIE_0_NewMap_BuildData
[2018.04.01-09.06.24:385][340]LogPlayLevel: PIE: StaticDuplicateObject took: (0.002137s)
[2018.04.01-09.06.24:385][340]LogAIModule: Creating AISystem for world NewMap_BuildData
[2018.04.01-09.06.24:386][340]LogPlayLevel: PIE: World Init took: (0.000687s)
[2018.04.01-09.06.24:386][340]LogPlayLevel: PIE: Created PIE world by copying editor world from /Game/NewMap_BuildData.NewMap_BuildData to /Game/UEDPIE_0_NewMap_BuildData.NewMap_BuildData (0.003054s)
[2018.04.01-09.06.24:396][340]LogInit: XAudio2 using 'Speakers (High Definition Audio Device)' : 2 channels at 48 kHz using 16 bits per sample (channel mask 0x3)
[2018.04.01-09.06.24:401][340]LogInit: FAudioDevice initialized.
[2018.04.01-09.06.24:430][340]LogLoad: Game class is 'GameModeBase'
[2018.04.01-09.06.24:431][340]LogWorld: Bringing World /Game/UEDPIE_0_NewMap_BuildData.NewMap_BuildData up for play (max tick rate 0) at 2018.04.01-02.06.24
[2018.04.01-09.06.24:431][340]LogWorld: Bringing up level for play took: 0.000770
[2018.04.01-09.06.24:432][340]LogTemp: Warning: SM_Chair_2 is at X=-320.000 Y=344.092 Z=20.000
[2018.04.01-09.06.24:432][340]LogTemp: Warning: SM_TableRound_2 is at X=-210.000 Y=350.000 Z=20.000
[2018.04.01-09.06.24:432][340]PIE: Play in editor start time for /Game/UEDPIE_0_NewMap_BuildData -0.161
[2018.04.01-09.07.00:067][600]LogEditorViewport: Clicking on Actor (LMB): StaticMeshActor (SM_TableRound)
[2018.04.01-09.07.06:632][383]LogEditorViewport: Clicking on Actor (LMB): StaticMeshActor (SM_Chair)
[2018.04.01-09.07.14:333][303]LogEditorViewport: Clicking on Actor (LMB): StaticMeshActor (SM_TableRound)
[2018.04.01-09.07.22:261][250]LogEditorViewport: Clicking on Actor (LMB): StaticMeshActor (SM_Chair)
[2018.04.01-09.07.27:277][848]LogEditorViewport: Clicking on Actor (LMB): StaticMeshActor (SM_TableRound)
[2018.04.01-09.07.45:544][ 36]LogEditorViewport: Clicking on Actor (LMB): StaticMeshActor (SM_Chair)
[2018.04.01-09.07.49:636][523]LogEditorViewport: Clicking on Actor (LMB): StaticMeshActor (SM_TableRound)
[2018.04.01-09.08.06:362][525]LogEditorViewport: Clicking on Actor (LMB): StaticMeshActor (SM_Chair)
[2018.04.01-09.08.16:222][704]LogEditorViewport: Clicking on Actor (LMB): StaticMeshActor (SM_TableRound)
[2018.04.01-09.08.23:583][583]LogEditorViewport: Clicking on Actor (LMB): StaticMeshActor (SM_Chair)
[2018.04.01-09.08.24:510][690]LogEditorViewport: Clicking on Actor (context menu): StaticMeshActor (SM_Chair)
[2018.04.01-09.09.16:788][930]LogEditorViewport: Clicking on Actor (LMB): StaticMeshActor (SM_TableRound)
[2018.04.01-09.09.17:430][  3]LogEditorViewport: Clicking on Actor (context menu): StaticMeshActor (SM_TableRound)
[2018.04.01-09.09.43:821][136]LogEditorViewport: Clicking on Actor (context menu): StaticMeshActor (SM_TableRound)
[2018.04.01-09.09.50:372][914]Cmd: DELETE
[2018.04.01-09.09.50:372][914]Cmd: ACTOR DELETE
[2018.04.01-09.09.50:373][914]LogEditorActor: Deleted Actor: StaticMeshActor
[2018.04.01-09.09.50:381][914]LogEditorActor: Deleted 1 Actors (0.009 secs)
[2018.04.01-09.11.04:683][812]LogActorFactory: Actor Factory created SM_TableRound
[2018.04.01-09.11.44:947][643]LogActorFactory: Actor Factory created SM_TableRound
[2018.04.01-09.11.46:542][834]LogActorFactory: Actor Factory created SM_TableRound
[2018.04.01-09.13.35:506][904]LogEditorViewport: Clicking on Actor (LMB): StaticMeshActor (SM_Chair)
[2018.04.01-09.13.47:758][370]LogEditorViewport: Clicking on Actor (LMB): StaticMeshActor (SM_TableRound)
[2018.04.01-09.13.55:575][303]LogEditorViewport: Clicking on Actor (double click): StaticMeshActor (SM_Chair)
[2018.04.01-09.13.58:810][688]LogEditorViewport: Clicking on Actor (LMB): StaticMeshActor (SM_TableRound)
[2018.04.01-09.14.27:176][ 87]LogEditorViewport: Clicking on Actor (LMB): StaticMeshActor (Floor_400x400)
[2018.04.01-09.14.33:408][829]LogTemp: Repeating last play command: Selected Viewport
[2018.04.01-09.14.33:416][829]LogPlayLevel: PlayLevel: No blueprints needed recompiling
[2018.04.01-09.14.33:416][829]PIE: New page: PIE session: NewMap_BuildData (Mar 31, 2018, 7:14:33 PM)
[2018.04.01-09.14.33:416][829]LogPlayLevel: Creating play world package: /Game/UEDPIE_0_NewMap_BuildData
[2018.04.01-09.14.33:418][829]LogPlayLevel: PIE: StaticDuplicateObject took: (0.002232s)
[2018.04.01-09.14.33:419][829]LogAIModule: Creating AISystem for world NewMap_BuildData
[2018.04.01-09.14.33:419][829]LogPlayLevel: PIE: World Init took: (0.000786s)
[2018.04.01-09.14.33:419][829]LogPlayLevel: PIE: Created PIE world by copying editor world from /Game/NewMap_BuildData.NewMap_BuildData to /Game/UEDPIE_0_NewMap_BuildData.NewMap_BuildData (0.003252s)
[2018.04.01-09.14.33:429][829]LogInit: XAudio2 using 'Speakers (High Definition Audio Device)' : 2 channels at 48 kHz using 16 bits per sample (channel mask 0x3)
[2018.04.01-09.14.33:435][829]LogInit: FAudioDevice initialized.
[2018.04.01-09.14.33:467][829]LogLoad: Game class is 'GameModeBase'
[2018.04.01-09.14.33:468][829]LogWorld: Bringing World /Game/UEDPIE_0_NewMap_BuildData.NewMap_BuildData up for play (max tick rate 0) at 2018.04.01-02.14.33
[2018.04.01-09.14.33:469][829]LogWorld: Bringing up level for play took: 0.000813
[2018.04.01-09.14.33:469][829]LogTemp: Warning: SM_Chair_2 is at X=-320.000 Y=344.092 Z=20.000
[2018.04.01-09.14.33:469][829]PIE: Play in editor start time for /Game/UEDPIE_0_NewMap_BuildData 0.876
[2018.04.01-09.14.59:369][921]LogWindows: LaunchURL http://forums.unrealengine.com
[2018.04.01-09.15.24:401][ 14]LogSavePackage: Save=93.50ms
[2018.04.01-09.15.24:401][ 14]LogSavePackage: Moving '../../../../My Documents/Repos/Unreal Class/03_Escape/Escape/Saved/NewMap_BuildData_Auto1D91D1DA44C862E05AB5809BDDF6ADAF2.tmp' to '../../../../My Documents/Repos/Unreal Class/03_Escape/Escape/Saved/Autosaves/Game/NewMap_BuildData_Auto1.umap'
[2018.04.01-09.15.24:401][ 14]LogSavePackage: Display: Finished SavePackage ../../../../My Documents/Repos/Unreal Class/03_Escape/Escape/Saved/Autosaves/Game/NewMap_BuildData_Auto1.umap
[2018.04.01-09.15.24:402][ 14]LogFileHelpers: Editor autosave (incl. sublevels) for '/Game/NewMap_BuildData' took 0.168
[2018.04.01-09.15.24:402][ 14]LogFileHelpers: Editor autosave (incl. sublevels) for all levels took 0.168
[2018.04.01-09.15.24:403][ 14]OBJ SavePackage: Generating thumbnails for [0] asset(s) in package [/Game/NewMap_BuildData_BuiltData] ([1] browsable assets)...
[2018.04.01-09.15.24:403][ 14]OBJ SavePackage: Finished generating thumbnails for package [/Game/NewMap_BuildData_BuiltData]
[2018.04.01-09.15.24:422][ 14]LogSavePackage: Save=7.09ms
[2018.04.01-09.15.24:422][ 14]LogSavePackage: Moving '../../../../My Documents/Repos/Unreal Class/03_Escape/Escape/Saved/NewMap_BuildData_BuiltData_Auto1DA75ADEB42A7E18F117A2F869DB6B40F.tmp' to '../../../../My Documents/Repos/Unreal Class/03_Escape/Escape/Saved/Autosaves/Game/NewMap_BuildData_BuiltData_Auto1.uasset'
[2018.04.01-09.15.24:423][ 14]LogSavePackage: Display: Finished SavePackage ../../../../My Documents/Repos/Unreal Class/03_Escape/Escape/Saved/Autosaves/Game/NewMap_BuildData_BuiltData_Auto1.uasset
[2018.04.01-09.15.24:423][ 14]LogFileHelpers: Auto-saving content packages took 0.020
[2018.04.01-14.50.53:443][745]Cmd: OBJ SAVEPACKAGE PACKAGE="/Game/NewMap_BuildData" FILE="../../../../My Documents/Repos/Unreal Class/03_Escape/Escape/Content/NewMap_BuildData.umap" SILENT=true AUTOSAVING=false KEEPDIRTY=false
[2018.04.01-14.50.53:782][745]LogSavePackage: Save=328.16ms
[2018.04.01-14.50.53:782][745]LogSavePackage: Moving '../../../../My Documents/Repos/Unreal Class/03_Escape/Escape/Saved/NewMap_BuildData53024B70411213068E5FA49B153ACE38.tmp' to '../../../../My Documents/Repos/Unreal Class/03_Escape/Escape/Content/NewMap_BuildData.umap'
[2018.04.01-14.50.53:783][745]LogSavePackage: Display: Finished SavePackage ../../../../My Documents/Repos/Unreal Class/03_Escape/Escape/Content/NewMap_BuildData.umap
[2018.04.01-14.50.53:794][745]LogFileHelpers: Saving map 'NewMap_BuildData' took 0.391
[2018.04.01-14.50.53:795][745]Cmd: OBJ SAVEPACKAGE PACKAGE="/Game/NewMap_BuildData_BuiltData" FILE="../../../../My Documents/Repos/Unreal Class/03_Escape/Escape/Content/NewMap_BuildData_BuiltData.uasset" SILENT=true
[2018.04.01-14.50.53:840][745]LogSavePackage: Save=44.64ms
[2018.04.01-14.50.53:840][745]LogSavePackage: Moving '../../../../My Documents/Repos/Unreal Class/03_Escape/Escape/Saved/NewMap_BuildData_BuiltData9E0957CF4E11E76932C35A8B2EE72801.tmp' to '../../../../My Documents/Repos/Unreal Class/03_Escape/Escape/Content/NewMap_BuildData_BuiltData.uasset'
[2018.04.01-14.50.53:841][745]LogSavePackage: Display: Finished SavePackage ../../../../My Documents/Repos/Unreal Class/03_Escape/Escape/Content/NewMap_BuildData_BuiltData.uasset
[2018.04.01-14.50.54:025][746]Cmd: QUIT_EDITOR
[2018.04.01-14.50.55:034][746]LogWindowsTextInputMethodSystem: Display: IME system now deactivated.
[2018.04.01-14.50.55:041][746]LogExit: Preparing to exit.
[2018.04.01-14.50.55:209][746]LogActorComponent: UnregisterComponent: (None.None) Not registered. Aborting.
[2018.04.01-14.50.55:209][746]LogActorComponent: UnregisterComponent: (None.None) Not registered. Aborting.
[2018.04.01-14.50.55:209][746]LogActorComponent: UnregisterComponent: (None.None) Not registered. Aborting.
[2018.04.01-14.50.55:213][746]LogDirectoryWatcher: A directory notification failed for 'D:/My Documents/Repos/Unreal Class/03_Escape/Escape/Content/', and we were unable to create a new request.
[2018.04.01-14.50.55:224][746]LogExit: Editor shut down
[2018.04.01-14.50.55:226][746]LogExit: Transaction tracking system shut down
[2018.04.01-14.50.55:409][746]LogDirectoryWatcher: A directory notification for '../../../Engine/Content/' was aborted.
[2018.04.01-14.50.55:409][746]LogDirectoryWatcher: A directory notification for '../../../../My Documents/Repos/Unreal Class/03_Escape/Escape/Content/' was aborted.
[2018.04.01-14.50.55:409][746]LogDirectoryWatcher: A directory notification for '../../../Engine/Plugins/2D/Paper2D/Content/' was aborted.
[2018.04.01-14.50.55:409][746]LogDirectoryWatcher: A directory notification for '../../../Engine/Plugins/Media/MediaCompositing/Content/' was aborted.
[2018.04.01-14.50.55:409][746]LogDirectoryWatcher: A directory notification for '../../../Engine/Plugins/Runtime/AppleARKit/Content/' was aborted.
[2018.04.01-14.50.55:409][746]LogDirectoryWatcher: A directory notification for '../../../Engine/Plugins/Runtime/Oculus/OculusVR/Content/' was aborted.
[2018.04.01-14.50.55:409][746]LogDirectoryWatcher: A directory notification for '../../../Engine/Plugins/Runtime/Steam/SteamVR/Content/' was aborted.
[2018.04.01-14.50.55:440][746]LogExit: Object subsystem successfully closed.
[2018.04.01-14.50.55:454][746]LogD3D11RHI: Shutdown
[2018.04.01-14.50.55:454][746]LogD3D11RHI: CleanupD3DDevice
[2018.04.01-14.50.55:457][746]LogD3D11RHI: ~FD3D11DynamicRHI
[2018.04.01-14.50.55:462][746]LogModuleManager: Shutting down and abandoning module HierarchicalLODUtilities (556)
[2018.04.01-14.50.55:462][746]LogModuleManager: Shutting down and abandoning module StaticMeshEditor (554)
[2018.04.01-14.50.55:462][746]LogModuleManager: Shutting down and abandoning module MovieSceneCapture (552)
[2018.04.01-14.50.55:462][746]LogModuleManager: Shutting down and abandoning module StatsViewer (550)
[2018.04.01-14.50.55:462][746]LogModuleManager: Shutting down and abandoning module HierarchicalLODOutliner (548)
[2018.04.01-14.50.55:462][746]LogModuleManager: Shutting down and abandoning module DesktopPlatform (546)
[2018.04.01-14.50.55:462][746]LogModuleManager: Shutting down and abandoning module SceneOutliner (544)
[2018.04.01-14.50.55:462][746]LogModuleManager: Shutting down and abandoning module AddContentDialog (542)
[2018.04.01-14.50.55:462][746]LogDirectoryWatcher: A directory notification for 'D:/UE_4.18/FeaturePacks/' was aborted.
[2018.04.01-14.50.55:463][746]LogModuleManager: Shutting down and abandoning module WidgetCarousel (541)
[2018.04.01-14.50.55:463][746]LogModuleManager: Shutting down and abandoning module EditorWidgets (538)
[2018.04.01-14.50.55:463][746]LogModuleManager: Shutting down and abandoning module CollectionManager (536)
[2018.04.01-14.50.55:463][746]LogDirectoryWatcher: A directory notification for 'D:/My Documents/Repos/Unreal Class/03_Escape/Escape/Content/Collections/' was aborted.
[2018.04.01-14.50.55:463][746]LogDirectoryWatcher: A directory notification for 'D:/My Documents/Repos/Unreal Class/03_Escape/Escape/Content/Developers/ashee/Collections/' was aborted.
[2018.04.01-14.50.55:463][746]LogDirectoryWatcher: A directory notification for 'D:/My Documents/Repos/Unreal Class/03_Escape/Escape/Saved/Collections/' was aborted.
[2018.04.01-14.50.55:463][746]LogModuleManager: Shutting down and abandoning module FoliageEdit (534)
[2018.04.01-14.50.55:463][746]LogModuleManager: Shutting down and abandoning module LandscapeEditor (532)
[2018.04.01-14.50.55:463][746]LogModuleManager: Shutting down and abandoning module MeshPaintMode (530)
[2018.04.01-14.50.55:463][746]LogModuleManager: Shutting down and abandoning module SceneDepthPickerMode (528)
[2018.04.01-14.50.55:463][746]LogModuleManager: Shutting down and abandoning module ActorPickerMode (526)
[2018.04.01-14.50.55:463][746]LogModuleManager: Shutting down and abandoning module GeometryMode (524)
[2018.04.01-14.50.55:463][746]LogModuleManager: Shutting down and abandoning module TextureAlignMode (522)
[2018.04.01-14.50.55:463][746]LogModuleManager: Shutting down and abandoning module BspMode (520)
[2018.04.01-14.50.55:463][746]LogModuleManager: Shutting down and abandoning module PIEPreviewDeviceProfileSelector (518)
[2018.04.01-14.50.55:463][746]LogModuleManager: Shutting down and abandoning module HardwareSurvey (516)
[2018.04.01-14.50.55:463][746]LogModuleManager: Shutting down and abandoning module SequenceRecorderSections (514)
[2018.04.01-14.50.55:463][746]LogModuleManager: Shutting down and abandoning module AutomationWorker (512)
[2018.04.01-14.50.55:463][746]LogModuleManager: Shutting down and abandoning module MatineeToLevelSequence (510)
[2018.04.01-14.50.55:463][746]LogModuleManager: Shutting down and abandoning module LevelSequenceEditor (508)
[2018.04.01-14.50.55:463][746]LogModuleManager: Shutting down and abandoning module PlacementMode (507)
[2018.04.01-14.50.55:463][746]LogModuleManager: Shutting down and abandoning module WmfMediaFactory (504)
[2018.04.01-14.50.55:463][746]LogModuleManager: Shutting down and abandoning module WmfMediaEditor (502)
[2018.04.01-14.50.55:463][746]LogModuleManager: Shutting down and abandoning module OpenExrWrapper (500)
[2018.04.01-14.50.55:463][746]LogModuleManager: Shutting down and abandoning module ImgMediaFactory (498)
[2018.04.01-14.50.55:463][746]LogModuleManager: Shutting down and abandoning module ImgMediaEditor (496)
[2018.04.01-14.50.55:464][746]LogModuleManager: Shutting down and abandoning module AvfMediaFactory (494)
[2018.04.01-14.50.55:464][746]LogModuleManager: Shutting down and abandoning module AvfMediaEditor (492)
[2018.04.01-14.50.55:464][746]LogModuleManager: Shutting down and abandoning module AndroidMediaFactory (490)
[2018.04.01-14.50.55:464][746]LogModuleManager: Shutting down and abandoning module AndroidMediaEditor (488)
[2018.04.01-14.50.55:464][746]LogModuleManager: Shutting down and abandoning module CharacterAI (486)
[2018.04.01-14.50.55:464][746]LogModuleManager: Shutting down and abandoning module AudioCapture (484)
[2018.04.01-14.50.55:464][746]LogModuleManager: Shutting down and abandoning module SequenceRecorder (483)
[2018.04.01-14.50.55:464][746]LogModuleManager: Shutting down and abandoning module SmartSnapping (480)
[2018.04.01-14.50.55:464][746]LogModuleManager: Shutting down and abandoning module SessionServices (478)
[2018.04.01-14.50.55:464][746]LogModuleManager: Shutting down and abandoning module ViewportSnapping (476)
[2018.04.01-14.50.55:464][746]LogModuleManager: Shutting down and abandoning module ViewportInteraction (474)
[2018.04.01-14.50.55:464][746]LogModuleManager: Shutting down and abandoning module ClothPainter (472)
[2018.04.01-14.50.55:464][746]LogModuleManager: Shutting down and abandoning module SkeletalMeshEditor (471)
[2018.04.01-14.50.55:464][746]LogModuleManager: Shutting down and abandoning module LogVisualizer (468)
[2018.04.01-14.50.55:464][746]LogModuleManager: Shutting down and abandoning module IntroTutorials (466)
[2018.04.01-14.50.55:464][746]LogModuleManager: Shutting down and abandoning module GameProjectGeneration (465)
[2018.04.01-14.50.55:464][746]LogModuleManager: Shutting down and abandoning module IOSPlatformEditor (462)
[2018.04.01-14.50.55:464][746]LogModuleManager: Shutting down and abandoning module HTML5PlatformEditor (460)
[2018.04.01-14.50.55:464][746]LogModuleManager: Shutting down and abandoning module AndroidPlatformEditor (458)
[2018.04.01-14.50.55:464][746]LogModuleManager: Shutting down and abandoning module AndroidDeviceDetection (457)
[2018.04.01-14.50.55:771][746]LogModuleManager: Shutting down and abandoning module WindowsPlatformEditor (454)
[2018.04.01-14.50.55:771][746]LogModuleManager: Shutting down and abandoning module IOSRuntimeSettings (452)
[2018.04.01-14.50.55:771][746]LogModuleManager: Shutting down and abandoning module AndroidRuntimeSettings (450)
[2018.04.01-14.50.55:771][746]LogModuleManager: Shutting down and abandoning module InputBindingEditor (448)
[2018.04.01-14.50.55:771][746]LogModuleManager: Shutting down and abandoning module MergeActors (446)
[2018.04.01-14.50.55:772][746]LogModuleManager: Shutting down and abandoning module SizeMap (444)
[2018.04.01-14.50.55:772][746]LogModuleManager: Shutting down and abandoning module TreeMap (442)
[2018.04.01-14.50.55:772][746]LogModuleManager: Shutting down and abandoning module ReferenceViewer (440)
[2018.04.01-14.50.55:772][746]LogModuleManager: Shutting down and abandoning module LocalizationDashboard (438)
[2018.04.01-14.50.55:772][746]LogModuleManager: Shutting down and abandoning module LocalizationService (437)
[2018.04.01-14.50.55:772][746]LogModuleManager: Shutting down and abandoning module HardwareTargeting (434)
[2018.04.01-14.50.55:772][746]LogModuleManager: Shutting down and abandoning module DeviceProfileEditor (432)
[2018.04.01-14.50.55:772][746]LogModuleManager: Shutting down and abandoning module UndoHistory (430)
[2018.04.01-14.50.55:772][746]LogModuleManager: Shutting down and abandoning module XmlParser (428)
[2018.04.01-14.50.55:772][746]LogModuleManager: Shutting down and abandoning module Blutility (426)
[2018.04.01-14.50.55:772][746]LogModuleManager: Shutting down and abandoning module ProjectSettingsViewer (424)
[2018.04.01-14.50.55:773][746]LogModuleManager: Shutting down and abandoning module ProjectTargetPlatformEditor (423)
[2018.04.01-14.50.55:773][746]LogModuleManager: Shutting down and abandoning module EditorSettingsViewer (420)
[2018.04.01-14.50.55:773][746]LogModuleManager: Shutting down and abandoning module SettingsEditor (418)
[2018.04.01-14.50.55:773][746]LogModuleManager: Shutting down and abandoning module ProjectLauncher (416)
[2018.04.01-14.50.55:773][746]LogModuleManager: Shutting down and abandoning module SessionFrontend (414)
[2018.04.01-14.50.55:773][746]LogModuleManager: Shutting down and abandoning module ProfilerClient (412)
[2018.04.01-14.50.55:773][746]LogModuleManager: Shutting down and abandoning module DeviceManager (410)
[2018.04.01-14.50.55:773][746]LogModuleManager: Shutting down and abandoning module TargetDeviceServices (409)
[2018.04.01-14.50.55:827][746]LogModuleManager: Shutting down and abandoning module AutomationController (406)
[2018.04.01-14.50.55:827][746]LogModuleManager: Shutting down and abandoning module AutomationWindow (404)
[2018.04.01-14.50.55:827][746]LogModuleManager: Shutting down and abandoning module Layers (402)
[2018.04.01-14.50.55:827][746]LogModuleManager: Shutting down and abandoning module ComponentVisualizers (400)
[2018.04.01-14.50.55:827][746]LogModuleManager: Shutting down and abandoning module DetailCustomizations (398)
[2018.04.01-14.50.55:827][746]LogModuleManager: Shutting down and abandoning module PackagesDialog (396)
[2018.04.01-14.50.55:827][746]LogModuleManager: Shutting down and abandoning module Persona (394)
[2018.04.01-14.50.55:827][746]LogModuleManager: Shutting down and abandoning module AdvancedPreviewScene (393)
[2018.04.01-14.50.55:827][746]LogModuleManager: Shutting down and abandoning module AnimGraph (391)
[2018.04.01-14.50.55:827][746]LogModuleManager: Shutting down and abandoning module Kismet (388)
[2018.04.01-14.50.55:828][746]LogModuleManager: Shutting down and abandoning module ClassViewer (386)
[2018.04.01-14.50.55:830][746]LogModuleManager: Shutting down and abandoning module Toolbox (384)
[2018.04.01-14.50.55:830][746]LogModuleManager: Shutting down and abandoning module ModuleUI (382)
[2018.04.01-14.50.55:830][746]LogModuleManager: Shutting down and abandoning module MovieSceneTools (380)
[2018.04.01-14.50.55:830][746]LogModuleManager: Shutting down and abandoning module OutputLog (378)
[2018.04.01-14.50.55:830][746]LogModuleManager: Shutting down and abandoning module GammaUI (376)
[2018.04.01-14.50.55:830][746]LogModuleManager: Shutting down and abandoning module Documentation (374)
[2018.04.01-14.50.55:830][746]LogModuleManager: Shutting down and abandoning module MovieSceneTracks (372)
[2018.04.01-14.50.55:830][746]LogModuleManager: Shutting down and abandoning module MovieScene (370)
[2018.04.01-14.50.55:830][746]LogModuleManager: Shutting down and abandoning module StreamingPauseRendering (368)
[2018.04.01-14.50.55:830][746]LogModuleManager: Shutting down and abandoning module LauncherPlatform (366)
[2018.04.01-14.50.55:830][746]LogModuleManager: Shutting down and abandoning module AnalyticsET (364)
[2018.04.01-14.50.55:830][746]LogModuleManager: Shutting down and abandoning module PortalServices (362)
[2018.04.01-14.50.55:830][746]LogModuleManager: Shutting down and abandoning module PortalRpc (360)
[2018.04.01-14.50.55:830][746]LogModuleManager: Shutting down and abandoning module MessagingRpc (358)
[2018.04.01-14.50.55:830][746]LogModuleManager: Shutting down and abandoning module AIModule (356)
[2018.04.01-14.50.55:830][746]LogModuleManager: Shutting down and abandoning module GameplayDebugger (355)
[2018.04.01-14.50.55:830][746]LogModuleManager: Shutting down and abandoning module AITestSuite (353)
[2018.04.01-14.50.55:830][746]LogModuleManager: Shutting down and abandoning module ProfilerService (350)
[2018.04.01-14.50.55:971][746]LogModuleManager: Shutting down and abandoning module TaskGraph (348)
[2018.04.01-14.50.55:971][746]LogModuleManager: Shutting down and abandoning module SteamVRController (346)
[2018.04.01-14.50.55:971][746]LogModuleManager: Shutting down and abandoning module ProceduralMeshComponentEditor (344)
[2018.04.01-14.50.55:971][746]LogModuleManager: Shutting down and abandoning module ProceduralMeshComponent (342)
[2018.04.01-14.50.55:971][746]LogModuleManager: Shutting down and abandoning module OculusInput (340)
[2018.04.01-14.50.55:971][746]LogModuleManager: Shutting down and abandoning module MobilePatchingUtils (338)
[2018.04.01-14.50.55:971][746]LogModuleManager: Shutting down and abandoning module CustomMeshComponent (336)
[2018.04.01-14.50.55:971][746]LogModuleManager: Shutting down and abandoning module CableComponent (334)
[2018.04.01-14.50.55:971][746]LogModuleManager: Shutting down and abandoning module ArchVisCharacter (332)
[2018.04.01-14.50.55:971][746]LogModuleManager: Shutting down and abandoning module AndroidPermission (330)
[2018.04.01-14.50.55:971][746]LogModuleManager: Shutting down and abandoning module ActorSequence (326)
[2018.04.01-14.50.55:971][746]LogModuleManager: Shutting down and abandoning module MediaPlayerEditor (324)
[2018.04.01-14.50.55:971][746]LogModuleManager: Shutting down and abandoning module MediaCompositingEditor (322)
[2018.04.01-14.50.55:971][746]LogModuleManager: Shutting down and abandoning module MediaCompositing (320)
[2018.04.01-14.50.55:971][746]LogModuleManager: Shutting down and abandoning module HTML5Networking (318)
[2018.04.01-14.50.55:971][746]LogModuleManager: Shutting down and abandoning module AlembicImporter (316)
[2018.04.01-14.50.55:971][746]LogModuleManager: Shutting down and abandoning module AlembicLibrary (315)
[2018.04.01-14.50.55:971][746]LogModuleManager: Shutting down and abandoning module GeometryCache (314)
[2018.04.01-14.50.55:971][746]LogModuleManager: Shutting down and abandoning module GeometryCacheEd (313)
[2018.04.01-14.50.55:971][746]LogModuleManager: Shutting down and abandoning module SpeedTreeImporter (308)
[2018.04.01-14.50.55:971][746]LogModuleManager: Shutting down and abandoning module PluginBrowser (306)
[2018.04.01-14.50.55:971][746]LogModuleManager: Shutting down and abandoning module MobileLauncherProfileWizard (304)
[2018.04.01-14.50.55:971][746]LogModuleManager: Shutting down and abandoning module VisualStudioSourceCodeAccess (302)
[2018.04.01-14.50.55:971][746]LogModuleManager: Shutting down and abandoning module VisualStudioCodeSourceCodeAccess (300)
[2018.04.01-14.50.55:971][746]LogModuleManager: Shutting down and abandoning module UObjectPlugin (298)
[2018.04.01-14.50.55:972][746]LogModuleManager: Shutting down and abandoning module SubversionSourceControl (296)
[2018.04.01-14.50.55:972][746]LogModuleManager: Shutting down and abandoning module PerforceSourceControl (294)
[2018.04.01-14.50.55:972][746]LogModuleManager: Shutting down and abandoning module GitSourceControl (292)
[2018.04.01-14.50.55:972][746]LogModuleManager: Shutting down and abandoning module SourceControl (291)
[2018.04.01-14.50.55:972][746]LogModuleManager: Shutting down and abandoning module LightPropagationVolumeEditor (288)
[2018.04.01-14.50.55:972][746]LogModuleManager: Shutting down and abandoning module PaperTiledImporter (286)
[2018.04.01-14.50.55:972][746]LogModuleManager: Shutting down and abandoning module PaperSpriteSheetImporter (284)
[2018.04.01-14.50.55:972][746]LogModuleManager: Shutting down and abandoning module Paper2DEditor (282)
[2018.04.01-14.50.55:972][746]LogModuleManager: Shutting down and abandoning module MeshPaint (281)
[2018.04.01-14.50.55:972][746]LogModuleManager: Shutting down and abandoning module LevelEditor (279)
[2018.04.01-14.50.55:972][746]LogModuleManager: Shutting down and abandoning module PixelInspectorModule (278)
[2018.04.01-14.50.55:972][746]LogModuleManager: Shutting down and abandoning module MainFrame (276)
[2018.04.01-14.50.55:972][746]LogModuleManager: Shutting down and abandoning module HotReload (275)
[2018.04.01-14.50.55:972][746]LogDirectoryWatcher: A directory notification for 'D:/My Documents/Repos/Unreal Class/03_Escape/Escape/Binaries/Win64' was aborted.
[2018.04.01-14.50.55:973][746]LogModuleManager: Shutting down and abandoning module Escape (270)
[2018.04.01-14.50.55:973][746]LogModuleManager: Shutting down and abandoning module RuntimePhysXCooking (268)
[2018.04.01-14.50.55:973][746]LogModuleManager: Shutting down and abandoning module PhysXVehiclesEditor (266)
[2018.04.01-14.50.55:973][746]LogModuleManager: Shutting down and abandoning module PhysXVehicles (264)
[2018.04.01-14.50.55:973][746]LogModuleManager: Shutting down and abandoning module OculusEditor (262)
[2018.04.01-14.50.55:973][746]LogModuleManager: Shutting down and abandoning module LocationServicesBPLibrary (260)
[2018.04.01-14.50.55:973][746]LogModuleManager: Shutting down and abandoning module ImmediatePhysicsEditor (258)
[2018.04.01-14.50.55:973][746]LogModuleManager: Shutting down and abandoning module ImmediatePhysics (256)
[2018.04.01-14.50.55:973][746]LogModuleManager: Shutting down and abandoning module UdpMessaging (254)
[2018.04.01-14.50.56:073][746]LogModuleManager: Shutting down and abandoning module TcpMessaging (252)
[2018.04.01-14.50.56:174][746]LogModuleManager: Shutting down and abandoning module GameplayTagsEditor (250)
[2018.04.01-14.50.56:174][746]LogModuleManager: Shutting down and abandoning module FacialAnimationEditor (248)
[2018.04.01-14.50.56:174][746]LogModuleManager: Shutting down and abandoning module FacialAnimation (246)
[2018.04.01-14.50.56:174][746]LogModuleManager: Shutting down and abandoning module AssetManagerEditor (244)
[2018.04.01-14.50.56:174][746]LogModuleManager: Shutting down and abandoning module GraphEditor (243)
[2018.04.01-14.50.56:174][746]LogModuleManager: Shutting down and abandoning module ContentBrowser (241)
[2018.04.01-14.50.56:176][746]LogModuleManager: Shutting down and abandoning module LightPropagationVolumeRuntime (238)
[2018.04.01-14.50.56:176][746]LogModuleManager: Shutting down and abandoning module Paper2D (236)
[2018.04.01-14.50.56:176][746]LogModuleManager: Shutting down and abandoning module WindowsMoviePlayer (234)
[2018.04.01-14.50.56:176][746]LogModuleManager: Shutting down and abandoning module WmfMedia (232)
[2018.04.01-14.50.56:180][746]LogModuleManager: Shutting down and abandoning module ImgMedia (230)
[2018.04.01-14.50.56:180][746]LogModuleManager: Shutting down and abandoning module PacketHandler (228)
[2018.04.01-14.50.56:180][746]LogModuleManager: Shutting down and abandoning module ClothingSystemEditor (226)
[2018.04.01-14.50.56:180][746]LogModuleManager: Shutting down and abandoning module ClothingSystemRuntime (224)
[2018.04.01-14.50.56:180][746]LogModuleManager: Shutting down and abandoning module MediaAssets (222)
[2018.04.01-14.50.56:180][746]LogModuleManager: Shutting down and abandoning module Media (221)
[2018.04.01-14.50.56:186][746]LogModuleManager: Shutting down and abandoning module Overlay (218)
[2018.04.01-14.50.56:186][746]LogModuleManager: Shutting down and abandoning module OverlayEditor (217)
[2018.04.01-14.50.56:186][746]LogModuleManager: Shutting down and abandoning module VREditor (214)
[2018.04.01-14.50.56:186][746]LogModuleManager: Shutting down and abandoning module StringTableEditor (212)
[2018.04.01-14.50.56:186][746]LogModuleManager: Shutting down and abandoning module GameplayTasksEditor (210)
[2018.04.01-14.50.56:186][746]LogModuleManager: Shutting down and abandoning module BehaviorTreeEditor (208)
[2018.04.01-14.50.56:186][746]LogModuleManager: Shutting down and abandoning module FunctionalTesting (206)
[2018.04.01-14.50.56:186][746]LogModuleManager: Shutting down and abandoning module CollisionAnalyzer (204)
[2018.04.01-14.50.56:186][746]LogModuleManager: Shutting down and abandoning module WorkspaceMenuStructure (203)
[2018.04.01-14.50.56:186][746]LogModuleManager: Shutting down and abandoning module UMG (200)
[2018.04.01-14.50.56:186][746]LogModuleManager: Shutting down and abandoning module UMGEditor (199)
[2018.04.01-14.50.56:186][746]LogModuleManager: Shutting down and abandoning module Sequencer (198)
[2018.04.01-14.50.56:186][746]LogModuleManager: Shutting down and abandoning module MessageLog (195)
[2018.04.01-14.50.56:186][746]LogModuleManager: Shutting down and abandoning module SlateReflector (190)
[2018.04.01-14.50.56:186][746]LogModuleManager: Shutting down and abandoning module Slate (188)
[2018.04.01-14.50.56:186][746]LogModuleManager: Shutting down and abandoning module EditorStyle (186)
[2018.04.01-14.50.56:189][746]LogModuleManager: Shutting down and abandoning module MRMesh (184)
[2018.04.01-14.50.56:189][746]LogModuleManager: Shutting down and abandoning module SourceCodeAccess (182)
[2018.04.01-14.50.56:189][746]LogModuleManager: Shutting down and abandoning module HeadMountedDisplay (180)
[2018.04.01-14.50.56:189][746]LogModuleManager: Shutting down and abandoning module XAudio2 (178)
[2018.04.01-14.50.56:189][746]LogModuleManager: Shutting down and abandoning module Networking (176)
[2018.04.01-14.50.56:189][746]LogModuleManager: Shutting down and abandoning module Core (172)
[2018.04.01-14.50.56:189][746]LogModuleManager: Shutting down and abandoning module LevelSequence (168)
[2018.04.01-14.50.56:189][746]LogModuleManager: Shutting down and abandoning module DirectoryWatcher (166)
[2018.04.01-14.50.56:190][746]LogModuleManager: Shutting down and abandoning module KismetCompiler (164)
[2018.04.01-14.50.56:190][746]LogModuleManager: Shutting down and abandoning module MeshUtilities (162)
[2018.04.01-14.50.56:190][746]LogModuleManager: Shutting down and abandoning module MeshMergeUtilities (161)
[2018.04.01-14.50.56:190][746]LogModuleManager: Shutting down and abandoning module MeshReductionInterface (160)
[2018.04.01-14.50.56:191][746]LogModuleManager: Shutting down and abandoning module SimplygonSwarm (159)
[2018.04.01-14.50.56:191][746]LogModuleManager: Shutting down and abandoning module SimplygonMeshReduction (157)
[2018.04.01-14.50.56:191][746]LogModuleManager: Shutting down and abandoning module QuadricMeshReduction (155)
[2018.04.01-14.50.56:191][746]LogModuleManager: Shutting down and abandoning module MaterialBaking (151)
[2018.04.01-14.50.56:191][746]LogModuleManager: Shutting down and abandoning module DerivedDataCache (148)
[2018.04.01-14.50.56:216][746]LogDerivedDataCache: Shutdown
[2018.04.01-14.50.56:216][746]LogModuleManager: Shutting down and abandoning module TargetPlatform (146)
[2018.04.01-14.50.56:216][746]LogModuleManager: Shutting down and abandoning module VulkanShaderFormat (145)
[2018.04.01-14.50.56:216][746]LogModuleManager: Shutting down and abandoning module ShaderFormatVectorVM (143)
[2018.04.01-14.50.56:216][746]LogModuleManager: Shutting down and abandoning module ShaderFormatOpenGL (141)
[2018.04.01-14.50.56:216][746]LogModuleManager: Shutting down and abandoning module ShaderFormatD3D (139)
[2018.04.01-14.50.56:216][746]LogModuleManager: Shutting down and abandoning module MetalShaderFormat (137)
[2018.04.01-14.50.56:216][746]LogModuleManager: Shutting down and abandoning module TextureFormatUncompressed (135)
[2018.04.01-14.50.56:216][746]LogModuleManager: Shutting down and abandoning module TextureFormatPVR (133)
[2018.04.01-14.50.56:216][746]LogModuleManager: Shutting down and abandoning module TextureFormatDXT (131)
[2018.04.01-14.50.56:216][746]LogModuleManager: Shutting down and abandoning module TextureFormatIntelISPCTexComp (129)
[2018.04.01-14.50.56:216][746]LogModuleManager: Shutting down and abandoning module TextureFormatASTC (127)
[2018.04.01-14.50.56:216][746]LogModuleManager: Shutting down and abandoning module ImageWrapper (126)
[2018.04.01-14.50.56:216][746]LogModuleManager: Shutting down and abandoning module TextureFormatAndroid (123)
[2018.04.01-14.50.56:216][746]LogModuleManager: Shutting down and abandoning module AudioFormatOpus (121)
[2018.04.01-14.50.56:216][746]LogModuleManager: Shutting down and abandoning module AudioFormatOgg (119)
[2018.04.01-14.50.56:216][746]LogModuleManager: Shutting down and abandoning module AudioFormatADPCM (117)
[2018.04.01-14.50.56:216][746]LogModuleManager: Shutting down and abandoning module LinuxTargetPlatform (115)
[2018.04.01-14.50.56:216][746]LogModuleManager: Shutting down and abandoning module LinuxServerTargetPlatform (113)
[2018.04.01-14.50.56:216][746]LogModuleManager: Shutting down and abandoning module LinuxNoEditorTargetPlatform (111)
[2018.04.01-14.50.56:216][746]LogModuleManager: Shutting down and abandoning module LinuxClientTargetPlatform (109)
[2018.04.01-14.50.56:216][746]LogModuleManager: Shutting down and abandoning module TVOSTargetPlatform (107)
[2018.04.01-14.50.56:216][746]LogModuleManager: Shutting down and abandoning module Messaging (105)
[2018.04.01-14.50.56:216][746]LogModuleManager: Shutting down and abandoning module IOSTargetPlatform (103)
[2018.04.01-14.50.56:216][746]LogModuleManager: Shutting down and abandoning module HTML5TargetPlatform (101)
[2018.04.01-14.50.56:217][746]LogModuleManager: Shutting down and abandoning module AndroidTargetPlatform (99)
[2018.04.01-14.50.56:217][746]LogModuleManager: Shutting down and abandoning module Android_PVRTCTargetPlatform (97)
[2018.04.01-14.50.56:217][746]LogModuleManager: Shutting down and abandoning module Android_MultiTargetPlatform (95)
[2018.04.01-14.50.56:217][746]LogModuleManager: Shutting down and abandoning module Android_ETC2TargetPlatform (93)
[2018.04.01-14.50.56:217][746]LogModuleManager: Shutting down and abandoning module Android_ETC1TargetPlatform (91)
[2018.04.01-14.50.56:217][746]LogModuleManager: Shutting down and abandoning module Android_DXTTargetPlatform (89)
[2018.04.01-14.50.56:217][746]LogModuleManager: Shutting down and abandoning module Android_ATCTargetPlatform (87)
[2018.04.01-14.50.56:217][746]LogModuleManager: Shutting down and abandoning module Android_ASTCTargetPlatform (85)
[2018.04.01-14.50.56:217][746]LogModuleManager: Shutting down and abandoning module WindowsTargetPlatform (83)
[2018.04.01-14.50.56:217][746]LogModuleManager: Shutting down and abandoning module WindowsServerTargetPlatform (81)
[2018.04.01-14.50.56:217][746]LogModuleManager: Shutting down and abandoning module WindowsNoEditorTargetPlatform (79)
[2018.04.01-14.50.56:217][746]LogModuleManager: Shutting down and abandoning module WindowsClientTargetPlatform (77)
[2018.04.01-14.50.56:217][746]LogModuleManager: Shutting down and abandoning module MacTargetPlatform (75)
[2018.04.01-14.50.56:217][746]LogModuleManager: Shutting down and abandoning module MacServerTargetPlatform (73)
[2018.04.01-14.50.56:217][746]LogModuleManager: Shutting down and abandoning module MacNoEditorTargetPlatform (71)
[2018.04.01-14.50.56:217][746]LogModuleManager: Shutting down and abandoning module MacClientTargetPlatform (69)
[2018.04.01-14.50.56:217][746]LogModuleManager: Shutting down and abandoning module AllDesktopTargetPlatform (67)
[2018.04.01-14.50.56:217][746]LogModuleManager: Shutting down and abandoning module InputCore (64)
[2018.04.01-14.50.56:217][746]LogModuleManager: Shutting down and abandoning module Settings (62)
[2018.04.01-14.50.56:217][746]LogModuleManager: Shutting down and abandoning module PhysXCooking (60)
[2018.04.01-14.50.56:217][746]LogModuleManager: Shutting down and abandoning module SteamVR (58)
[2018.04.01-14.50.56:217][746]LogModuleManager: Shutting down and abandoning module OculusHMD (56)
[2018.04.01-14.50.56:217][746]LogModuleManager: Shutting down and abandoning module ExampleDeviceProfileSelector (54)
[2018.04.01-14.50.56:217][746]LogModuleManager: Shutting down and abandoning module AppleARKit (52)
[2018.04.01-14.50.56:217][746]LogModuleManager: Shutting down and abandoning module AugmentedReality (51)
[2018.04.01-14.50.56:217][746]LogModuleManager: Shutting down and abandoning module OnlineBlueprintSupport (48)
[2018.04.01-14.50.56:217][746]LogModuleManager: Shutting down and abandoning module OnlineSubsystem (44)
[2018.04.01-14.50.56:218][746]LogModuleManager: Shutting down and abandoning module XMPP (43)
[2018.04.01-14.50.56:218][746]LogModuleManager: Shutting down and abandoning module HTTP (41)
[2018.04.01-14.50.56:218][746]LogHttp: Display: Http module shutting down, but needs to wait on 1 outstanding Http requests:
[2018.04.01-14.50.56:218][746]LogHttp: Display: 	verb=[POST] url=[https://datarouter.ol.epicgames.com/datarouter/api/v1/public/data?SessionID=%7B1FB6B5B3-4FF3-DE62-A447-9EAE499BC387%7D&AppID=UEEditor.Rocket.Release&AppVersion=4.18.3-3832480%2B%2B%2BUE4%2BRelease-4.18&UserID=c623c38a4644157b8d62bd9c96da1125%7Cef80ea24ccd440479d9456400eb2e2ea%7C0fdb0f32-4654-459a-a5e7-020c5999b653&AppEnvironment=datacollector-binary&UploadType=eteventstream] status=Processing
[2018.04.01-14.50.56:230][746]LogModuleManager: Shutting down and abandoning module SSL (40)
[2018.04.01-14.50.56:232][746]LogModuleManager: Shutting down and abandoning module AnimationModifiers (36)
[2018.04.01-14.50.56:232][746]LogModuleManager: Shutting down and abandoning module PropertyEditor (35)
[2018.04.01-14.50.56:232][746]LogModuleManager: Shutting down and abandoning module AudioEditor (32)
[2018.04.01-14.50.56:232][746]LogModuleManager: Shutting down and abandoning module TextureCompressor (30)
[2018.04.01-14.50.56:232][746]LogModuleManager: Shutting down and abandoning module ShaderCore (28)
[2018.04.01-14.50.56:232][746]LogModuleManager: Shutting down and abandoning module Landscape (26)
[2018.04.01-14.50.56:232][746]LogModuleManager: Shutting down and abandoning module SlateRHIRenderer (24)
[2018.04.01-14.50.56:233][746]LogModuleManager: Shutting down and abandoning module OpenGLDrv (22)
[2018.04.01-14.50.56:233][746]LogModuleManager: Shutting down and abandoning module D3D11RHI (20)
[2018.04.01-14.50.56:233][746]LogModuleManager: Shutting down and abandoning module AnimGraphRuntime (18)
[2018.04.01-14.50.56:233][746]LogModuleManager: Shutting down and abandoning module Renderer (16)
[2018.04.01-14.50.56:233][746]LogModuleManager: Shutting down and abandoning module Engine (14)
[2018.04.01-14.50.56:233][746]LogModuleManager: Shutting down and abandoning module CoreUObject (12)
[2018.04.01-14.50.56:233][746]LogModuleManager: Shutting down and abandoning module NetworkFile (10)
[2018.04.01-14.50.56:233][746]LogModuleManager: Shutting down and abandoning module CookedIterativeFile (8)
[2018.04.01-14.50.56:233][746]LogModuleManager: Shutting down and abandoning module StreamingFile (6)
[2018.04.01-14.50.56:233][746]LogModuleManager: Shutting down and abandoning module SandboxFile (4)
[2018.04.01-14.50.56:233][746]LogModuleManager: Shutting down and abandoning module PakFile (2)
[2018.04.01-14.50.56:237][746]LogExit: Exiting.
[2018.04.01-14.50.56:247][746]Log file closed, 04/01/18 07:50:56
