Log file open, 03/24/18 12:18:55
LogWindows: Failed to load 'aqProf.dll' (GetLastError=126)
LogWindows: File 'aqProf.dll' does not exist
LogWindows: Failed to load 'VSPerf140.dll' (GetLastError=126)
LogWindows: File 'VSPerf140.dll' does not exist
LogWindows: Failed to load 'VtuneApi.dll' (GetLastError=126)
LogWindows: File 'VtuneApi.dll' does not exist
LogWindows: Failed to load 'VtuneApi32e.dll' (GetLastError=126)
LogWindows: File 'VtuneApi32e.dll' does not exist
LogInit: Display: Running engine for game: Escape
LogPlatformFile: Not using cached read wrapper
LogInit: Display: RandInit(1353950092) SRandInit(1353950092).
LogInit: Read version file with build ID '3709383'
LogInit: Overriding engine version to CL 3832480, compatible CL 3709383
LogInit: Registered custom module enumerator with build ID '3709383'
LogTaskGraph: Started task graph with 5 named threads and 14 total threads with 3 sets of task threads.
LogStats: Stats thread started at 0.163646
LogD3D11RHI: Aftermath initialized
LogPluginManager: Mounting plugin Paper2D
LogPluginManager: Mounting plugin LightPropagationVolume
LogPluginManager: Mounting plugin CodeLiteSourceCodeAccess
LogPluginManager: Mounting plugin GitSourceControl
LogPluginManager: Mounting plugin KDevelopSourceCodeAccess
LogPluginManager: Mounting plugin NullSourceCodeAccess
LogPluginManager: Mounting plugin PerforceSourceControl
LogPluginManager: Mounting plugin SubversionSourceControl
LogPluginManager: Mounting plugin UObjectPlugin
LogPluginManager: Mounting plugin VisualStudioCodeSourceCodeAccess
LogPluginManager: Mounting plugin VisualStudioSourceCodeAccess
LogPluginManager: Mounting plugin XCodeSourceCodeAccess
LogPluginManager: Mounting plugin AssetManagerEditor
LogPluginManager: Mounting plugin AudioCapture
LogPluginManager: Mounting plugin FacialAnimation
LogPluginManager: Mounting plugin GameplayTagsEditor
LogPluginManager: Mounting plugin MobileLauncherProfileWizard
LogPluginManager: Mounting plugin PluginBrowser
LogPluginManager: Mounting plugin SpeedTreeImporter
LogPluginManager: Mounting plugin AlembicImporter
LogPluginManager: Mounting plugin CharacterAI
LogPluginManager: Mounting plugin HTML5Networking
LogPluginManager: Mounting plugin AndroidMedia
LogPluginManager: Mounting plugin AvfMedia
LogPluginManager: Mounting plugin ImgMedia
LogPluginManager: Mounting plugin MediaCompositing
LogPluginManager: Mounting plugin MediaPlayerEditor
LogPluginManager: Mounting plugin WmfMedia
LogPluginManager: Mounting plugin TcpMessaging
LogPluginManager: Mounting plugin UdpMessaging
LogPluginManager: Mounting plugin ActorSequence
LogPluginManager: Mounting plugin LevelSequenceEditor
LogPluginManager: Mounting plugin MatineeToLevelSequence
LogPluginManager: Mounting plugin OnlineSubsystemGooglePlay
LogPluginManager: Mounting plugin OnlineSubsystemIOS
LogPluginManager: Mounting plugin OnlineSubsystem
LogPluginManager: Mounting plugin OnlineSubsystemNull
LogPluginManager: Mounting plugin OnlineSubsystemUtils
LogPluginManager: Mounting plugin AndroidDeviceProfileSelector
LogPluginManager: Mounting plugin AndroidMoviePlayer
LogPluginManager: Mounting plugin AndroidPermission
LogPluginManager: Mounting plugin AppleARKit
LogPluginManager: Mounting plugin AppleMoviePlayer
LogPluginManager: Mounting plugin ArchVisCharacter
LogPluginManager: Mounting plugin CableComponent
LogPluginManager: Mounting plugin CustomMeshComponent
LogPluginManager: Mounting plugin ExampleDeviceProfileSelector
LogPluginManager: Mounting plugin GoogleCloudMessaging
LogPluginManager: Mounting plugin ImmediatePhysics
LogPluginManager: Mounting plugin IOSDeviceProfileSelector
LogPluginManager: Mounting plugin LinuxDeviceProfileSelector
LogPluginManager: Mounting plugin LocationServicesBPLibrary
LogPluginManager: Mounting plugin MobilePatchingUtils
LogPluginManager: Mounting plugin OculusVR
LogPluginManager: Plugin shader directory ../../../Engine/Plugins/Runtime/Oculus/OculusVR/Shaders found
LogPluginManager: Mapping shader source directory ../../../Engine/Plugins/Runtime/Oculus/OculusVR/Shaders to virtual directory /Plugin/OculusVR
LogPluginManager: Mounting plugin PhysXVehicles
LogPluginManager: Mounting plugin ProceduralMeshComponent
LogPluginManager: Mounting plugin RuntimePhysXCooking
LogPluginManager: Mounting plugin SteamVR
LogPluginManager: Mounting plugin WindowsMoviePlayer
LogModuleManager: Display: Found up-to-date module file ../../../../My Documents/Repos/Unreal Class/03_Escape/Escape/Binaries/Win64/UE4Editor-Escape-601.dll (API version 3709383).
LogModuleManager: Display: Found up-to-date module file ../../../Engine/Plugins/2D/Paper2D/Binaries/Win64/UE4Editor-Paper2D.dll (API version 3709383).
LogModuleManager: Display: Found up-to-date module file ../../../Engine/Plugins/2D/Paper2D/Binaries/Win64/UE4Editor-Paper2DEditor.dll (API version 3709383).
LogModuleManager: Display: Found up-to-date module file ../../../Engine/Plugins/2D/Paper2D/Binaries/Win64/UE4Editor-PaperSpriteSheetImporter.dll (API version 3709383).
LogModuleManager: Display: Found up-to-date module file ../../../Engine/Plugins/2D/Paper2D/Binaries/Win64/UE4Editor-PaperTiledImporter.dll (API version 3709383).
LogModuleManager: Display: Found up-to-date module file ../../../Engine/Plugins/2D/Paper2D/Binaries/Win64/UE4Editor-SmartSnapping.dll (API version 3709383).
LogModuleManager: Display: Found up-to-date module file ../../../Engine/Plugins/Blendables/LightPropagationVolume/Binaries/Win64/UE4Editor-LightPropagationVolumeRuntime.dll (API version 3709383).
LogModuleManager: Display: Found up-to-date module file ../../../Engine/Plugins/Blendables/LightPropagationVolume/Binaries/Win64/UE4Editor-LightPropagationVolumeEditor.dll (API version 3709383).
LogModuleManager: Display: Found up-to-date module file ../../../Engine/Plugins/Developer/GitSourceControl/Binaries/Win64/UE4Editor-GitSourceControl.dll (API version 3709383).
LogModuleManager: Display: Found up-to-date module file ../../../Engine/Plugins/Developer/PerforceSourceControl/Binaries/Win64/UE4Editor-PerforceSourceControl.dll (API version 3709383).
LogModuleManager: Display: Found up-to-date module file ../../../Engine/Plugins/Developer/SubversionSourceControl/Binaries/Win64/UE4Editor-SubversionSourceControl.dll (API version 3709383).
LogModuleManager: Display: Found up-to-date module file ../../../Engine/Plugins/Developer/UObjectPlugin/Binaries/Win64/UE4Editor-UObjectPlugin.dll (API version 3709383).
LogModuleManager: Display: Found up-to-date module file ../../../Engine/Plugins/Developer/VisualStudioCodeSourceCodeAccess/Binaries/Win64/UE4Editor-VisualStudioCodeSourceCodeAccess.dll (API version 3709383).
LogModuleManager: Display: Found up-to-date module file ../../../Engine/Plugins/Developer/VisualStudioSourceCodeAccess/Binaries/Win64/UE4Editor-VisualStudioSourceCodeAccess.dll (API version 3709383).
LogModuleManager: Display: Found up-to-date module file ../../../Engine/Plugins/Editor/AssetManagerEditor/Binaries/Win64/UE4Editor-AssetManagerEditor.dll (API version 3709383).
LogModuleManager: Display: Found up-to-date module file ../../../Engine/Plugins/Editor/AudioCapture/Binaries/Win64/UE4Editor-AudioCapture.dll (API version 3709383).
LogModuleManager: Display: Found up-to-date module file ../../../Engine/Plugins/Editor/FacialAnimation/Binaries/Win64/UE4Editor-FacialAnimation.dll (API version 3709383).
LogModuleManager: Display: Found up-to-date module file ../../../Engine/Plugins/Editor/FacialAnimation/Binaries/Win64/UE4Editor-FacialAnimationEditor.dll (API version 3709383).
LogModuleManager: Display: Found up-to-date module file ../../../Engine/Plugins/Editor/GameplayTagsEditor/Binaries/Win64/UE4Editor-GameplayTagsEditor.dll (API version 3709383).
LogModuleManager: Display: Found up-to-date module file ../../../Engine/Plugins/Editor/MobileLauncherProfileWizard/Binaries/Win64/UE4Editor-MobileLauncherProfileWizard.dll (API version 3709383).
LogModuleManager: Display: Found up-to-date module file ../../../Engine/Plugins/Editor/PluginBrowser/Binaries/Win64/UE4Editor-PluginBrowser.dll (API version 3709383).
LogModuleManager: Display: Found up-to-date module file ../../../Engine/Plugins/Editor/SpeedTreeImporter/Binaries/Win64/UE4Editor-SpeedTreeImporter.dll (API version 3709383).
LogModuleManager: Display: Found up-to-date module file ../../../Engine/Plugins/Experimental/AlembicImporter/Binaries/Win64/UE4Editor-AlembicImporter.dll (API version 3709383).
LogModuleManager: Display: Found up-to-date module file ../../../Engine/Plugins/Experimental/AlembicImporter/Binaries/Win64/UE4Editor-AlembicLibrary.dll (API version 3709383).
LogModuleManager: Display: Found up-to-date module file ../../../Engine/Plugins/Experimental/CharacterAI/Binaries/Win64/UE4Editor-CharacterAI.dll (API version 3709383).
LogModuleManager: Display: Found up-to-date module file ../../../Engine/Plugins/Experimental/HTML5Networking/Binaries/Win64/UE4Editor-HTML5Networking.dll (API version 3709383).
LogModuleManager: Display: Found up-to-date module file ../../../Engine/Plugins/Media/AndroidMedia/Binaries/Win64/UE4Editor-AndroidMediaEditor.dll (API version 3709383).
LogModuleManager: Display: Found up-to-date module file ../../../Engine/Plugins/Media/AndroidMedia/Binaries/Win64/UE4Editor-AndroidMediaFactory.dll (API version 3709383).
LogModuleManager: Display: Found up-to-date module file ../../../Engine/Plugins/Media/AvfMedia/Binaries/Win64/UE4Editor-AvfMediaEditor.dll (API version 3709383).
LogModuleManager: Display: Found up-to-date module file ../../../Engine/Plugins/Media/AvfMedia/Binaries/Win64/UE4Editor-AvfMediaFactory.dll (API version 3709383).
LogModuleManager: Display: Found up-to-date module file ../../../Engine/Plugins/Media/AvfMedia/Binaries/Win64/UE4Editor-AvfMediaFactory.dll (API version 3709383).
LogModuleManager: Display: Found up-to-date module file ../../../Engine/Plugins/Media/ImgMedia/Binaries/Win64/UE4Editor-ImgMedia.dll (API version 3709383).
LogModuleManager: Display: Found up-to-date module file ../../../Engine/Plugins/Media/ImgMedia/Binaries/Win64/UE4Editor-ImgMediaEditor.dll (API version 3709383).
LogModuleManager: Display: Found up-to-date module file ../../../Engine/Plugins/Media/ImgMedia/Binaries/Win64/UE4Editor-ImgMediaFactory.dll (API version 3709383).
LogModuleManager: Display: Found up-to-date module file ../../../Engine/Plugins/Media/ImgMedia/Binaries/Win64/UE4Editor-ImgMediaFactory.dll (API version 3709383).
LogModuleManager: Display: Found up-to-date module file ../../../Engine/Plugins/Media/ImgMedia/Binaries/Win64/UE4Editor-OpenExrWrapper.dll (API version 3709383).
LogModuleManager: Display: Found up-to-date module file ../../../Engine/Plugins/Media/MediaCompositing/Binaries/Win64/UE4Editor-MediaCompositing.dll (API version 3709383).
LogModuleManager: Display: Found up-to-date module file ../../../Engine/Plugins/Media/MediaCompositing/Binaries/Win64/UE4Editor-MediaCompositingEditor.dll (API version 3709383).
LogModuleManager: Display: Found up-to-date module file ../../../Engine/Plugins/Media/MediaPlayerEditor/Binaries/Win64/UE4Editor-MediaPlayerEditor.dll (API version 3709383).
LogModuleManager: Display: Found up-to-date module file ../../../Engine/Plugins/Media/WmfMedia/Binaries/Win64/UE4Editor-WmfMedia.dll (API version 3709383).
LogModuleManager: Display: Found up-to-date module file ../../../Engine/Plugins/Media/WmfMedia/Binaries/Win64/UE4Editor-WmfMediaEditor.dll (API version 3709383).
LogModuleManager: Display: Found up-to-date module file ../../../Engine/Plugins/Media/WmfMedia/Binaries/Win64/UE4Editor-WmfMediaFactory.dll (API version 3709383).
LogModuleManager: Display: Found up-to-date module file ../../../Engine/Plugins/Media/WmfMedia/Binaries/Win64/UE4Editor-WmfMediaFactory.dll (API version 3709383).
LogModuleManager: Display: Found up-to-date module file ../../../Engine/Plugins/Messaging/TcpMessaging/Binaries/Win64/UE4Editor-TcpMessaging.dll (API version 3709383).
LogModuleManager: Display: Found up-to-date module file ../../../Engine/Plugins/Messaging/UdpMessaging/Binaries/Win64/UE4Editor-UdpMessaging.dll (API version 3709383).
LogModuleManager: Display: Found up-to-date module file ../../../Engine/Plugins/MovieScene/ActorSequence/Binaries/Win64/UE4Editor-ActorSequence.dll (API version 3709383).
LogModuleManager: Display: Found up-to-date module file ../../../Engine/Plugins/MovieScene/LevelSequenceEditor/Binaries/Win64/UE4Editor-LevelSequenceEditor.dll (API version 3709383).
LogModuleManager: Display: Found up-to-date module file ../../../Engine/Plugins/MovieScene/MatineeToLevelSequence/Binaries/Win64/UE4Editor-MatineeToLevelSequence.dll (API version 3709383).
LogModuleManager: Display: Found up-to-date module file ../../../Engine/Plugins/Online/OnlineSubsystem/Binaries/Win64/UE4Editor-OnlineSubsystem.dll (API version 3709383).
LogModuleManager: Display: Found up-to-date module file ../../../Engine/Plugins/Online/OnlineSubsystemNull/Binaries/Win64/UE4Editor-OnlineSubsystemNull.dll (API version 3709383).
LogModuleManager: Display: Found up-to-date module file ../../../Engine/Plugins/Online/OnlineSubsystemUtils/Binaries/Win64/UE4Editor-OnlineSubsystemUtils.dll (API version 3709383).
LogModuleManager: Display: Found up-to-date module file ../../../Engine/Plugins/Online/OnlineSubsystemUtils/Binaries/Win64/UE4Editor-OnlineBlueprintSupport.dll (API version 3709383).
LogModuleManager: Display: Found up-to-date module file ../../../Engine/Plugins/Runtime/AndroidDeviceProfileSelector/Binaries/Win64/UE4Editor-AndroidDeviceProfileSelector.dll (API version 3709383).
LogModuleManager: Display: Found up-to-date module file ../../../Engine/Plugins/Runtime/AndroidPermission/Binaries/Win64/UE4Editor-AndroidPermission.dll (API version 3709383).
LogModuleManager: Display: Found up-to-date module file ../../../Engine/Plugins/Runtime/AppleARKit/Binaries/Win64/UE4Editor-AppleARKit.dll (API version 3709383).
LogModuleManager: Display: Found up-to-date module file ../../../Engine/Plugins/Runtime/ArchVisCharacter/Binaries/Win64/UE4Editor-ArchVisCharacter.dll (API version 3709383).
LogModuleManager: Display: Found up-to-date module file ../../../Engine/Plugins/Runtime/CableComponent/Binaries/Win64/UE4Editor-CableComponent.dll (API version 3709383).
LogModuleManager: Display: Found up-to-date module file ../../../Engine/Plugins/Runtime/CustomMeshComponent/Binaries/Win64/UE4Editor-CustomMeshComponent.dll (API version 3709383).
LogModuleManager: Display: Found up-to-date module file ../../../Engine/Plugins/Runtime/ExampleDeviceProfileSelector/Binaries/Win64/UE4Editor-ExampleDeviceProfileSelector.dll (API version 3709383).
LogModuleManager: Display: Found up-to-date module file ../../../Engine/Plugins/Runtime/ImmediatePhysics/Binaries/Win64/UE4Editor-ImmediatePhysics.dll (API version 3709383).
LogModuleManager: Display: Found up-to-date module file ../../../Engine/Plugins/Runtime/ImmediatePhysics/Binaries/Win64/UE4Editor-ImmediatePhysicsEditor.dll (API version 3709383).
LogModuleManager: Display: Found up-to-date module file ../../../Engine/Plugins/Runtime/LocationServicesBPLibrary/Binaries/Win64/UE4Editor-LocationServicesBPLibrary.dll (API version 3709383).
LogModuleManager: Display: Found up-to-date module file ../../../Engine/Plugins/Runtime/MobilePatchingUtils/Binaries/Win64/UE4Editor-MobilePatchingUtils.dll (API version 3709383).
LogModuleManager: Display: Found up-to-date module file ../../../Engine/Plugins/Runtime/Oculus/OculusVR/Binaries/Win64/UE4Editor-OculusHMD.dll (API version 3709383).
LogModuleManager: Display: Found up-to-date module file ../../../Engine/Plugins/Runtime/Oculus/OculusVR/Binaries/Win64/UE4Editor-OculusInput.dll (API version 3709383).
LogModuleManager: Display: Found up-to-date module file ../../../Engine/Plugins/Runtime/Oculus/OculusVR/Binaries/Win64/UE4Editor-OculusEditor.dll (API version 3709383).
LogModuleManager: Display: Found up-to-date module file ../../../Engine/Plugins/Runtime/PhysXVehicles/Binaries/Win64/UE4Editor-PhysXVehicles.dll (API version 3709383).
LogModuleManager: Display: Found up-to-date module file ../../../Engine/Plugins/Runtime/PhysXVehicles/Binaries/Win64/UE4Editor-PhysXVehiclesEditor.dll (API version 3709383).
LogModuleManager: Display: Found up-to-date module file ../../../Engine/Plugins/Runtime/ProceduralMeshComponent/Binaries/Win64/UE4Editor-ProceduralMeshComponent.dll (API version 3709383).
LogModuleManager: Display: Found up-to-date module file ../../../Engine/Plugins/Runtime/ProceduralMeshComponent/Binaries/Win64/UE4Editor-ProceduralMeshComponentEditor.dll (API version 3709383).
LogModuleManager: Display: Found up-to-date module file ../../../Engine/Plugins/Runtime/RuntimePhysXCooking/Binaries/Win64/UE4Editor-RuntimePhysXCooking.dll (API version 3709383).
LogModuleManager: Display: Found up-to-date module file ../../../Engine/Plugins/Runtime/Steam/SteamVR/Binaries/Win64/UE4Editor-SteamVR.dll (API version 3709383).
LogModuleManager: Display: Found up-to-date module file ../../../Engine/Plugins/Runtime/Steam/SteamVR/Binaries/Win64/UE4Editor-SteamVRController.dll (API version 3709383).
LogModuleManager: Display: Found up-to-date module file ../../../Engine/Plugins/Runtime/WindowsMoviePlayer/Binaries/Win64/UE4Editor-WindowsMoviePlayer.dll (API version 3709383).
LogInit: Using libcurl 7.47.1
LogInit:  - built for x86_64-pc-win32
LogInit:  - supports SSL with OpenSSL/1.0.2g
LogInit:  - supports HTTP deflate (compression) using libz 1.2.8
LogInit:  - other features:
LogInit:      CURL_VERSION_SSL
LogInit:      CURL_VERSION_LIBZ
LogInit:      CURL_VERSION_IPV6
LogInit:      CURL_VERSION_ASYNCHDNS
LogInit:      CURL_VERSION_LARGEFILE
LogInit:      CURL_VERSION_IDN
LogInit:  CurlRequestOptions (configurable via config and command line):
LogInit:  - bVerifyPeer = false  - Libcurl will NOT verify peer certificate
LogInit:  - bUseHttpProxy = false  - Libcurl will NOT use HTTP proxy
LogInit:  - bDontReuseConnections = false  - Libcurl will reuse connections
LogInit:  - CertBundlePath = nullptr  - Libcurl will use whatever was configured at build time.
LogInit: Build: ++UE4+Release-4.18-CL-3832480
LogInit: Engine Version: 4.18.3-3832480+++UE4+Release-4.18
LogInit: Compatible Engine Version: 4.18.0-3709383+++UE4+Release-4.18
LogInit: Net CL: 3709383
LogDevObjectVersion: Number of dev versions registered: 16
LogDevObjectVersion:   Dev-Blueprints (B0D832E4-1F89-4F0D-ACCF-7EB736FD4AA2): 10
LogDevObjectVersion:   Dev-Build (E1C64328-A22C-4D53-A36C-8E866417BD8C): 0
LogDevObjectVersion:   Dev-Core (375EC13C-06E4-48FB-B500-84F0262A717E): 2
LogDevObjectVersion:   Dev-Editor (E4B068ED-F494-42E9-A231-DA0B2E46BB41): 20
LogDevObjectVersion:   Dev-Framework (CFFC743F-43B0-4480-9391-14DF171D2073): 30
LogDevObjectVersion:   Dev-Mobile (B02B49B5-BB20-44E9-A304-32B752E40360): 0
LogDevObjectVersion:   Dev-Networking (A4E4105C-59A1-49B5-A7C5-40C4547EDFEE): 0
LogDevObjectVersion:   Dev-Online (39C831C9-5AE6-47DC-9A44-9C173E1C8E7C): 0
LogDevObjectVersion:   Dev-Physics (78F01B33-EBEA-4F98-B9B4-84EACCB95AA2): 0
LogDevObjectVersion:   Dev-Platform (6631380F-2D4D-43E0-8009-CF276956A95A): 0
LogDevObjectVersion:   Dev-Rendering (12F88B9F-8875-4AFC-A67C-D90C383ABD29): 20
LogDevObjectVersion:   Dev-Sequencer (7B5AE74C-D270-4C10-A958-57980B212A5A): 4
LogDevObjectVersion:   Dev-VR (D7296918-1DD6-4BDD-9DE2-64A83CC13884): 0
LogDevObjectVersion:   Dev-LoadTimes (C2A15278-BFE7-4AFE-6C17-90FF531DF755): 1
LogDevObjectVersion:   Private-Geometry (6EACA3D4-40EC-4CC1-B786-8BED09428FC5): 1
LogDevObjectVersion:   Dev-AnimPhys (29E575DD-E0A3-4627-9D10-D276232CDCEA): 12
LogInit: Compiled (64-bit): Jan 12 2018 02:04:55
LogInit: Compiled with Visual C++: 19.00.24215.01
LogInit: Build Configuration: Development
LogInit: Branch Name: ++UE4+Release-4.18
LogInit: Command line: -EpicPortal 
LogInit: Base directory: D:/UE_4.18/Engine/Binaries/Win64/
LogInit: Installed Engine Build: 1
LogInit: Presizing for max 8388607 objects, including 0 objects not considered by GC, pre-allocating 0 bytes for permanent pool.
LogInit: Object subsystem initialized
[2018.03.24-19.18.56:233][  0]LogInit: Selected Device Profile: [Windows]
[2018.03.24-19.18.56:233][  0]LogInit: Applying CVar settings loaded from the selected device profile: [Windows]
[2018.03.24-19.18.56:244][  0]LogInit: Computer: DESKTOP-DBDP50N
[2018.03.24-19.18.56:244][  0]LogInit: User: ashee
[2018.03.24-19.18.56:244][  0]LogInit: CPU Page size=4096, Cores=4
[2018.03.24-19.18.56:244][  0]LogInit: High frequency timer resolution =4.101563 MHz
[2018.03.24-19.18.56:245][  0]LogMemory: Memory total: Physical=31.9GB (32GB approx)
[2018.03.24-19.18.56:245][  0]LogMemory: Platform Memory Stats for Windows
[2018.03.24-19.18.56:245][  0]LogMemory: Process Physical Memory: 275.86 MB used, 275.86 MB peak
[2018.03.24-19.18.56:245][  0]LogMemory: Process Virtual Memory: 272.09 MB used, 272.09 MB peak
[2018.03.24-19.18.56:245][  0]LogMemory: Physical Memory: 5272.04 MB used,  27429.05 MB free, 32701.09 MB total
[2018.03.24-19.18.56:245][  0]LogMemory: Virtual Memory: 691.33 MB used,  27429.05 MB free, 134217728.00 MB total
[2018.03.24-19.18.56:324][  0]LogInit: Using OS detected language (en-US).
[2018.03.24-19.18.56:324][  0]LogInit: Using OS detected locale (en-US).
[2018.03.24-19.18.56:325][  0]LogTextLocalizationManager: No specific localization for 'en-US' exists, so the 'en' localization will be used.
[2018.03.24-19.18.56:599][  0]LogInit: Setting process to per monitor DPI aware
[2018.03.24-19.18.56:744][  0]LogD3D11RHI: D3D11 adapters:
[2018.03.24-19.18.56:774][  0]LogD3D11RHI:    0. 'NVIDIA GeForce GTX 980 Ti' (Feature Level 11_0)
[2018.03.24-19.18.56:774][  0]LogD3D11RHI:       6097/0/16350 MB DedicatedVideo/DedicatedSystem/SharedSystem, Outputs:1, VendorId:0x10de
[2018.03.24-19.18.56:776][  0]LogD3D11RHI:    1. 'Microsoft Basic Render Driver' (Feature Level 11_0)
[2018.03.24-19.18.56:776][  0]LogD3D11RHI:       0/0/16350 MB DedicatedVideo/DedicatedSystem/SharedSystem, Outputs:0, VendorId:0x1414
[2018.03.24-19.18.56:776][  0]LogD3D11RHI: Chosen D3D11 Adapter: 0
[2018.03.24-19.18.56:781][  0]LogD3D11RHI: Creating new Direct3DDevice
[2018.03.24-19.18.56:781][  0]LogD3D11RHI:     GPU DeviceId: 0x17c8 (for the marketing name, search the web for "GPU Device Id")
[2018.03.24-19.18.56:781][  0]LogWindows: EnumDisplayDevices:
[2018.03.24-19.18.56:781][  0]LogWindows:    0. 'NVIDIA GeForce GTX 980 Ti' (P:1 D:1)
[2018.03.24-19.18.56:781][  0]LogWindows:    1. 'NVIDIA GeForce GTX 980 Ti' (P:0 D:0)
[2018.03.24-19.18.56:781][  0]LogWindows:    2. 'NVIDIA GeForce GTX 980 Ti' (P:0 D:0)
[2018.03.24-19.18.56:781][  0]LogWindows:    3. 'NVIDIA GeForce GTX 980 Ti' (P:0 D:0)
[2018.03.24-19.18.56:781][  0]LogWindows: DebugString: GetVideoDriverDetailsInvalid PrimaryIsNotTheChoosenAdapter GetVideoDriverDetailsInvalid PrimaryIsNotTheChoosenAdapter GetVideoDriverDetailsInvalid PrimaryIsNotTheChoosenAdapter GetVideoDriverDetailsInvalid PrimaryIsNotTheChoosenAdapter FoundDriverCount:0 
[2018.03.24-19.18.56:781][  0]LogD3D11RHI:     Adapter Name: NVIDIA GeForce GTX 980 Ti
[2018.03.24-19.18.56:781][  0]LogD3D11RHI:   Driver Version: Unknown (internal:Unknown, unified:Unknown)
[2018.03.24-19.18.56:781][  0]LogD3D11RHI:      Driver Date: Unknown
[2018.03.24-19.18.56:781][  0]LogRHI: Texture pool is 4268 MB (70% of 6097 MB)
[2018.03.24-19.18.56:802][  0]LogD3D11RHI: Async texture creation enabled
[2018.03.24-19.18.56:820][  0]LogD3D11RHI: GPU Timing Frequency: 1000.000000 (Debug: 2 2)
[2018.03.24-19.18.56:821][  0]LogShaderCompilers: Guid format shader working directory is -15 characters bigger than the processId version (../../../../My Documents/Repos/Unreal Class/03_Escape/Escape/Intermediate/Shaders/WorkingDirectory/10412/).
[2018.03.24-19.18.56:821][  0]LogShaderCompilers: Cleaned the shader compiler working directory 'C:/Users/ashee/AppData/Local/Temp/UnrealShaderWorkingDir/BB55BF83435D3B9D5D0D4096E244442F/'.
[2018.03.24-19.18.56:821][  0]LogShaderCompilers: Display: Using Local Shader Compiler.
[2018.03.24-19.18.58:053][  0]LogTemp: Display: Loaded TP AllDesktopTargetPlatform
[2018.03.24-19.18.58:083][  0]LogTemp: Display: Loaded TP MacClientTargetPlatform
[2018.03.24-19.18.58:111][  0]LogTemp: Display: Loaded TP MacNoEditorTargetPlatform
[2018.03.24-19.18.58:143][  0]LogTemp: Display: Loaded TP MacServerTargetPlatform
[2018.03.24-19.18.58:171][  0]LogTemp: Display: Loaded TP MacTargetPlatform
[2018.03.24-19.18.58:199][  0]LogTemp: Display: Loaded TP WindowsClientTargetPlatform
[2018.03.24-19.18.58:227][  0]LogTemp: Display: Loaded TP WindowsNoEditorTargetPlatform
[2018.03.24-19.18.58:255][  0]LogTemp: Display: Loaded TP WindowsServerTargetPlatform
[2018.03.24-19.18.58:278][  0]LogTemp: Display: Loaded TP WindowsTargetPlatform
[2018.03.24-19.18.58:306][  0]LogTemp: Display: Loaded TP Android_ASTCTargetPlatform
[2018.03.24-19.18.58:333][  0]LogTemp: Display: Loaded TP Android_ATCTargetPlatform
[2018.03.24-19.18.58:360][  0]LogTemp: Display: Loaded TP Android_DXTTargetPlatform
[2018.03.24-19.18.58:387][  0]LogTemp: Display: Loaded TP Android_ETC1TargetPlatform
[2018.03.24-19.18.58:419][  0]LogTemp: Display: Loaded TP Android_ETC2TargetPlatform
[2018.03.24-19.18.58:487][  0]LogTemp: Display: Loaded TP Android_MultiTargetPlatform
[2018.03.24-19.18.58:487][  0]LogTemp: Display: Loaded TP Android_PVRTCTargetPlatform
[2018.03.24-19.18.58:515][  0]LogTemp: Display: Loaded TP AndroidTargetPlatform
[2018.03.24-19.18.58:535][  0]LogTemp: Display: Loaded TP HTML5TargetPlatform
[2018.03.24-19.18.58:600][  0]LogTemp: Display: Loaded TP IOSTargetPlatform
[2018.03.24-19.18.58:620][  0]LogTemp: Display: Loaded TP TVOSTargetPlatform
[2018.03.24-19.18.58:660][  0]LogTemp: Display: Loaded TP LinuxClientTargetPlatform
[2018.03.24-19.18.58:687][  0]LogTemp: Display: Loaded TP LinuxNoEditorTargetPlatform
[2018.03.24-19.18.58:714][  0]LogTemp: Display: Loaded TP LinuxServerTargetPlatform
[2018.03.24-19.18.58:742][  0]LogTemp: Display: Loaded TP LinuxTargetPlatform
[2018.03.24-19.18.58:742][  0]LogTargetPlatformManager: Display: Building Assets For Windows
[2018.03.24-19.18.58:995][  0]LogDerivedDataCache: Display: Max Cache Size: 512 MB
[2018.03.24-19.18.59:042][  0]LogDerivedDataCache: Loaded boot cache 0.05s 78MB C:/Users/ashee/AppData/Local/UnrealEngine/4.18/DerivedDataCache/Boot.ddc.
[2018.03.24-19.18.59:042][  0]LogDerivedDataCache: Display: Loaded Boot cache: C:/Users/ashee/AppData/Local/UnrealEngine/4.18/DerivedDataCache/Boot.ddc
[2018.03.24-19.18.59:042][  0]LogDerivedDataCache: FDerivedDataBackendGraph:  Pak pak cache file ../../../../My Documents/Repos/Unreal Class/03_Escape/Escape/DerivedDataCache/DDC.ddp not found, will not use a pak cache.
[2018.03.24-19.18.59:042][  0]LogDerivedDataCache: Unable to find inner node Pak for hierarchical cache Hierarchy.
[2018.03.24-19.18.59:042][  0]LogDerivedDataCache: FDerivedDataBackendGraph:  CompressedPak pak cache file ../../../../My Documents/Repos/Unreal Class/03_Escape/Escape/DerivedDataCache/Compressed.ddp not found, will not use a pak cache.
[2018.03.24-19.18.59:042][  0]LogDerivedDataCache: Unable to find inner node CompressedPak for hierarchical cache Hierarchy.
[2018.03.24-19.18.59:055][  0]LogDerivedDataCache: Display: Pak cache opened for reading ../../../Engine/DerivedDataCache/Compressed.ddp.
[2018.03.24-19.18.59:066][  0]LogDerivedDataCache: Using Local data cache path C:/Users/ashee/AppData/Local/UnrealEngine/Common/DerivedDataCache: Writable
[2018.03.24-19.18.59:073][  0]LogMaterial: Verifying Global Shaders for PCD3D_SM5
[2018.03.24-19.18.59:074][  0]LogSlate: Using Freetype 2.6.0
[2018.03.24-19.18.59:076][  0]LogSlate: SlateFontCache - WITH_FREETYPE: 1, WITH_HARFBUZZ: 1
[2018.03.24-19.18.59:076][  0]LogSlate: SlateFontCache - WITH_FREETYPE: 1, WITH_HARFBUZZ: 1
[2018.03.24-19.18.59:316][  0]LogInit: Selected Device Profile: [Windows]
[2018.03.24-19.18.59:509][  0]LogSimplygon: Simplygon DLL not present - disabling.
[2018.03.24-19.18.59:530][  0]LogMeshReduction: Using SimplygonSwarm for distributed automatic mesh merging
[2018.03.24-19.18.59:530][  0]LogMeshReduction: Using QuadricMeshReduction for automatic static mesh reduction
[2018.03.24-19.18.59:530][  0]LogMeshReduction: No automatic skeletal mesh reduction module available
[2018.03.24-19.18.59:530][  0]LogMeshReduction: No automatic mesh merging module available
[2018.03.24-19.18.59:530][  0]LogMeshMerging: No automatic mesh merging module available
[2018.03.24-19.18.59:546][  0]LogNetVersion: Escape , NetCL: 3709383, EngineNetVer: 2, GameNetVer: 0 (Checksum: 3464171263)
[2018.03.24-19.18.59:647][  0]LogAssetRegistry: FAssetRegistry took 0.0240 seconds to start up
[2018.03.24-19.18.59:985][  0]LogPackageLocalizationCache: Processed 7 localized package path(s) for 2 prioritized culture(s) in 0.064881 seconds
[2018.03.24-19.18.59:989][  0]LogUObjectArray: 35870 objects as part of root set at end of initial load.
[2018.03.24-19.18.59:989][  0]LogUObjectAllocator: 7363696 out of 0 bytes used by permanent object pool.
[2018.03.24-19.18.59:989][  0]LogUObjectArray: CloseDisregardForGC: 0/0 objects in disregard for GC pool
[2018.03.24-19.19.00:017][  0]LogInit: WinSock: version 1.1 (2.2), MaxSocks=32767, MaxUdp=65467
[2018.03.24-19.19.01:618][  0]LogTcpMessaging: Initializing TcpMessaging bridge
[2018.03.24-19.19.01:645][  0]LogUdpMessaging: Initializing bridge on interface 0.0.0.0:0 to multicast group 230.0.0.1:6666.
[2018.03.24-19.19.02:120][  0]LogMaterial: Uniform references updated for custom material expression Custom.
[2018.03.24-19.19.02:363][  0]SourceControl: Source control is disabled
[2018.03.24-19.19.02:363][  0]SourceControl: Source control is disabled
[2018.03.24-19.19.02:392][  0]SourceControl: Source control is disabled
[2018.03.24-19.19.02:419][  0]SourceControl: Source control is disabled
[2018.03.24-19.19.02:865][  0]LogAndroidPermission: UAndroidPermissionCallbackProxy::GetInstance
[2018.03.24-19.19.03:019][  0]LogOcInput: OculusInput pre-init called
[2018.03.24-19.19.03:185][  0]LogEngine: Initializing Engine...
[2018.03.24-19.19.03:187][  0]LogHMD: Failed to initialize OpenVR with code 110
[2018.03.24-19.19.03:321][  0]LogStats: UGameplayTagsManager::ConstructGameplayTagTree: Construct from data asset -  0.000 s
[2018.03.24-19.19.03:321][  0]LogStats: UGameplayTagsManager::ConstructGameplayTagTree: GameplayTagTreeChangedEvent.Broadcast -  0.000 s
[2018.03.24-19.19.03:391][  0]LogAIModule: Creating AISystem for world Untitled
[2018.03.24-19.19.03:398][  0]LogInit: XAudio2 using 'Speakers (High Definition Audio Device)' : 2 channels at 48 kHz using 16 bits per sample (channel mask 0x3)
[2018.03.24-19.19.03:407][  0]LogInit: FAudioDevice initialized.
[2018.03.24-19.19.03:468][  0]LogDerivedDataCache: Saved boot cache 0.06s 78MB C:/Users/ashee/AppData/Local/UnrealEngine/4.18/DerivedDataCache/Boot.ddc.
[2018.03.24-19.19.03:475][  0]LogInit: Texture streaming: Enabled
[2018.03.24-19.19.03:526][  0]LogEngineSessionManager: EngineSessionManager initialized
[2018.03.24-19.19.03:608][  0]LogInit: Transaction tracking system initialized
[2018.03.24-19.19.03:771][  0]BlueprintLog: New page: Editor Load
[2018.03.24-19.19.04:274][  0]LocalizationService: Localization service is disabled
[2018.03.24-19.19.04:672][  0]LogConsoleResponse: Display: 
[2018.03.24-19.19.04:919][  0]LogCook: Display: Max memory allowance for cook 16384mb min free memory 0mb
[2018.03.24-19.19.04:920][  0]LogCook: Display: Mobile HDR setting 1
[2018.03.24-19.19.04:920][  0]LogGameplayTags: Display: UGameplayTagsManager::DoneAddingNativeTags. DelegateIsBound: 0
[2018.03.24-19.19.04:957][  0]LogFileCache: Scanning file cache for directory 'D:/My Documents/Repos/Unreal Class/03_Escape/Escape/Content/' took 0.15s
[2018.03.24-19.19.05:299][  0]LogLinker: Warning: Can't find file '/Engine/BasicShapes/Cube'
[2018.03.24-19.19.05:299][  0]LogLinker: Warning: Can't find file '/Engine/BasicShapes/Cube'
[2018.03.24-19.19.05:299][  0]LogUObjectGlobals: Warning: Failed to find object 'StaticMesh /Engine/BasicShapes/Cube.Cube'
[2018.03.24-19.19.05:588][  0]SourceControl: Source control is disabled
[2018.03.24-19.19.05:589][  0]Cmd: MAP LOAD FILE="../../../../My Documents/Repos/Unreal Class/03_Escape/Escape/Content/NewMap.umap" TEMPLATE=0 SHOWPROGRESS=1 FEATURELEVEL=3
[2018.03.24-19.19.05:639][  0]LightingResults: New page: Lighting Build
[2018.03.24-19.19.05:668][  0]MapCheck: New page: Map Check
[2018.03.24-19.19.05:668][  0]LightingResults: New page: Lighting Build
[2018.03.24-19.19.06:859][  0]LogAIModule: Creating AISystem for world NewMap
[2018.03.24-19.19.06:863][  0]LogEditorServer: Finished looking for orphan Actors (0.000 secs)
[2018.03.24-19.19.06:871][  0]Cmd: MAP CHECKDEP NOCLEARLOG
[2018.03.24-19.19.06:902][  0]MapCheck: Map check complete: 0 Error(s), 0 Warning(s), took 30.449ms to complete.
[2018.03.24-19.19.06:902][  0]LogFileHelpers: Loading map 'NewMap' took 1.314
[2018.03.24-19.19.07:174][  0]LogCollectionManager: Loaded 0 collections in 0.003304 seconds
[2018.03.24-19.19.07:231][  0]LogFileCache: Scanning file cache for directory 'D:/My Documents/Repos/Unreal Class/03_Escape/Escape/Saved/Collections/' took 0.01s
[2018.03.24-19.19.07:231][  0]LogFileCache: Scanning file cache for directory 'D:/My Documents/Repos/Unreal Class/03_Escape/Escape/Content/Developers/ashee/Collections/' took 0.01s
[2018.03.24-19.19.07:231][  0]LogFileCache: Scanning file cache for directory 'D:/My Documents/Repos/Unreal Class/03_Escape/Escape/Content/Collections/' took 0.01s
[2018.03.24-19.19.07:231][  0]LogCollectionManager: Rebuilt the GUID cache for 0 collections in 0.000000 seconds
[2018.03.24-19.19.07:237][  0]LogContentBrowser: Native class hierarchy populated in 0.0061 seconds. Added 2366 classes and 521 folders.
[2018.03.24-19.19.07:270][  0]LogContentBrowser: Native class hierarchy updated for 'WidgetCarousel' in 0.0004 seconds. Added 0 classes and 0 folders.
[2018.03.24-19.19.07:667][  0]LogContentBrowser: Native class hierarchy updated for 'AddContentDialog' in 0.0018 seconds. Added 0 classes and 0 folders.
[2018.03.24-19.19.07:721][  0]LogContentBrowser: Native class hierarchy updated for 'SceneOutliner' in 0.0004 seconds. Added 1 classes and 2 folders.
[2018.03.24-19.19.07:752][  0]LogSlate: Took 0.000177 seconds to synchronously load lazily loaded font '../../../Engine/Content/Slate/Fonts/Roboto-Regular.ttf' (155K)
[2018.03.24-19.19.07:753][  0]LogSlate: Took 0.000176 seconds to synchronously load lazily loaded font '../../../Engine/Content/Slate/Fonts/Roboto-Bold.ttf' (160K)
[2018.03.24-19.19.07:766][  0]LogSlate: Took 0.009306 seconds to synchronously load lazily loaded font '../../../Engine/Content/Editor/Slate/Fonts/FontAwesome.ttf' (139K)
[2018.03.24-19.19.07:938][  0]LogRenderer: Reallocating scene render targets to support 1208x652 Format 10 NumSamples 1 (Frame:1).
[2018.03.24-19.19.07:976][  0]LogSlate: Took 0.003598 seconds to synchronously load lazily loaded font '../../../Engine/Content/Slate/Fonts/Roboto-Light.ttf' (159K)
[2018.03.24-19.19.08:149][  0]LogContentBrowser: Native class hierarchy updated for 'HierarchicalLODOutliner' in 0.0005 seconds. Added 1 classes and 2 folders.
[2018.03.24-19.19.08:149][  0]LogLoad: (Engine Initialization) Total time: 13.88 seconds
[2018.03.24-19.19.08:149][  0]LogLoad: (Engine Initialization) Total Blueprint compile time: 0.00 seconds
[2018.03.24-19.19.08:149][  0]LogExternalProfiler: No external profilers were discovered.  External profiling features will not be available.
[2018.03.24-19.19.08:158][  0]LogWindowsTextInputMethodSystem: Display: IME system now deactivated.
[2018.03.24-19.19.08:171][  0]LogAssetRegistry: Asset discovery search completed in 8.5452 seconds
[2018.03.24-19.19.08:172][  0]LogCollectionManager: Rebuilt the object cache for 0 collections in 0.000000 seconds (found 0 objects)
[2018.03.24-19.19.08:172][  0]LogCollectionManager: Fixed up redirectors for 0 collections in 0.000049 seconds (updated 0 objects)
[2018.03.24-19.19.08:174][  0]LogContentStreaming: Texture pool size now 1000 MB
[2018.03.24-19.19.47:264][662]LogSlate: Took 0.000109 seconds to synchronously load lazily loaded font '../../../Engine/Content/Slate/Fonts/Roboto-Light.ttf' (159K)
[2018.03.24-19.19.48:000][662]LogRenderer: Reallocating scene render targets to support 1432x924 Format 10 NumSamples 1 (Frame:1).
[2018.03.25-01.26.38:418][698]LogDirectoryWatcher: Warning: Failed to begin reading directory changes for ../../../../My Documents/Repos/Unreal Class/03_Escape/Escape/Plugins/. Error: The system cannot find the file specified. (0x00000002)
[2018.03.25-01.27.25:061][444]LogWindows: LaunchURL http://epicgames.com
[2018.03.25-01.31.20:037][777]LogDirectoryWatcher: A directory notification for '../../../Engine/Plugins/' was aborted.
[2018.03.25-01.31.27:558][673]LogTemp: Repeating last play command: Selected Viewport
[2018.03.25-01.31.27:641][673]LogPlayLevel: PlayLevel: No blueprints needed recompiling
[2018.03.25-01.31.27:641][673]PIE: New page: PIE session: NewMap (Mar 24, 2018, 11:31:27 AM)
[2018.03.25-01.31.27:641][673]LogPlayLevel: Creating play world package: /Game/UEDPIE_0_NewMap
[2018.03.25-01.31.27:645][673]LogPlayLevel: PIE: StaticDuplicateObject took: (0.003801s)
[2018.03.25-01.31.27:646][673]LogAIModule: Creating AISystem for world NewMap
[2018.03.25-01.31.27:646][673]LogPlayLevel: PIE: World Init took: (0.000816s)
[2018.03.25-01.31.27:646][673]LogPlayLevel: PIE: Created PIE world by copying editor world from /Game/NewMap.NewMap to /Game/UEDPIE_0_NewMap.NewMap (0.004941s)
[2018.03.25-01.31.27:657][673]LogInit: XAudio2 using 'Speakers (High Definition Audio Device)' : 2 channels at 48 kHz using 16 bits per sample (channel mask 0x3)
[2018.03.25-01.31.27:664][673]LogInit: FAudioDevice initialized.
[2018.03.25-01.31.27:703][673]LogUObjectGlobals: Warning: Failed to find object 'Class /Script/Escape.EscapeGameMode'
[2018.03.25-01.31.27:703][673]LogLoad: Game class is 'GameModeBase'
[2018.03.25-01.31.27:705][673]LogWorld: Bringing World /Game/UEDPIE_0_NewMap.NewMap up for play (max tick rate 0) at 2018.03.24-18.31.27
[2018.03.25-01.31.27:705][673]LogWorld: Bringing up level for play took: 0.001005
[2018.03.25-01.31.27:732][673]LogContentBrowser: Native class hierarchy updated for 'MovieSceneCapture' in 0.0005 seconds. Added 11 classes and 0 folders.
[2018.03.25-01.31.27:733][673]LogTemp: Warning: SM_Chair_2 is at X=-320.000 Y=-370.000 Z=20.000
[2018.03.25-01.31.27:733][673]LogTemp: Warning: SM_TableRound_2 is at X=-210.000 Y=350.000 Z=20.000
[2018.03.25-01.31.27:733][673]PIE: Play in editor start time for /Game/UEDPIE_0_NewMap -0.423
[2018.03.25-01.32.08:472][551]LogEditorViewport: Clicking on Actor (LMB): StaticMeshActor (Wall_400x309)
[2018.03.25-01.32.21:637][113]LogEditorViewport: Clicking on Actor (LMB): StaticMeshActor (Wall_400x308)
[2018.03.25-01.32.34:743][679]LogEditorViewport: Clicking on Actor (LMB): StaticMeshActor (Wall_400x309)
[2018.03.25-01.32.41:845][526]LogEditorViewport: Clicking on Actor (LMB): StaticMeshActor (Floor_400x400)
[2018.03.25-01.32.43:388][707]LogEditorViewport: Clicking on Actor (LMB): StaticMeshActor (Wall_400x309)
[2018.03.25-01.33.07:489][590]LogEditorViewport: Clicking on Actor (LMB): StaticMeshActor (Wall_400x309)
[2018.03.25-01.33.39:157][384]LogEditorViewport: Clicking on Actor (LMB): StaticMeshActor (Floor_400x400)
[2018.03.25-01.33.43:835][941]LogTemp: Repeating last play command: Selected Viewport
[2018.03.25-01.33.43:842][941]LogPlayLevel: PlayLevel: No blueprints needed recompiling
[2018.03.25-01.33.43:842][941]PIE: New page: PIE session: NewMap (Mar 24, 2018, 11:33:43 AM)
[2018.03.25-01.33.43:842][941]LogPlayLevel: Creating play world package: /Game/UEDPIE_0_NewMap
[2018.03.25-01.33.43:845][941]LogPlayLevel: PIE: StaticDuplicateObject took: (0.002868s)
[2018.03.25-01.33.43:846][941]LogAIModule: Creating AISystem for world NewMap
[2018.03.25-01.33.43:846][941]LogPlayLevel: PIE: World Init took: (0.000625s)
[2018.03.25-01.33.43:846][941]LogPlayLevel: PIE: Created PIE world by copying editor world from /Game/NewMap.NewMap to /Game/UEDPIE_0_NewMap.NewMap (0.003727s)
[2018.03.25-01.33.43:856][941]LogInit: XAudio2 using 'Speakers (High Definition Audio Device)' : 2 channels at 48 kHz using 16 bits per sample (channel mask 0x3)
[2018.03.25-01.33.43:861][941]LogInit: FAudioDevice initialized.
[2018.03.25-01.33.43:890][941]LogLoad: Game class is 'GameModeBase'
[2018.03.25-01.33.43:891][941]LogWorld: Bringing World /Game/UEDPIE_0_NewMap.NewMap up for play (max tick rate 0) at 2018.03.24-18.33.43
[2018.03.25-01.33.43:891][941]LogWorld: Bringing up level for play took: 0.000781
[2018.03.25-01.33.43:892][941]LogTemp: Warning: SM_Chair_2 is at X=-320.000 Y=-370.000 Z=20.000
[2018.03.25-01.33.43:892][941]LogTemp: Warning: SM_TableRound_2 is at X=-210.000 Y=350.000 Z=20.000
[2018.03.25-01.33.43:892][941]PIE: Play in editor start time for /Game/UEDPIE_0_NewMap -0.264
[2018.03.25-01.34.03:919][335]MapCheck: New page: Map Check
[2018.03.25-01.34.03:930][335]Cmd: MAP REBUILD ALLVISIBLE
[2018.03.25-01.34.03:930][335]LogEditorServer: Rebuildmap Clear paths rebuilt
[2018.03.25-01.34.04:005][335]LogMaterial: Missing cached shader map for material FDebugViewModeMaterialProxy WorldGridMaterial, compiling. Is special engine material.
[2018.03.25-01.34.04:011][335]LogMaterial: Missing cached shader map for material FDebugViewModeMaterialProxy MaterialInstanceDynamic_1, compiling. 
[2018.03.25-01.34.04:015][335]LogMaterial: Missing cached shader map for material FDebugViewModeMaterialProxy M_Chair, compiling. 
[2018.03.25-01.34.04:020][335]LogMaterial: Missing cached shader map for material FDebugViewModeMaterialProxy M_TableRound, compiling. 
[2018.03.25-01.34.04:024][335]LogMaterial: Missing cached shader map for material FDebugViewModeMaterialProxy M_Ceramic_Tile_Checker, compiling. 
[2018.03.25-01.34.04:028][335]LogMaterial: Missing cached shader map for material FDebugViewModeMaterialProxy M_Frame, compiling. 
[2018.03.25-01.34.04:033][335]LogMaterial: Missing cached shader map for material FDebugViewModeMaterialProxy M_Door, compiling. 
[2018.03.25-01.34.04:038][335]LogMaterial: Missing cached shader map for material FDebugViewModeMaterialProxy M_Glass, compiling. 
[2018.03.25-01.34.04:042][335]LogMaterial: Missing cached shader map for material FDebugViewModeMaterialProxy M_Concrete_Tiles, compiling. 
[2018.03.25-01.34.04:882][335]TextureStreamingBuild: Display: Compiling optional shaders took 0.881 seconds.
[2018.03.25-01.34.04:908][335]LogLevel: Display: Export Material TexCoord Scales took 0.026 seconds.
[2018.03.25-01.34.04:912][335]TextureStreamingBuild: Display: Build Texture Streaming took 0.004 seconds.
[2018.03.25-01.34.04:919][335]LightingResults: New page: Lighting Build - Mar 24, 2018, 11:34:04 AM
[2018.03.25-01.34.04:951][335]LogSwarmInterface: [OpenConnection] Registering TCP channel ...
[2018.03.25-01.34.05:176][335]LogSwarmInterface: [OpenConnection] Connecting to agent ...
[2018.03.25-01.34.05:187][335]LogSwarmInterface: [TryOpenConnection] Testing the Agent
[2018.03.25-01.34.05:708][335]LogSwarmInterface: [TryOpenConnection] Opening Connection to Agent
[2018.03.25-01.34.05:708][335]LogSwarmInterface: [TryOpenConnection] Local Process ID is 10412
[2018.03.25-01.34.08:126][335]LogStaticLightingSystem: Warning: No importance volume found, so the scene bounding box was used.  You can optimize your scene's quality and lighting build times by adding importance volumes.
[2018.03.25-01.34.08:126][335]LogStaticLightingSystem: Running Lightmass w/ ImmediateImport mode ENABLED
[2018.03.25-01.34.08:126][335]LogStaticLightingSystem: Running Lightmass w/ ImmediateProcess mode ENABLED
[2018.03.25-01.34.08:126][335]LogStaticLightingSystem: Running Lightmass w/ Sorting mode ENABLED
[2018.03.25-01.34.08:126][335]LogStaticLightingSystem: Running Lightmass w/ Mapping paddings ENABLED
[2018.03.25-01.34.08:126][335]LogStaticLightingSystem: Running Lightmass w/ Mapping debug paddings DISABLED
[2018.03.25-01.34.08:209][335]Cmd: MAP CHECK DONTDISPLAYDIALOG
[2018.03.25-01.34.08:209][335]MapCheck: New page: NewMap - Mar 24, 2018, 11:34:08 AM
[2018.03.25-01.34.08:210][335]MapCheck: Error: WorldSettings_1 Maps need lighting rebuilt 
[2018.03.25-01.34.08:251][335]MapCheck: Map check complete: 1 Error(s), 0 Warning(s), took 41.136ms to complete.
[2018.03.25-01.34.08:272][335]LogEditorBuildUtils: Build time 0:04
[2018.03.25-01.34.10:197][484]Job is a success!
[2018.03.25-01.34.10:235][486]LogVolumetricLightmapImport: Imported Volumetric Lightmap in 0.007s
[2018.03.25-01.34.10:235][486]LogVolumetricLightmapImport:      Indirection Texture 16x16x16 = 0.0Mb
[2018.03.25-01.34.10:235][486]LogVolumetricLightmapImport:      BrickData 95x5x5 = 0.1Mb
[2018.03.25-01.34.10:235][486]LogVolumetricLightmapImport:      Bricks at Level
[2018.03.25-01.34.10:235][486]LogVolumetricLightmapImport:          0: 5.3% covering 100.0% of volume
[2018.03.25-01.34.10:235][486]LogVolumetricLightmapImport:          1: 5.3% covering 1.6% of volume
[2018.03.25-01.34.10:235][486]LogVolumetricLightmapImport:          2: 89.5% covering 0.4% of volume
[2018.03.25-01.34.10:449][486]LogTexture: Display: Building textures: HQ_Lightmap0_1 (AutoDXT, 1024X1024)
[2018.03.25-01.34.10:449][486]LogTexture: Display: Building textures: LQ_Lightmap_0_1 (DXT1, 1024X1024)
[2018.03.25-01.34.10:449][486]LogTexture: Display: Building textures: HQ_Lightmap0_2 (AutoDXT, 64X64)
[2018.03.25-01.34.10:449][486]LogTexture: Display: Building textures: LQ_Lightmap_0_2 (DXT1, 64X64)
[2018.03.25-01.34.10:449][486]LogTexture: Display: Building textures: ShadowMapTexture2D_1 (G8, 32X32)
[2018.03.25-01.34.10:450][486]LogTexture: Display: Building textures: ShadowMapTexture2D_0 (G8, 1024X256)
[2018.03.25-01.34.10:478][486]Lightmass on DESKTOP-DBDP50N: 1.57 sec total, 99 ms importing, 22 ms setup, 402 ms photons, 1.02 sec processing, 0 ms extra exporting [21/21 mappings]. Threads: 7.03 sec total, 3.50 sec processing.
[2018.03.25-01.34.10:492][486]LogStaticLightingSystem: Illumination: 5.56 sec (160 ms encoding lightmaps, 44 ms encoding shadowmaps)
[2018.03.25-01.34.10:492][486]LogStaticLightingSystem: Lightmap texture memory:  2.0 MB (2.0 MB streaming, 0.0 MB non-streaming), 4 textures
[2018.03.25-01.34.10:493][486]LogStaticLightingSystem: Shadowmap texture memory: 0.3 MB (0.3 MB streaming, 0.0 MB non-streaming), 2 textures
[2018.03.25-01.34.11:130][486]DumpUnbuiltLightIteractions
[2018.03.25-01.34.11:131][486]Lights with unbuilt interactions: 0
[2018.03.25-01.34.11:131][486]
[2018.03.25-01.34.11:131][486]Primitives with unbuilt interactions: 0
[2018.03.25-01.34.11:185][487]Cmd: MAP CHECK NOTIFYRESULTS
[2018.03.25-01.34.11:186][487]MapCheck: New page: NewMap - Mar 24, 2018, 11:34:11 AM
[2018.03.25-01.34.11:218][487]MapCheck: Map check complete: 0 Error(s), 0 Warning(s), took 32.896ms to complete.
[2018.03.25-01.34.17:256][211]LogTemp: Repeating last play command: Selected Viewport
[2018.03.25-01.34.17:263][211]LogPlayLevel: PlayLevel: No blueprints needed recompiling
[2018.03.25-01.34.17:263][211]PIE: New page: PIE session: NewMap (Mar 24, 2018, 11:34:17 AM)
[2018.03.25-01.34.17:263][211]LogPlayLevel: Creating play world package: /Game/UEDPIE_0_NewMap
[2018.03.25-01.34.17:265][211]LogPlayLevel: PIE: StaticDuplicateObject took: (0.001892s)
[2018.03.25-01.34.17:265][211]LogAIModule: Creating AISystem for world NewMap
[2018.03.25-01.34.17:265][211]LogPlayLevel: PIE: World Init took: (0.000473s)
[2018.03.25-01.34.17:266][211]LogPlayLevel: PIE: Created PIE world by copying editor world from /Game/NewMap.NewMap to /Game/UEDPIE_0_NewMap.NewMap (0.002578s)
[2018.03.25-01.34.17:275][211]LogInit: XAudio2 using 'Speakers (High Definition Audio Device)' : 2 channels at 48 kHz using 16 bits per sample (channel mask 0x3)
[2018.03.25-01.34.17:280][211]LogInit: FAudioDevice initialized.
[2018.03.25-01.34.17:307][211]LogLoad: Game class is 'GameModeBase'
[2018.03.25-01.34.17:308][211]LogWorld: Bringing World /Game/UEDPIE_0_NewMap.NewMap up for play (max tick rate 0) at 2018.03.24-18.34.17
[2018.03.25-01.34.17:308][211]LogWorld: Bringing up level for play took: 0.000816
[2018.03.25-01.34.17:309][211]LogTemp: Warning: SM_Chair_2 is at X=-320.000 Y=-370.000 Z=20.000
[2018.03.25-01.34.17:309][211]LogTemp: Warning: SM_TableRound_2 is at X=-210.000 Y=350.000 Z=20.000
[2018.03.25-01.34.17:309][211]PIE: Play in editor start time for /Game/UEDPIE_0_NewMap -0.847
[2018.03.25-01.35.27:390][595]LogSlate: Took 0.000187 seconds to synchronously load lazily loaded font '../../../Engine/Content/Slate/Fonts/Roboto-Light.ttf' (159K)
[2018.03.25-01.35.36:410][671]Cmd: OBJ SAVEPACKAGE PACKAGE="/Game/NewMap" FILE="../../../../My Documents/Repos/Unreal Class/03_Escape/Escape/Saved/Autosaves/Game/NewMap_Auto1.umap" SILENT=true AUTOSAVING=true KEEPDIRTY=false
[2018.03.25-01.35.36:589][671]LogSavePackage: Save=104.62ms
[2018.03.25-01.35.36:589][671]LogSavePackage: Moving '../../../../My Documents/Repos/Unreal Class/03_Escape/Escape/Saved/NewMap_Auto1F4A05FEF4CB85231C3A0788FEA0C4936.tmp' to '../../../../My Documents/Repos/Unreal Class/03_Escape/Escape/Saved/Autosaves/Game/NewMap_Auto1.umap'
[2018.03.25-01.35.36:589][671]LogSavePackage: Display: Finished SavePackage ../../../../My Documents/Repos/Unreal Class/03_Escape/Escape/Saved/Autosaves/Game/NewMap_Auto1.umap
[2018.03.25-01.35.36:590][671]LogFileHelpers: Editor autosave (incl. sublevels) for '/Game/NewMap' took 0.219
[2018.03.25-01.35.36:590][671]LogFileHelpers: Editor autosave (incl. sublevels) for all levels took 0.219
[2018.03.25-01.35.36:591][671]OBJ SavePackage: Generating thumbnails for [0] asset(s) in package [/Game/NewMap_BuiltData] ([1] browsable assets)...
[2018.03.25-01.35.36:591][671]OBJ SavePackage: Finished generating thumbnails for package [/Game/NewMap_BuiltData]
[2018.03.25-01.35.36:591][671]Cmd: OBJ SAVEPACKAGE PACKAGE="/Game/NewMap_BuiltData" FILE="../../../../My Documents/Repos/Unreal Class/03_Escape/Escape/Saved/Autosaves/Game/NewMap_BuiltData_Auto1.uasset" SILENT=false AUTOSAVING=true
[2018.03.25-01.35.36:623][671]LogSavePackage: Save=14.73ms
[2018.03.25-01.35.36:623][671]LogSavePackage: Moving '../../../../My Documents/Repos/Unreal Class/03_Escape/Escape/Saved/NewMap_BuiltData_Auto17690148D4E6E6DC5FFBB6D8795C2FA36.tmp' to '../../../../My Documents/Repos/Unreal Class/03_Escape/Escape/Saved/Autosaves/Game/NewMap_BuiltData_Auto1.uasset'
[2018.03.25-01.35.36:623][671]LogSavePackage: Display: Finished SavePackage ../../../../My Documents/Repos/Unreal Class/03_Escape/Escape/Saved/Autosaves/Game/NewMap_BuiltData_Auto1.uasset
[2018.03.25-01.35.36:623][671]LogFileHelpers: Auto-saving content packages took 0.033
[2018.03.25-01.37.34:757][198]Cmd: OBJ SAVEPACKAGE PACKAGE="/Game/NewMap" FILE="../../../../My Documents/Repos/Unreal Class/03_Escape/Escape/Content/NewMap.umap" SILENT=true AUTOSAVING=false KEEPDIRTY=false
[2018.03.25-01.37.34:859][198]LogSavePackage: Save=93.01ms
[2018.03.25-01.37.34:859][198]LogSavePackage: Moving '../../../../My Documents/Repos/Unreal Class/03_Escape/Escape/Saved/NewMap0E35C8374679195AD3239490530F35B7.tmp' to '../../../../My Documents/Repos/Unreal Class/03_Escape/Escape/Content/NewMap.umap'
[2018.03.25-01.37.34:860][198]LogSavePackage: Display: Finished SavePackage ../../../../My Documents/Repos/Unreal Class/03_Escape/Escape/Content/NewMap.umap
[2018.03.25-01.37.34:869][198]LogFileHelpers: Saving map 'NewMap' took 0.154
[2018.03.25-01.37.34:870][198]Cmd: OBJ SAVEPACKAGE PACKAGE="/Game/NewMap_BuiltData" FILE="../../../../My Documents/Repos/Unreal Class/03_Escape/Escape/Content/NewMap_BuiltData.uasset" SILENT=true
[2018.03.25-01.37.34:911][198]LogSavePackage: Save=39.81ms
[2018.03.25-01.37.34:911][198]LogSavePackage: Moving '../../../../My Documents/Repos/Unreal Class/03_Escape/Escape/Saved/NewMap_BuiltDataC61F05D147B3BA4CCAB68FB0B5D29649.tmp' to '../../../../My Documents/Repos/Unreal Class/03_Escape/Escape/Content/NewMap_BuiltData.uasset'
[2018.03.25-01.37.34:934][198]LogSavePackage: Display: Finished SavePackage ../../../../My Documents/Repos/Unreal Class/03_Escape/Escape/Content/NewMap_BuiltData.uasset
[2018.03.25-01.37.34:962][198]LogWindowsTextInputMethodSystem: Display: IME system now deactivated.
[2018.03.25-01.37.35:122][199]Cmd: QUIT_EDITOR
[2018.03.25-01.37.35:311][199]LogExit: Preparing to exit.
[2018.03.25-01.37.35:475][199]LogDirectoryWatcher: A directory notification for 'D:/My Documents/Repos/Unreal Class/03_Escape/Escape/Content/' was aborted.
[2018.03.25-01.37.35:487][199]LogExit: Editor shut down
[2018.03.25-01.37.35:490][199]LogExit: Transaction tracking system shut down
[2018.03.25-01.37.35:678][199]LogDirectoryWatcher: A directory notification for '../../../Engine/Content/' was aborted.
[2018.03.25-01.37.35:678][199]LogDirectoryWatcher: A directory notification for '../../../../My Documents/Repos/Unreal Class/03_Escape/Escape/Content/' was aborted.
[2018.03.25-01.37.35:678][199]LogDirectoryWatcher: A directory notification for '../../../Engine/Plugins/2D/Paper2D/Content/' was aborted.
[2018.03.25-01.37.35:679][199]LogDirectoryWatcher: A directory notification for '../../../Engine/Plugins/Media/MediaCompositing/Content/' was aborted.
[2018.03.25-01.37.35:679][199]LogDirectoryWatcher: A directory notification for '../../../Engine/Plugins/Runtime/AppleARKit/Content/' was aborted.
[2018.03.25-01.37.35:679][199]LogDirectoryWatcher: A directory notification for '../../../Engine/Plugins/Runtime/Oculus/OculusVR/Content/' was aborted.
[2018.03.25-01.37.35:679][199]LogDirectoryWatcher: A directory notification for '../../../Engine/Plugins/Runtime/Steam/SteamVR/Content/' was aborted.
[2018.03.25-01.37.35:709][199]LogExit: Object subsystem successfully closed.
[2018.03.25-01.37.35:727][199]LogD3D11RHI: Shutdown
[2018.03.25-01.37.35:727][199]LogD3D11RHI: CleanupD3DDevice
[2018.03.25-01.37.35:729][199]LogD3D11RHI: ~FD3D11DynamicRHI
[2018.03.25-01.37.35:734][199]LogModuleManager: Shutting down and abandoning module HierarchicalLODUtilities (556)
[2018.03.25-01.37.35:734][199]LogModuleManager: Shutting down and abandoning module MovieSceneCapture (554)
[2018.03.25-01.37.35:734][199]LogModuleManager: Shutting down and abandoning module StaticMeshEditor (552)
[2018.03.25-01.37.35:734][199]LogModuleManager: Shutting down and abandoning module HierarchicalLODOutliner (550)
[2018.03.25-01.37.35:734][199]LogModuleManager: Shutting down and abandoning module DesktopPlatform (548)
[2018.03.25-01.37.35:734][199]LogModuleManager: Shutting down and abandoning module SceneOutliner (546)
[2018.03.25-01.37.35:734][199]LogModuleManager: Shutting down and abandoning module AddContentDialog (544)
[2018.03.25-01.37.35:734][199]LogDirectoryWatcher: A directory notification for 'D:/UE_4.18/FeaturePacks/' was aborted.
[2018.03.25-01.37.35:735][199]LogModuleManager: Shutting down and abandoning module WidgetCarousel (543)
[2018.03.25-01.37.35:735][199]LogModuleManager: Shutting down and abandoning module EditorWidgets (540)
[2018.03.25-01.37.35:735][199]LogModuleManager: Shutting down and abandoning module CollectionManager (538)
[2018.03.25-01.37.35:735][199]LogDirectoryWatcher: A directory notification for 'D:/My Documents/Repos/Unreal Class/03_Escape/Escape/Content/Collections/' was aborted.
[2018.03.25-01.37.35:735][199]LogDirectoryWatcher: A directory notification for 'D:/My Documents/Repos/Unreal Class/03_Escape/Escape/Content/Developers/ashee/Collections/' was aborted.
[2018.03.25-01.37.35:735][199]LogDirectoryWatcher: A directory notification for 'D:/My Documents/Repos/Unreal Class/03_Escape/Escape/Saved/Collections/' was aborted.
[2018.03.25-01.37.35:735][199]LogModuleManager: Shutting down and abandoning module StatsViewer (536)
[2018.03.25-01.37.35:735][199]LogModuleManager: Shutting down and abandoning module FoliageEdit (534)
[2018.03.25-01.37.35:735][199]LogModuleManager: Shutting down and abandoning module LandscapeEditor (532)
[2018.03.25-01.37.35:735][199]LogModuleManager: Shutting down and abandoning module MeshPaintMode (530)
[2018.03.25-01.37.35:735][199]LogModuleManager: Shutting down and abandoning module SceneDepthPickerMode (528)
[2018.03.25-01.37.35:735][199]LogModuleManager: Shutting down and abandoning module ActorPickerMode (526)
[2018.03.25-01.37.35:735][199]LogModuleManager: Shutting down and abandoning module GeometryMode (524)
[2018.03.25-01.37.35:735][199]LogModuleManager: Shutting down and abandoning module TextureAlignMode (522)
[2018.03.25-01.37.35:735][199]LogModuleManager: Shutting down and abandoning module BspMode (520)
[2018.03.25-01.37.35:735][199]LogModuleManager: Shutting down and abandoning module PIEPreviewDeviceProfileSelector (518)
[2018.03.25-01.37.35:735][199]LogModuleManager: Shutting down and abandoning module HardwareSurvey (516)
[2018.03.25-01.37.35:735][199]LogModuleManager: Shutting down and abandoning module SequenceRecorderSections (514)
[2018.03.25-01.37.35:735][199]LogModuleManager: Shutting down and abandoning module AutomationWorker (512)
[2018.03.25-01.37.35:735][199]LogModuleManager: Shutting down and abandoning module MatineeToLevelSequence (510)
[2018.03.25-01.37.35:735][199]LogModuleManager: Shutting down and abandoning module LevelSequenceEditor (508)
[2018.03.25-01.37.35:736][199]LogModuleManager: Shutting down and abandoning module PlacementMode (507)
[2018.03.25-01.37.35:736][199]LogModuleManager: Shutting down and abandoning module WmfMediaFactory (504)
[2018.03.25-01.37.35:736][199]LogModuleManager: Shutting down and abandoning module WmfMediaEditor (502)
[2018.03.25-01.37.35:736][199]LogModuleManager: Shutting down and abandoning module OpenExrWrapper (500)
[2018.03.25-01.37.35:736][199]LogModuleManager: Shutting down and abandoning module ImgMediaFactory (498)
[2018.03.25-01.37.35:736][199]LogModuleManager: Shutting down and abandoning module ImgMediaEditor (496)
[2018.03.25-01.37.35:736][199]LogModuleManager: Shutting down and abandoning module AvfMediaFactory (494)
[2018.03.25-01.37.35:736][199]LogModuleManager: Shutting down and abandoning module AvfMediaEditor (492)
[2018.03.25-01.37.35:736][199]LogModuleManager: Shutting down and abandoning module AndroidMediaFactory (490)
[2018.03.25-01.37.35:736][199]LogModuleManager: Shutting down and abandoning module AndroidMediaEditor (488)
[2018.03.25-01.37.35:736][199]LogModuleManager: Shutting down and abandoning module CharacterAI (486)
[2018.03.25-01.37.35:736][199]LogModuleManager: Shutting down and abandoning module AudioCapture (484)
[2018.03.25-01.37.35:736][199]LogModuleManager: Shutting down and abandoning module SequenceRecorder (483)
[2018.03.25-01.37.35:736][199]LogModuleManager: Shutting down and abandoning module SmartSnapping (480)
[2018.03.25-01.37.35:736][199]LogModuleManager: Shutting down and abandoning module SessionServices (478)
[2018.03.25-01.37.35:736][199]LogModuleManager: Shutting down and abandoning module ViewportSnapping (476)
[2018.03.25-01.37.35:736][199]LogModuleManager: Shutting down and abandoning module ViewportInteraction (474)
[2018.03.25-01.37.35:736][199]LogModuleManager: Shutting down and abandoning module ClothPainter (472)
[2018.03.25-01.37.35:736][199]LogModuleManager: Shutting down and abandoning module SkeletalMeshEditor (471)
[2018.03.25-01.37.35:736][199]LogModuleManager: Shutting down and abandoning module LogVisualizer (468)
[2018.03.25-01.37.35:736][199]LogModuleManager: Shutting down and abandoning module IntroTutorials (466)
[2018.03.25-01.37.35:736][199]LogModuleManager: Shutting down and abandoning module GameProjectGeneration (465)
[2018.03.25-01.37.35:736][199]LogModuleManager: Shutting down and abandoning module IOSPlatformEditor (462)
[2018.03.25-01.37.35:736][199]LogModuleManager: Shutting down and abandoning module HTML5PlatformEditor (460)
[2018.03.25-01.37.35:736][199]LogModuleManager: Shutting down and abandoning module AndroidPlatformEditor (458)
[2018.03.25-01.37.35:736][199]LogModuleManager: Shutting down and abandoning module AndroidDeviceDetection (457)
[2018.03.25-01.37.36:192][199]LogModuleManager: Shutting down and abandoning module WindowsPlatformEditor (454)
[2018.03.25-01.37.36:192][199]LogModuleManager: Shutting down and abandoning module IOSRuntimeSettings (452)
[2018.03.25-01.37.36:192][199]LogModuleManager: Shutting down and abandoning module AndroidRuntimeSettings (450)
[2018.03.25-01.37.36:192][199]LogModuleManager: Shutting down and abandoning module InputBindingEditor (448)
[2018.03.25-01.37.36:192][199]LogModuleManager: Shutting down and abandoning module MergeActors (446)
[2018.03.25-01.37.36:192][199]LogModuleManager: Shutting down and abandoning module SizeMap (444)
[2018.03.25-01.37.36:192][199]LogModuleManager: Shutting down and abandoning module TreeMap (442)
[2018.03.25-01.37.36:192][199]LogModuleManager: Shutting down and abandoning module ReferenceViewer (440)
[2018.03.25-01.37.36:192][199]LogModuleManager: Shutting down and abandoning module LocalizationDashboard (438)
[2018.03.25-01.37.36:193][199]LogModuleManager: Shutting down and abandoning module LocalizationService (437)
[2018.03.25-01.37.36:193][199]LogModuleManager: Shutting down and abandoning module HardwareTargeting (434)
[2018.03.25-01.37.36:193][199]LogModuleManager: Shutting down and abandoning module DeviceProfileEditor (432)
[2018.03.25-01.37.36:193][199]LogModuleManager: Shutting down and abandoning module UndoHistory (430)
[2018.03.25-01.37.36:193][199]LogModuleManager: Shutting down and abandoning module XmlParser (428)
[2018.03.25-01.37.36:193][199]LogModuleManager: Shutting down and abandoning module Blutility (426)
[2018.03.25-01.37.36:193][199]LogModuleManager: Shutting down and abandoning module ProjectSettingsViewer (424)
[2018.03.25-01.37.36:193][199]LogModuleManager: Shutting down and abandoning module ProjectTargetPlatformEditor (423)
[2018.03.25-01.37.36:193][199]LogModuleManager: Shutting down and abandoning module EditorSettingsViewer (420)
[2018.03.25-01.37.36:193][199]LogModuleManager: Shutting down and abandoning module SettingsEditor (418)
[2018.03.25-01.37.36:193][199]LogModuleManager: Shutting down and abandoning module ProjectLauncher (416)
[2018.03.25-01.37.36:193][199]LogModuleManager: Shutting down and abandoning module SessionFrontend (414)
[2018.03.25-01.37.36:193][199]LogModuleManager: Shutting down and abandoning module ProfilerClient (412)
[2018.03.25-01.37.36:193][199]LogModuleManager: Shutting down and abandoning module DeviceManager (410)
[2018.03.25-01.37.36:194][199]LogModuleManager: Shutting down and abandoning module TargetDeviceServices (409)
[2018.03.25-01.37.36:246][199]LogModuleManager: Shutting down and abandoning module AutomationController (406)
[2018.03.25-01.37.36:246][199]LogModuleManager: Shutting down and abandoning module AutomationWindow (404)
[2018.03.25-01.37.36:246][199]LogModuleManager: Shutting down and abandoning module Layers (402)
[2018.03.25-01.37.36:246][199]LogModuleManager: Shutting down and abandoning module ComponentVisualizers (400)
[2018.03.25-01.37.36:246][199]LogModuleManager: Shutting down and abandoning module DetailCustomizations (398)
[2018.03.25-01.37.36:246][199]LogModuleManager: Shutting down and abandoning module PackagesDialog (396)
[2018.03.25-01.37.36:247][199]LogModuleManager: Shutting down and abandoning module Persona (394)
[2018.03.25-01.37.36:247][199]LogModuleManager: Shutting down and abandoning module AdvancedPreviewScene (393)
[2018.03.25-01.37.36:247][199]LogModuleManager: Shutting down and abandoning module AnimGraph (391)
[2018.03.25-01.37.36:247][199]LogModuleManager: Shutting down and abandoning module Kismet (388)
[2018.03.25-01.37.36:247][199]LogModuleManager: Shutting down and abandoning module ClassViewer (386)
[2018.03.25-01.37.36:247][199]LogModuleManager: Shutting down and abandoning module Toolbox (384)
[2018.03.25-01.37.36:247][199]LogModuleManager: Shutting down and abandoning module ModuleUI (382)
[2018.03.25-01.37.36:247][199]LogModuleManager: Shutting down and abandoning module MovieSceneTools (380)
[2018.03.25-01.37.36:247][199]LogModuleManager: Shutting down and abandoning module OutputLog (378)
[2018.03.25-01.37.36:247][199]LogModuleManager: Shutting down and abandoning module GammaUI (376)
[2018.03.25-01.37.36:248][199]LogModuleManager: Shutting down and abandoning module Documentation (374)
[2018.03.25-01.37.36:248][199]LogModuleManager: Shutting down and abandoning module MovieSceneTracks (372)
[2018.03.25-01.37.36:248][199]LogModuleManager: Shutting down and abandoning module MovieScene (370)
[2018.03.25-01.37.36:248][199]LogModuleManager: Shutting down and abandoning module StreamingPauseRendering (368)
[2018.03.25-01.37.36:248][199]LogModuleManager: Shutting down and abandoning module LauncherPlatform (366)
[2018.03.25-01.37.36:248][199]LogModuleManager: Shutting down and abandoning module AnalyticsET (364)
[2018.03.25-01.37.36:248][199]LogModuleManager: Shutting down and abandoning module PortalServices (362)
[2018.03.25-01.37.36:248][199]LogModuleManager: Shutting down and abandoning module PortalRpc (360)
[2018.03.25-01.37.36:248][199]LogModuleManager: Shutting down and abandoning module MessagingRpc (358)
[2018.03.25-01.37.36:248][199]LogModuleManager: Shutting down and abandoning module AIModule (356)
[2018.03.25-01.37.36:248][199]LogModuleManager: Shutting down and abandoning module GameplayDebugger (355)
[2018.03.25-01.37.36:248][199]LogModuleManager: Shutting down and abandoning module AITestSuite (353)
[2018.03.25-01.37.36:248][199]LogModuleManager: Shutting down and abandoning module ProfilerService (350)
[2018.03.25-01.37.36:408][199]LogModuleManager: Shutting down and abandoning module TaskGraph (348)
[2018.03.25-01.37.36:408][199]LogModuleManager: Shutting down and abandoning module SteamVRController (346)
[2018.03.25-01.37.36:408][199]LogModuleManager: Shutting down and abandoning module ProceduralMeshComponentEditor (344)
[2018.03.25-01.37.36:408][199]LogModuleManager: Shutting down and abandoning module ProceduralMeshComponent (342)
[2018.03.25-01.37.36:408][199]LogModuleManager: Shutting down and abandoning module OculusInput (340)
[2018.03.25-01.37.36:408][199]LogModuleManager: Shutting down and abandoning module MobilePatchingUtils (338)
[2018.03.25-01.37.36:408][199]LogModuleManager: Shutting down and abandoning module CustomMeshComponent (336)
[2018.03.25-01.37.36:408][199]LogModuleManager: Shutting down and abandoning module CableComponent (334)
[2018.03.25-01.37.36:408][199]LogModuleManager: Shutting down and abandoning module ArchVisCharacter (332)
[2018.03.25-01.37.36:408][199]LogModuleManager: Shutting down and abandoning module AndroidPermission (330)
[2018.03.25-01.37.36:408][199]LogModuleManager: Shutting down and abandoning module ActorSequence (326)
[2018.03.25-01.37.36:408][199]LogModuleManager: Shutting down and abandoning module MediaPlayerEditor (324)
[2018.03.25-01.37.36:408][199]LogModuleManager: Shutting down and abandoning module MediaCompositingEditor (322)
[2018.03.25-01.37.36:408][199]LogModuleManager: Shutting down and abandoning module MediaCompositing (320)
[2018.03.25-01.37.36:408][199]LogModuleManager: Shutting down and abandoning module HTML5Networking (318)
[2018.03.25-01.37.36:408][199]LogModuleManager: Shutting down and abandoning module AlembicImporter (316)
[2018.03.25-01.37.36:408][199]LogModuleManager: Shutting down and abandoning module AlembicLibrary (315)
[2018.03.25-01.37.36:408][199]LogModuleManager: Shutting down and abandoning module GeometryCache (314)
[2018.03.25-01.37.36:408][199]LogModuleManager: Shutting down and abandoning module GeometryCacheEd (313)
[2018.03.25-01.37.36:408][199]LogModuleManager: Shutting down and abandoning module SpeedTreeImporter (308)
[2018.03.25-01.37.36:408][199]LogModuleManager: Shutting down and abandoning module PluginBrowser (306)
[2018.03.25-01.37.36:408][199]LogModuleManager: Shutting down and abandoning module MobileLauncherProfileWizard (304)
[2018.03.25-01.37.36:408][199]LogModuleManager: Shutting down and abandoning module VisualStudioSourceCodeAccess (302)
[2018.03.25-01.37.36:408][199]LogModuleManager: Shutting down and abandoning module VisualStudioCodeSourceCodeAccess (300)
[2018.03.25-01.37.36:408][199]LogModuleManager: Shutting down and abandoning module UObjectPlugin (298)
[2018.03.25-01.37.36:408][199]LogModuleManager: Shutting down and abandoning module SubversionSourceControl (296)
[2018.03.25-01.37.36:408][199]LogModuleManager: Shutting down and abandoning module PerforceSourceControl (294)
[2018.03.25-01.37.36:409][199]LogModuleManager: Shutting down and abandoning module GitSourceControl (292)
[2018.03.25-01.37.36:409][199]LogModuleManager: Shutting down and abandoning module SourceControl (291)
[2018.03.25-01.37.36:409][199]LogModuleManager: Shutting down and abandoning module LightPropagationVolumeEditor (288)
[2018.03.25-01.37.36:409][199]LogModuleManager: Shutting down and abandoning module PaperTiledImporter (286)
[2018.03.25-01.37.36:409][199]LogModuleManager: Shutting down and abandoning module PaperSpriteSheetImporter (284)
[2018.03.25-01.37.36:409][199]LogModuleManager: Shutting down and abandoning module Paper2DEditor (282)
[2018.03.25-01.37.36:409][199]LogModuleManager: Shutting down and abandoning module MeshPaint (281)
[2018.03.25-01.37.36:409][199]LogModuleManager: Shutting down and abandoning module LevelEditor (279)
[2018.03.25-01.37.36:409][199]LogModuleManager: Shutting down and abandoning module PixelInspectorModule (278)
[2018.03.25-01.37.36:409][199]LogModuleManager: Shutting down and abandoning module MainFrame (276)
[2018.03.25-01.37.36:409][199]LogModuleManager: Shutting down and abandoning module HotReload (275)
[2018.03.25-01.37.36:409][199]LogDirectoryWatcher: A directory notification for 'D:/My Documents/Repos/Unreal Class/03_Escape/Escape/Binaries/Win64' was aborted.
[2018.03.25-01.37.36:410][199]LogModuleManager: Shutting down and abandoning module Escape (270)
[2018.03.25-01.37.36:410][199]LogModuleManager: Shutting down and abandoning module RuntimePhysXCooking (268)
[2018.03.25-01.37.36:410][199]LogModuleManager: Shutting down and abandoning module PhysXVehiclesEditor (266)
[2018.03.25-01.37.36:410][199]LogModuleManager: Shutting down and abandoning module PhysXVehicles (264)
[2018.03.25-01.37.36:410][199]LogModuleManager: Shutting down and abandoning module OculusEditor (262)
[2018.03.25-01.37.36:410][199]LogModuleManager: Shutting down and abandoning module LocationServicesBPLibrary (260)
[2018.03.25-01.37.36:410][199]LogModuleManager: Shutting down and abandoning module ImmediatePhysicsEditor (258)
[2018.03.25-01.37.36:410][199]LogModuleManager: Shutting down and abandoning module ImmediatePhysics (256)
[2018.03.25-01.37.36:410][199]LogModuleManager: Shutting down and abandoning module UdpMessaging (254)
[2018.03.25-01.37.36:510][199]LogModuleManager: Shutting down and abandoning module TcpMessaging (252)
[2018.03.25-01.37.36:610][199]LogModuleManager: Shutting down and abandoning module GameplayTagsEditor (250)
[2018.03.25-01.37.36:610][199]LogModuleManager: Shutting down and abandoning module FacialAnimationEditor (248)
[2018.03.25-01.37.36:610][199]LogModuleManager: Shutting down and abandoning module FacialAnimation (246)
[2018.03.25-01.37.36:610][199]LogModuleManager: Shutting down and abandoning module AssetManagerEditor (244)
[2018.03.25-01.37.36:610][199]LogModuleManager: Shutting down and abandoning module GraphEditor (243)
[2018.03.25-01.37.36:610][199]LogModuleManager: Shutting down and abandoning module ContentBrowser (241)
[2018.03.25-01.37.36:611][199]LogModuleManager: Shutting down and abandoning module LightPropagationVolumeRuntime (238)
[2018.03.25-01.37.36:611][199]LogModuleManager: Shutting down and abandoning module Paper2D (236)
[2018.03.25-01.37.36:611][199]LogModuleManager: Shutting down and abandoning module WindowsMoviePlayer (234)
[2018.03.25-01.37.36:611][199]LogModuleManager: Shutting down and abandoning module WmfMedia (232)
[2018.03.25-01.37.36:612][199]LogModuleManager: Shutting down and abandoning module ImgMedia (230)
[2018.03.25-01.37.36:612][199]LogModuleManager: Shutting down and abandoning module PacketHandler (228)
[2018.03.25-01.37.36:612][199]LogModuleManager: Shutting down and abandoning module ClothingSystemEditor (226)
[2018.03.25-01.37.36:612][199]LogModuleManager: Shutting down and abandoning module ClothingSystemRuntime (224)
[2018.03.25-01.37.36:612][199]LogModuleManager: Shutting down and abandoning module MediaAssets (222)
[2018.03.25-01.37.36:612][199]LogModuleManager: Shutting down and abandoning module Media (221)
[2018.03.25-01.37.36:618][199]LogModuleManager: Shutting down and abandoning module Overlay (218)
[2018.03.25-01.37.36:618][199]LogModuleManager: Shutting down and abandoning module OverlayEditor (217)
[2018.03.25-01.37.36:618][199]LogModuleManager: Shutting down and abandoning module VREditor (214)
[2018.03.25-01.37.36:618][199]LogModuleManager: Shutting down and abandoning module StringTableEditor (212)
[2018.03.25-01.37.36:618][199]LogModuleManager: Shutting down and abandoning module GameplayTasksEditor (210)
[2018.03.25-01.37.36:618][199]LogModuleManager: Shutting down and abandoning module BehaviorTreeEditor (208)
[2018.03.25-01.37.36:618][199]LogModuleManager: Shutting down and abandoning module FunctionalTesting (206)
[2018.03.25-01.37.36:618][199]LogModuleManager: Shutting down and abandoning module CollisionAnalyzer (204)
[2018.03.25-01.37.36:618][199]LogModuleManager: Shutting down and abandoning module WorkspaceMenuStructure (203)
[2018.03.25-01.37.36:618][199]LogModuleManager: Shutting down and abandoning module UMG (200)
[2018.03.25-01.37.36:618][199]LogModuleManager: Shutting down and abandoning module UMGEditor (199)
[2018.03.25-01.37.36:618][199]LogModuleManager: Shutting down and abandoning module Sequencer (198)
[2018.03.25-01.37.36:618][199]LogModuleManager: Shutting down and abandoning module MessageLog (195)
[2018.03.25-01.37.36:618][199]LogModuleManager: Shutting down and abandoning module SlateReflector (190)
[2018.03.25-01.37.36:618][199]LogModuleManager: Shutting down and abandoning module Slate (188)
[2018.03.25-01.37.36:618][199]LogModuleManager: Shutting down and abandoning module EditorStyle (186)
[2018.03.25-01.37.36:620][199]LogModuleManager: Shutting down and abandoning module MRMesh (184)
[2018.03.25-01.37.36:620][199]LogModuleManager: Shutting down and abandoning module SourceCodeAccess (182)
[2018.03.25-01.37.36:620][199]LogModuleManager: Shutting down and abandoning module HeadMountedDisplay (180)
[2018.03.25-01.37.36:620][199]LogModuleManager: Shutting down and abandoning module XAudio2 (178)
[2018.03.25-01.37.36:620][199]LogModuleManager: Shutting down and abandoning module Networking (176)
[2018.03.25-01.37.36:620][199]LogModuleManager: Shutting down and abandoning module Core (172)
[2018.03.25-01.37.36:620][199]LogModuleManager: Shutting down and abandoning module LevelSequence (168)
[2018.03.25-01.37.36:620][199]LogModuleManager: Shutting down and abandoning module DirectoryWatcher (166)
[2018.03.25-01.37.36:620][199]LogModuleManager: Shutting down and abandoning module KismetCompiler (164)
[2018.03.25-01.37.36:620][199]LogModuleManager: Shutting down and abandoning module MeshUtilities (162)
[2018.03.25-01.37.36:620][199]LogModuleManager: Shutting down and abandoning module MeshMergeUtilities (161)
[2018.03.25-01.37.36:620][199]LogModuleManager: Shutting down and abandoning module MeshReductionInterface (160)
[2018.03.25-01.37.36:620][199]LogModuleManager: Shutting down and abandoning module SimplygonSwarm (159)
[2018.03.25-01.37.36:620][199]LogModuleManager: Shutting down and abandoning module SimplygonMeshReduction (157)
[2018.03.25-01.37.36:620][199]LogModuleManager: Shutting down and abandoning module QuadricMeshReduction (155)
[2018.03.25-01.37.36:620][199]LogModuleManager: Shutting down and abandoning module MaterialBaking (151)
[2018.03.25-01.37.36:621][199]LogModuleManager: Shutting down and abandoning module DerivedDataCache (148)
[2018.03.25-01.37.36:640][199]LogDerivedDataCache: Shutdown
[2018.03.25-01.37.36:640][199]LogModuleManager: Shutting down and abandoning module TargetPlatform (146)
[2018.03.25-01.37.36:640][199]LogModuleManager: Shutting down and abandoning module VulkanShaderFormat (145)
[2018.03.25-01.37.36:640][199]LogModuleManager: Shutting down and abandoning module ShaderFormatVectorVM (143)
[2018.03.25-01.37.36:640][199]LogModuleManager: Shutting down and abandoning module ShaderFormatOpenGL (141)
[2018.03.25-01.37.36:640][199]LogModuleManager: Shutting down and abandoning module ShaderFormatD3D (139)
[2018.03.25-01.37.36:640][199]LogModuleManager: Shutting down and abandoning module MetalShaderFormat (137)
[2018.03.25-01.37.36:640][199]LogModuleManager: Shutting down and abandoning module TextureFormatUncompressed (135)
[2018.03.25-01.37.36:640][199]LogModuleManager: Shutting down and abandoning module TextureFormatPVR (133)
[2018.03.25-01.37.36:640][199]LogModuleManager: Shutting down and abandoning module TextureFormatDXT (131)
[2018.03.25-01.37.36:640][199]LogModuleManager: Shutting down and abandoning module TextureFormatIntelISPCTexComp (129)
[2018.03.25-01.37.36:640][199]LogModuleManager: Shutting down and abandoning module TextureFormatASTC (127)
[2018.03.25-01.37.36:640][199]LogModuleManager: Shutting down and abandoning module ImageWrapper (126)
[2018.03.25-01.37.36:640][199]LogModuleManager: Shutting down and abandoning module TextureFormatAndroid (123)
[2018.03.25-01.37.36:640][199]LogModuleManager: Shutting down and abandoning module AudioFormatOpus (121)
[2018.03.25-01.37.36:640][199]LogModuleManager: Shutting down and abandoning module AudioFormatOgg (119)
[2018.03.25-01.37.36:640][199]LogModuleManager: Shutting down and abandoning module AudioFormatADPCM (117)
[2018.03.25-01.37.36:640][199]LogModuleManager: Shutting down and abandoning module LinuxTargetPlatform (115)
[2018.03.25-01.37.36:640][199]LogModuleManager: Shutting down and abandoning module LinuxServerTargetPlatform (113)
[2018.03.25-01.37.36:640][199]LogModuleManager: Shutting down and abandoning module LinuxNoEditorTargetPlatform (111)
[2018.03.25-01.37.36:640][199]LogModuleManager: Shutting down and abandoning module LinuxClientTargetPlatform (109)
[2018.03.25-01.37.36:640][199]LogModuleManager: Shutting down and abandoning module TVOSTargetPlatform (107)
[2018.03.25-01.37.36:640][199]LogModuleManager: Shutting down and abandoning module Messaging (105)
[2018.03.25-01.37.36:640][199]LogModuleManager: Shutting down and abandoning module IOSTargetPlatform (103)
[2018.03.25-01.37.36:640][199]LogModuleManager: Shutting down and abandoning module HTML5TargetPlatform (101)
[2018.03.25-01.37.36:640][199]LogModuleManager: Shutting down and abandoning module AndroidTargetPlatform (99)
[2018.03.25-01.37.36:640][199]LogModuleManager: Shutting down and abandoning module Android_PVRTCTargetPlatform (97)
[2018.03.25-01.37.36:640][199]LogModuleManager: Shutting down and abandoning module Android_MultiTargetPlatform (95)
[2018.03.25-01.37.36:640][199]LogModuleManager: Shutting down and abandoning module Android_ETC2TargetPlatform (93)
[2018.03.25-01.37.36:640][199]LogModuleManager: Shutting down and abandoning module Android_ETC1TargetPlatform (91)
[2018.03.25-01.37.36:640][199]LogModuleManager: Shutting down and abandoning module Android_DXTTargetPlatform (89)
[2018.03.25-01.37.36:640][199]LogModuleManager: Shutting down and abandoning module Android_ATCTargetPlatform (87)
[2018.03.25-01.37.36:640][199]LogModuleManager: Shutting down and abandoning module Android_ASTCTargetPlatform (85)
[2018.03.25-01.37.36:640][199]LogModuleManager: Shutting down and abandoning module WindowsTargetPlatform (83)
[2018.03.25-01.37.36:640][199]LogModuleManager: Shutting down and abandoning module WindowsServerTargetPlatform (81)
[2018.03.25-01.37.36:640][199]LogModuleManager: Shutting down and abandoning module WindowsNoEditorTargetPlatform (79)
[2018.03.25-01.37.36:640][199]LogModuleManager: Shutting down and abandoning module WindowsClientTargetPlatform (77)
[2018.03.25-01.37.36:640][199]LogModuleManager: Shutting down and abandoning module MacTargetPlatform (75)
[2018.03.25-01.37.36:640][199]LogModuleManager: Shutting down and abandoning module MacServerTargetPlatform (73)
[2018.03.25-01.37.36:640][199]LogModuleManager: Shutting down and abandoning module MacNoEditorTargetPlatform (71)
[2018.03.25-01.37.36:640][199]LogModuleManager: Shutting down and abandoning module MacClientTargetPlatform (69)
[2018.03.25-01.37.36:640][199]LogModuleManager: Shutting down and abandoning module AllDesktopTargetPlatform (67)
[2018.03.25-01.37.36:640][199]LogModuleManager: Shutting down and abandoning module InputCore (64)
[2018.03.25-01.37.36:640][199]LogModuleManager: Shutting down and abandoning module Settings (62)
[2018.03.25-01.37.36:640][199]LogModuleManager: Shutting down and abandoning module PhysXCooking (60)
[2018.03.25-01.37.36:640][199]LogModuleManager: Shutting down and abandoning module SteamVR (58)
[2018.03.25-01.37.36:640][199]LogModuleManager: Shutting down and abandoning module OculusHMD (56)
[2018.03.25-01.37.36:640][199]LogModuleManager: Shutting down and abandoning module ExampleDeviceProfileSelector (54)
[2018.03.25-01.37.36:640][199]LogModuleManager: Shutting down and abandoning module AppleARKit (52)
[2018.03.25-01.37.36:641][199]LogModuleManager: Shutting down and abandoning module AugmentedReality (51)
[2018.03.25-01.37.36:641][199]LogModuleManager: Shutting down and abandoning module OnlineBlueprintSupport (48)
[2018.03.25-01.37.36:641][199]LogModuleManager: Shutting down and abandoning module OnlineSubsystem (44)
[2018.03.25-01.37.36:641][199]LogModuleManager: Shutting down and abandoning module XMPP (43)
[2018.03.25-01.37.36:641][199]LogModuleManager: Shutting down and abandoning module HTTP (41)
[2018.03.25-01.37.36:641][199]LogHttp: Display: Http module shutting down, but needs to wait on 1 outstanding Http requests:
[2018.03.25-01.37.36:641][199]LogHttp: Display: 	verb=[POST] url=[https://datarouter.ol.epicgames.com/datarouter/api/v1/public/data?SessionID=%7BF28E20C6-4A99-C90E-52BC-099DFC39EEC3%7D&AppID=UEEditor.Rocket.Release&AppVersion=4.18.3-3832480%2B%2B%2BUE4%2BRelease-4.18&UserID=c623c38a4644157b8d62bd9c96da1125%7Cef80ea24ccd440479d9456400eb2e2ea%7C0fdb0f32-4654-459a-a5e7-020c5999b653&AppEnvironment=datacollector-binary&UploadType=eteventstream] status=Processing
[2018.03.25-01.37.36:645][199]LogModuleManager: Shutting down and abandoning module SSL (40)
[2018.03.25-01.37.36:646][199]LogModuleManager: Shutting down and abandoning module AnimationModifiers (36)
[2018.03.25-01.37.36:646][199]LogModuleManager: Shutting down and abandoning module PropertyEditor (35)
[2018.03.25-01.37.36:646][199]LogModuleManager: Shutting down and abandoning module AudioEditor (32)
[2018.03.25-01.37.36:646][199]LogModuleManager: Shutting down and abandoning module TextureCompressor (30)
[2018.03.25-01.37.36:646][199]LogModuleManager: Shutting down and abandoning module ShaderCore (28)
[2018.03.25-01.37.36:646][199]LogModuleManager: Shutting down and abandoning module Landscape (26)
[2018.03.25-01.37.36:646][199]LogModuleManager: Shutting down and abandoning module SlateRHIRenderer (24)
[2018.03.25-01.37.36:646][199]LogModuleManager: Shutting down and abandoning module OpenGLDrv (22)
[2018.03.25-01.37.36:646][199]LogModuleManager: Shutting down and abandoning module D3D11RHI (20)
[2018.03.25-01.37.36:646][199]LogModuleManager: Shutting down and abandoning module AnimGraphRuntime (18)
[2018.03.25-01.37.36:646][199]LogModuleManager: Shutting down and abandoning module Renderer (16)
[2018.03.25-01.37.36:646][199]LogModuleManager: Shutting down and abandoning module Engine (14)
[2018.03.25-01.37.36:646][199]LogModuleManager: Shutting down and abandoning module CoreUObject (12)
[2018.03.25-01.37.36:646][199]LogModuleManager: Shutting down and abandoning module NetworkFile (10)
[2018.03.25-01.37.36:646][199]LogModuleManager: Shutting down and abandoning module CookedIterativeFile (8)
[2018.03.25-01.37.36:646][199]LogModuleManager: Shutting down and abandoning module StreamingFile (6)
[2018.03.25-01.37.36:646][199]LogModuleManager: Shutting down and abandoning module SandboxFile (4)
[2018.03.25-01.37.36:646][199]LogModuleManager: Shutting down and abandoning module PakFile (2)
[2018.03.25-01.37.36:648][199]LogExit: Exiting.
[2018.03.25-01.37.36:654][199]Log file closed, 03/24/18 18:37:36
