Log file open, 07/07/18 23:30:11
LogWindows: Failed to load 'aqProf.dll' (GetLastError=126)
LogWindows: File 'aqProf.dll' does not exist
LogWindows: Failed to load 'VSPerf140.dll' (GetLastError=126)
LogWindows: File 'VSPerf140.dll' does not exist
LogWindows: Failed to load 'VtuneApi.dll' (GetLastError=126)
LogWindows: File 'VtuneApi.dll' does not exist
LogWindows: Failed to load 'VtuneApi32e.dll' (GetLastError=126)
LogWindows: File 'VtuneApi32e.dll' does not exist
LogInit: Display: Running engine for game: Escape
LogPlatformFile: Not using cached read wrapper
LogInit: Display: RandInit(1747726961) SRandInit(1747726961).
LogInit: Read version file with build ID '3709383'
LogInit: Overriding engine version to CL 3832480, compatible CL 3709383
LogInit: Registered custom module enumerator with build ID '3709383'
LogTaskGraph: Started task graph with 5 named threads and 14 total threads with 3 sets of task threads.
LogStats: Stats thread started at 0.152675
LogD3D11RHI: Aftermath initialized
LogPluginManager: Mounting plugin Paper2D
LogPluginManager: Mounting plugin LightPropagationVolume
LogPluginManager: Mounting plugin CodeLiteSourceCodeAccess
LogPluginManager: Mounting plugin GitSourceControl
LogPluginManager: Mounting plugin KDevelopSourceCodeAccess
LogPluginManager: Mounting plugin NullSourceCodeAccess
LogPluginManager: Mounting plugin PerforceSourceControl
LogPluginManager: Mounting plugin SubversionSourceControl
LogPluginManager: Mounting plugin UObjectPlugin
LogPluginManager: Mounting plugin VisualStudioCodeSourceCodeAccess
LogPluginManager: Mounting plugin VisualStudioSourceCodeAccess
LogPluginManager: Mounting plugin XCodeSourceCodeAccess
LogPluginManager: Mounting plugin AssetManagerEditor
LogPluginManager: Mounting plugin AudioCapture
LogPluginManager: Mounting plugin FacialAnimation
LogPluginManager: Mounting plugin GameplayTagsEditor
LogPluginManager: Mounting plugin MobileLauncherProfileWizard
LogPluginManager: Mounting plugin PluginBrowser
LogPluginManager: Mounting plugin SpeedTreeImporter
LogPluginManager: Mounting plugin AlembicImporter
LogPluginManager: Mounting plugin CharacterAI
LogPluginManager: Mounting plugin HTML5Networking
LogPluginManager: Mounting plugin AndroidMedia
LogPluginManager: Mounting plugin AvfMedia
LogPluginManager: Mounting plugin ImgMedia
LogPluginManager: Mounting plugin MediaCompositing
LogPluginManager: Mounting plugin MediaPlayerEditor
LogPluginManager: Mounting plugin WmfMedia
LogPluginManager: Mounting plugin TcpMessaging
LogPluginManager: Mounting plugin UdpMessaging
LogPluginManager: Mounting plugin ActorSequence
LogPluginManager: Mounting plugin LevelSequenceEditor
LogPluginManager: Mounting plugin MatineeToLevelSequence
LogPluginManager: Mounting plugin OnlineSubsystemGooglePlay
LogPluginManager: Mounting plugin OnlineSubsystemIOS
LogPluginManager: Mounting plugin OnlineSubsystem
LogPluginManager: Mounting plugin OnlineSubsystemNull
LogPluginManager: Mounting plugin OnlineSubsystemUtils
LogPluginManager: Mounting plugin AndroidDeviceProfileSelector
LogPluginManager: Mounting plugin AndroidMoviePlayer
LogPluginManager: Mounting plugin AndroidPermission
LogPluginManager: Mounting plugin AppleARKit
LogPluginManager: Mounting plugin AppleMoviePlayer
LogPluginManager: Mounting plugin ArchVisCharacter
LogPluginManager: Mounting plugin CableComponent
LogPluginManager: Mounting plugin CustomMeshComponent
LogPluginManager: Mounting plugin ExampleDeviceProfileSelector
LogPluginManager: Mounting plugin GoogleCloudMessaging
LogPluginManager: Mounting plugin ImmediatePhysics
LogPluginManager: Mounting plugin IOSDeviceProfileSelector
LogPluginManager: Mounting plugin LinuxDeviceProfileSelector
LogPluginManager: Mounting plugin LocationServicesBPLibrary
LogPluginManager: Mounting plugin MobilePatchingUtils
LogPluginManager: Mounting plugin OculusVR
LogPluginManager: Plugin shader directory ../../../Engine/Plugins/Runtime/Oculus/OculusVR/Shaders found
LogPluginManager: Mapping shader source directory ../../../Engine/Plugins/Runtime/Oculus/OculusVR/Shaders to virtual directory /Plugin/OculusVR
LogPluginManager: Mounting plugin PhysXVehicles
LogPluginManager: Mounting plugin ProceduralMeshComponent
LogPluginManager: Mounting plugin RuntimePhysXCooking
LogPluginManager: Mounting plugin SteamVR
LogPluginManager: Mounting plugin WindowsMoviePlayer
LogModuleManager: Display: Found up-to-date module file ../../../../My Documents/Repos/Unreal Class/03_Escape/Escape/Binaries/Win64/UE4Editor-Escape-2955.dll (API version 3709383).
LogModuleManager: Display: Found up-to-date module file ../../../Engine/Plugins/2D/Paper2D/Binaries/Win64/UE4Editor-Paper2D.dll (API version 3709383).
LogModuleManager: Display: Found up-to-date module file ../../../Engine/Plugins/2D/Paper2D/Binaries/Win64/UE4Editor-Paper2DEditor.dll (API version 3709383).
LogModuleManager: Display: Found up-to-date module file ../../../Engine/Plugins/2D/Paper2D/Binaries/Win64/UE4Editor-PaperSpriteSheetImporter.dll (API version 3709383).
LogModuleManager: Display: Found up-to-date module file ../../../Engine/Plugins/2D/Paper2D/Binaries/Win64/UE4Editor-PaperTiledImporter.dll (API version 3709383).
LogModuleManager: Display: Found up-to-date module file ../../../Engine/Plugins/2D/Paper2D/Binaries/Win64/UE4Editor-SmartSnapping.dll (API version 3709383).
LogModuleManager: Display: Found up-to-date module file ../../../Engine/Plugins/Blendables/LightPropagationVolume/Binaries/Win64/UE4Editor-LightPropagationVolumeRuntime.dll (API version 3709383).
LogModuleManager: Display: Found up-to-date module file ../../../Engine/Plugins/Blendables/LightPropagationVolume/Binaries/Win64/UE4Editor-LightPropagationVolumeEditor.dll (API version 3709383).
LogModuleManager: Display: Found up-to-date module file ../../../Engine/Plugins/Developer/GitSourceControl/Binaries/Win64/UE4Editor-GitSourceControl.dll (API version 3709383).
LogModuleManager: Display: Found up-to-date module file ../../../Engine/Plugins/Developer/PerforceSourceControl/Binaries/Win64/UE4Editor-PerforceSourceControl.dll (API version 3709383).
LogModuleManager: Display: Found up-to-date module file ../../../Engine/Plugins/Developer/SubversionSourceControl/Binaries/Win64/UE4Editor-SubversionSourceControl.dll (API version 3709383).
LogModuleManager: Display: Found up-to-date module file ../../../Engine/Plugins/Developer/UObjectPlugin/Binaries/Win64/UE4Editor-UObjectPlugin.dll (API version 3709383).
LogModuleManager: Display: Found up-to-date module file ../../../Engine/Plugins/Developer/VisualStudioCodeSourceCodeAccess/Binaries/Win64/UE4Editor-VisualStudioCodeSourceCodeAccess.dll (API version 3709383).
LogModuleManager: Display: Found up-to-date module file ../../../Engine/Plugins/Developer/VisualStudioSourceCodeAccess/Binaries/Win64/UE4Editor-VisualStudioSourceCodeAccess.dll (API version 3709383).
LogModuleManager: Display: Found up-to-date module file ../../../Engine/Plugins/Editor/AssetManagerEditor/Binaries/Win64/UE4Editor-AssetManagerEditor.dll (API version 3709383).
LogModuleManager: Display: Found up-to-date module file ../../../Engine/Plugins/Editor/AudioCapture/Binaries/Win64/UE4Editor-AudioCapture.dll (API version 3709383).
LogModuleManager: Display: Found up-to-date module file ../../../Engine/Plugins/Editor/FacialAnimation/Binaries/Win64/UE4Editor-FacialAnimation.dll (API version 3709383).
LogModuleManager: Display: Found up-to-date module file ../../../Engine/Plugins/Editor/FacialAnimation/Binaries/Win64/UE4Editor-FacialAnimationEditor.dll (API version 3709383).
LogModuleManager: Display: Found up-to-date module file ../../../Engine/Plugins/Editor/GameplayTagsEditor/Binaries/Win64/UE4Editor-GameplayTagsEditor.dll (API version 3709383).
LogModuleManager: Display: Found up-to-date module file ../../../Engine/Plugins/Editor/MobileLauncherProfileWizard/Binaries/Win64/UE4Editor-MobileLauncherProfileWizard.dll (API version 3709383).
LogModuleManager: Display: Found up-to-date module file ../../../Engine/Plugins/Editor/PluginBrowser/Binaries/Win64/UE4Editor-PluginBrowser.dll (API version 3709383).
LogModuleManager: Display: Found up-to-date module file ../../../Engine/Plugins/Editor/SpeedTreeImporter/Binaries/Win64/UE4Editor-SpeedTreeImporter.dll (API version 3709383).
LogModuleManager: Display: Found up-to-date module file ../../../Engine/Plugins/Experimental/AlembicImporter/Binaries/Win64/UE4Editor-AlembicImporter.dll (API version 3709383).
LogModuleManager: Display: Found up-to-date module file ../../../Engine/Plugins/Experimental/AlembicImporter/Binaries/Win64/UE4Editor-AlembicLibrary.dll (API version 3709383).
LogModuleManager: Display: Found up-to-date module file ../../../Engine/Plugins/Experimental/CharacterAI/Binaries/Win64/UE4Editor-CharacterAI.dll (API version 3709383).
LogModuleManager: Display: Found up-to-date module file ../../../Engine/Plugins/Experimental/HTML5Networking/Binaries/Win64/UE4Editor-HTML5Networking.dll (API version 3709383).
LogModuleManager: Display: Found up-to-date module file ../../../Engine/Plugins/Media/AndroidMedia/Binaries/Win64/UE4Editor-AndroidMediaEditor.dll (API version 3709383).
LogModuleManager: Display: Found up-to-date module file ../../../Engine/Plugins/Media/AndroidMedia/Binaries/Win64/UE4Editor-AndroidMediaFactory.dll (API version 3709383).
LogModuleManager: Display: Found up-to-date module file ../../../Engine/Plugins/Media/AvfMedia/Binaries/Win64/UE4Editor-AvfMediaEditor.dll (API version 3709383).
LogModuleManager: Display: Found up-to-date module file ../../../Engine/Plugins/Media/AvfMedia/Binaries/Win64/UE4Editor-AvfMediaFactory.dll (API version 3709383).
LogModuleManager: Display: Found up-to-date module file ../../../Engine/Plugins/Media/AvfMedia/Binaries/Win64/UE4Editor-AvfMediaFactory.dll (API version 3709383).
LogModuleManager: Display: Found up-to-date module file ../../../Engine/Plugins/Media/ImgMedia/Binaries/Win64/UE4Editor-ImgMedia.dll (API version 3709383).
LogModuleManager: Display: Found up-to-date module file ../../../Engine/Plugins/Media/ImgMedia/Binaries/Win64/UE4Editor-ImgMediaEditor.dll (API version 3709383).
LogModuleManager: Display: Found up-to-date module file ../../../Engine/Plugins/Media/ImgMedia/Binaries/Win64/UE4Editor-ImgMediaFactory.dll (API version 3709383).
LogModuleManager: Display: Found up-to-date module file ../../../Engine/Plugins/Media/ImgMedia/Binaries/Win64/UE4Editor-ImgMediaFactory.dll (API version 3709383).
LogModuleManager: Display: Found up-to-date module file ../../../Engine/Plugins/Media/ImgMedia/Binaries/Win64/UE4Editor-OpenExrWrapper.dll (API version 3709383).
LogModuleManager: Display: Found up-to-date module file ../../../Engine/Plugins/Media/MediaCompositing/Binaries/Win64/UE4Editor-MediaCompositing.dll (API version 3709383).
LogModuleManager: Display: Found up-to-date module file ../../../Engine/Plugins/Media/MediaCompositing/Binaries/Win64/UE4Editor-MediaCompositingEditor.dll (API version 3709383).
LogModuleManager: Display: Found up-to-date module file ../../../Engine/Plugins/Media/MediaPlayerEditor/Binaries/Win64/UE4Editor-MediaPlayerEditor.dll (API version 3709383).
LogModuleManager: Display: Found up-to-date module file ../../../Engine/Plugins/Media/WmfMedia/Binaries/Win64/UE4Editor-WmfMedia.dll (API version 3709383).
LogModuleManager: Display: Found up-to-date module file ../../../Engine/Plugins/Media/WmfMedia/Binaries/Win64/UE4Editor-WmfMediaEditor.dll (API version 3709383).
LogModuleManager: Display: Found up-to-date module file ../../../Engine/Plugins/Media/WmfMedia/Binaries/Win64/UE4Editor-WmfMediaFactory.dll (API version 3709383).
LogModuleManager: Display: Found up-to-date module file ../../../Engine/Plugins/Media/WmfMedia/Binaries/Win64/UE4Editor-WmfMediaFactory.dll (API version 3709383).
LogModuleManager: Display: Found up-to-date module file ../../../Engine/Plugins/Messaging/TcpMessaging/Binaries/Win64/UE4Editor-TcpMessaging.dll (API version 3709383).
LogModuleManager: Display: Found up-to-date module file ../../../Engine/Plugins/Messaging/UdpMessaging/Binaries/Win64/UE4Editor-UdpMessaging.dll (API version 3709383).
LogModuleManager: Display: Found up-to-date module file ../../../Engine/Plugins/MovieScene/ActorSequence/Binaries/Win64/UE4Editor-ActorSequence.dll (API version 3709383).
LogModuleManager: Display: Found up-to-date module file ../../../Engine/Plugins/MovieScene/LevelSequenceEditor/Binaries/Win64/UE4Editor-LevelSequenceEditor.dll (API version 3709383).
LogModuleManager: Display: Found up-to-date module file ../../../Engine/Plugins/MovieScene/MatineeToLevelSequence/Binaries/Win64/UE4Editor-MatineeToLevelSequence.dll (API version 3709383).
LogModuleManager: Display: Found up-to-date module file ../../../Engine/Plugins/Online/OnlineSubsystem/Binaries/Win64/UE4Editor-OnlineSubsystem.dll (API version 3709383).
LogModuleManager: Display: Found up-to-date module file ../../../Engine/Plugins/Online/OnlineSubsystemNull/Binaries/Win64/UE4Editor-OnlineSubsystemNull.dll (API version 3709383).
LogModuleManager: Display: Found up-to-date module file ../../../Engine/Plugins/Online/OnlineSubsystemUtils/Binaries/Win64/UE4Editor-OnlineSubsystemUtils.dll (API version 3709383).
LogModuleManager: Display: Found up-to-date module file ../../../Engine/Plugins/Online/OnlineSubsystemUtils/Binaries/Win64/UE4Editor-OnlineBlueprintSupport.dll (API version 3709383).
LogModuleManager: Display: Found up-to-date module file ../../../Engine/Plugins/Runtime/AndroidDeviceProfileSelector/Binaries/Win64/UE4Editor-AndroidDeviceProfileSelector.dll (API version 3709383).
LogModuleManager: Display: Found up-to-date module file ../../../Engine/Plugins/Runtime/AndroidPermission/Binaries/Win64/UE4Editor-AndroidPermission.dll (API version 3709383).
LogModuleManager: Display: Found up-to-date module file ../../../Engine/Plugins/Runtime/AppleARKit/Binaries/Win64/UE4Editor-AppleARKit.dll (API version 3709383).
LogModuleManager: Display: Found up-to-date module file ../../../Engine/Plugins/Runtime/ArchVisCharacter/Binaries/Win64/UE4Editor-ArchVisCharacter.dll (API version 3709383).
LogModuleManager: Display: Found up-to-date module file ../../../Engine/Plugins/Runtime/CableComponent/Binaries/Win64/UE4Editor-CableComponent.dll (API version 3709383).
LogModuleManager: Display: Found up-to-date module file ../../../Engine/Plugins/Runtime/CustomMeshComponent/Binaries/Win64/UE4Editor-CustomMeshComponent.dll (API version 3709383).
LogModuleManager: Display: Found up-to-date module file ../../../Engine/Plugins/Runtime/ExampleDeviceProfileSelector/Binaries/Win64/UE4Editor-ExampleDeviceProfileSelector.dll (API version 3709383).
LogModuleManager: Display: Found up-to-date module file ../../../Engine/Plugins/Runtime/ImmediatePhysics/Binaries/Win64/UE4Editor-ImmediatePhysics.dll (API version 3709383).
LogModuleManager: Display: Found up-to-date module file ../../../Engine/Plugins/Runtime/ImmediatePhysics/Binaries/Win64/UE4Editor-ImmediatePhysicsEditor.dll (API version 3709383).
LogModuleManager: Display: Found up-to-date module file ../../../Engine/Plugins/Runtime/LocationServicesBPLibrary/Binaries/Win64/UE4Editor-LocationServicesBPLibrary.dll (API version 3709383).
LogModuleManager: Display: Found up-to-date module file ../../../Engine/Plugins/Runtime/MobilePatchingUtils/Binaries/Win64/UE4Editor-MobilePatchingUtils.dll (API version 3709383).
LogModuleManager: Display: Found up-to-date module file ../../../Engine/Plugins/Runtime/Oculus/OculusVR/Binaries/Win64/UE4Editor-OculusHMD.dll (API version 3709383).
LogModuleManager: Display: Found up-to-date module file ../../../Engine/Plugins/Runtime/Oculus/OculusVR/Binaries/Win64/UE4Editor-OculusInput.dll (API version 3709383).
LogModuleManager: Display: Found up-to-date module file ../../../Engine/Plugins/Runtime/Oculus/OculusVR/Binaries/Win64/UE4Editor-OculusEditor.dll (API version 3709383).
LogModuleManager: Display: Found up-to-date module file ../../../Engine/Plugins/Runtime/PhysXVehicles/Binaries/Win64/UE4Editor-PhysXVehicles.dll (API version 3709383).
LogModuleManager: Display: Found up-to-date module file ../../../Engine/Plugins/Runtime/PhysXVehicles/Binaries/Win64/UE4Editor-PhysXVehiclesEditor.dll (API version 3709383).
LogModuleManager: Display: Found up-to-date module file ../../../Engine/Plugins/Runtime/ProceduralMeshComponent/Binaries/Win64/UE4Editor-ProceduralMeshComponent.dll (API version 3709383).
LogModuleManager: Display: Found up-to-date module file ../../../Engine/Plugins/Runtime/ProceduralMeshComponent/Binaries/Win64/UE4Editor-ProceduralMeshComponentEditor.dll (API version 3709383).
LogModuleManager: Display: Found up-to-date module file ../../../Engine/Plugins/Runtime/RuntimePhysXCooking/Binaries/Win64/UE4Editor-RuntimePhysXCooking.dll (API version 3709383).
LogModuleManager: Display: Found up-to-date module file ../../../Engine/Plugins/Runtime/Steam/SteamVR/Binaries/Win64/UE4Editor-SteamVR.dll (API version 3709383).
LogModuleManager: Display: Found up-to-date module file ../../../Engine/Plugins/Runtime/Steam/SteamVR/Binaries/Win64/UE4Editor-SteamVRController.dll (API version 3709383).
LogModuleManager: Display: Found up-to-date module file ../../../Engine/Plugins/Runtime/WindowsMoviePlayer/Binaries/Win64/UE4Editor-WindowsMoviePlayer.dll (API version 3709383).
LogInit: Using libcurl 7.47.1
LogInit:  - built for x86_64-pc-win32
LogInit:  - supports SSL with OpenSSL/1.0.2g
LogInit:  - supports HTTP deflate (compression) using libz 1.2.8
LogInit:  - other features:
LogInit:      CURL_VERSION_SSL
LogInit:      CURL_VERSION_LIBZ
LogInit:      CURL_VERSION_IPV6
LogInit:      CURL_VERSION_ASYNCHDNS
LogInit:      CURL_VERSION_LARGEFILE
LogInit:      CURL_VERSION_IDN
LogInit:  CurlRequestOptions (configurable via config and command line):
LogInit:  - bVerifyPeer = false  - Libcurl will NOT verify peer certificate
LogInit:  - bUseHttpProxy = false  - Libcurl will NOT use HTTP proxy
LogInit:  - bDontReuseConnections = false  - Libcurl will reuse connections
LogInit:  - CertBundlePath = nullptr  - Libcurl will use whatever was configured at build time.
LogInit: Build: ++UE4+Release-4.18-CL-3832480
LogInit: Engine Version: 4.18.3-3832480+++UE4+Release-4.18
LogInit: Compatible Engine Version: 4.18.0-3709383+++UE4+Release-4.18
LogInit: Net CL: 3709383
LogDevObjectVersion: Number of dev versions registered: 16
LogDevObjectVersion:   Dev-Blueprints (B0D832E4-1F89-4F0D-ACCF-7EB736FD4AA2): 10
LogDevObjectVersion:   Dev-Build (E1C64328-A22C-4D53-A36C-8E866417BD8C): 0
LogDevObjectVersion:   Dev-Core (375EC13C-06E4-48FB-B500-84F0262A717E): 2
LogDevObjectVersion:   Dev-Editor (E4B068ED-F494-42E9-A231-DA0B2E46BB41): 20
LogDevObjectVersion:   Dev-Framework (CFFC743F-43B0-4480-9391-14DF171D2073): 30
LogDevObjectVersion:   Dev-Mobile (B02B49B5-BB20-44E9-A304-32B752E40360): 0
LogDevObjectVersion:   Dev-Networking (A4E4105C-59A1-49B5-A7C5-40C4547EDFEE): 0
LogDevObjectVersion:   Dev-Online (39C831C9-5AE6-47DC-9A44-9C173E1C8E7C): 0
LogDevObjectVersion:   Dev-Physics (78F01B33-EBEA-4F98-B9B4-84EACCB95AA2): 0
LogDevObjectVersion:   Dev-Platform (6631380F-2D4D-43E0-8009-CF276956A95A): 0
LogDevObjectVersion:   Dev-Rendering (12F88B9F-8875-4AFC-A67C-D90C383ABD29): 20
LogDevObjectVersion:   Dev-Sequencer (7B5AE74C-D270-4C10-A958-57980B212A5A): 4
LogDevObjectVersion:   Dev-VR (D7296918-1DD6-4BDD-9DE2-64A83CC13884): 0
LogDevObjectVersion:   Dev-LoadTimes (C2A15278-BFE7-4AFE-6C17-90FF531DF755): 1
LogDevObjectVersion:   Private-Geometry (6EACA3D4-40EC-4CC1-B786-8BED09428FC5): 1
LogDevObjectVersion:   Dev-AnimPhys (29E575DD-E0A3-4627-9D10-D276232CDCEA): 12
LogInit: Compiled (64-bit): Jan 12 2018 02:04:55
LogInit: Compiled with Visual C++: 19.00.24215.01
LogInit: Build Configuration: Development
LogInit: Branch Name: ++UE4+Release-4.18
LogInit: Command line:  
LogInit: Base directory: D:/UE_4.18/Engine/Binaries/Win64/
LogInit: Installed Engine Build: 1
LogInit: Presizing for max 8388607 objects, including 0 objects not considered by GC, pre-allocating 0 bytes for permanent pool.
LogInit: Object subsystem initialized
[2018.07.08-04.30.12:663][  0]LogInit: Selected Device Profile: [Windows]
[2018.07.08-04.30.12:663][  0]LogInit: Applying CVar settings loaded from the selected device profile: [Windows]
[2018.07.08-04.30.12:668][  0]LogInit: Computer: DESKTOP-DBDP50N
[2018.07.08-04.30.12:668][  0]LogInit: User: ashee
[2018.07.08-04.30.12:668][  0]LogInit: CPU Page size=4096, Cores=4
[2018.07.08-04.30.12:669][  0]LogInit: High frequency timer resolution =4.101563 MHz
[2018.07.08-04.30.12:669][  0]LogMemory: Memory total: Physical=31.9GB (32GB approx)
[2018.07.08-04.30.12:669][  0]LogMemory: Platform Memory Stats for Windows
[2018.07.08-04.30.12:669][  0]LogMemory: Process Physical Memory: 273.16 MB used, 273.16 MB peak
[2018.07.08-04.30.12:669][  0]LogMemory: Process Virtual Memory: 269.95 MB used, 269.95 MB peak
[2018.07.08-04.30.12:669][  0]LogMemory: Physical Memory: 9153.45 MB used,  23547.65 MB free, 32701.09 MB total
[2018.07.08-04.30.12:669][  0]LogMemory: Virtual Memory: 4778.77 MB used,  23547.65 MB free, 134217728.00 MB total
[2018.07.08-04.30.12:763][  0]LogInit: Using OS detected language (en-US).
[2018.07.08-04.30.12:763][  0]LogInit: Using OS detected locale (en-US).
[2018.07.08-04.30.12:766][  0]LogTextLocalizationManager: No specific localization for 'en-US' exists, so the 'en' localization will be used.
[2018.07.08-04.30.13:045][  0]LogInit: Setting process to per monitor DPI aware
[2018.07.08-04.30.13:204][  0]LogD3D11RHI: D3D11 adapters:
[2018.07.08-04.30.13:241][  0]LogD3D11RHI:    0. 'NVIDIA GeForce GTX 980 Ti' (Feature Level 11_0)
[2018.07.08-04.30.13:241][  0]LogD3D11RHI:       6097/0/16350 MB DedicatedVideo/DedicatedSystem/SharedSystem, Outputs:1, VendorId:0x10de
[2018.07.08-04.30.13:278][  0]LogD3D11RHI:    1. 'NVIDIA GeForce GTX 970' (Feature Level 11_0)
[2018.07.08-04.30.13:278][  0]LogD3D11RHI:       4043/0/16350 MB DedicatedVideo/DedicatedSystem/SharedSystem, Outputs:1, VendorId:0x10de
[2018.07.08-04.30.13:279][  0]LogD3D11RHI:    2. 'Microsoft Basic Render Driver' (Feature Level 11_0)
[2018.07.08-04.30.13:280][  0]LogD3D11RHI:       0/0/16350 MB DedicatedVideo/DedicatedSystem/SharedSystem, Outputs:0, VendorId:0x1414
[2018.07.08-04.30.13:280][  0]LogD3D11RHI: Chosen D3D11 Adapter: 0
[2018.07.08-04.30.13:288][  0]LogD3D11RHI: Creating new Direct3DDevice
[2018.07.08-04.30.13:288][  0]LogD3D11RHI:     GPU DeviceId: 0x17c8 (for the marketing name, search the web for "GPU Device Id")
[2018.07.08-04.30.13:288][  0]LogWindows: EnumDisplayDevices:
[2018.07.08-04.30.13:288][  0]LogWindows:    0. 'NVIDIA GeForce GTX 980 Ti' (P:1 D:1)
[2018.07.08-04.30.13:288][  0]LogWindows:    1. 'NVIDIA GeForce GTX 980 Ti' (P:0 D:0)
[2018.07.08-04.30.13:288][  0]LogWindows:    2. 'NVIDIA GeForce GTX 980 Ti' (P:0 D:0)
[2018.07.08-04.30.13:288][  0]LogWindows:    3. 'NVIDIA GeForce GTX 980 Ti' (P:0 D:0)
[2018.07.08-04.30.13:288][  0]LogWindows:    4. 'NVIDIA GeForce GTX 970' (P:0 D:1)
[2018.07.08-04.30.13:288][  0]LogWindows:    5. 'NVIDIA GeForce GTX 970' (P:0 D:0)
[2018.07.08-04.30.13:289][  0]LogWindows:    6. 'NVIDIA GeForce GTX 970' (P:0 D:0)
[2018.07.08-04.30.13:289][  0]LogWindows:    7. 'NVIDIA GeForce GTX 970' (P:0 D:0)
[2018.07.08-04.30.13:289][  0]LogWindows: DebugString: GetVideoDriverDetailsInvalid PrimaryIsNotTheChoosenAdapter GetVideoDriverDetailsInvalid PrimaryIsNotTheChoosenAdapter GetVideoDriverDetailsInvalid PrimaryIsNotTheChoosenAdapter GetVideoDriverDetailsInvalid PrimaryIsNotTheChoosenAdapter GetVideoDriverDetailsInvalid PrimaryIsNotTheChoosenAdapter GetVideoDriverDetailsInvalid PrimaryIsNotTheChoosenAdapter GetVideoDriverDetailsInvalid PrimaryIsNotTheChoosenAdapter GetVideoDriverDetailsInvalid PrimaryIsNotTheChoosenAdapter FoundDriverCount:0 
[2018.07.08-04.30.13:289][  0]LogD3D11RHI:     Adapter Name: NVIDIA GeForce GTX 980 Ti
[2018.07.08-04.30.13:289][  0]LogD3D11RHI:   Driver Version: Unknown (internal:Unknown, unified:Unknown)
[2018.07.08-04.30.13:289][  0]LogD3D11RHI:      Driver Date: Unknown
[2018.07.08-04.30.13:289][  0]LogRHI: Texture pool is 4268 MB (70% of 6097 MB)
[2018.07.08-04.30.13:313][  0]LogD3D11RHI: Async texture creation enabled
[2018.07.08-04.30.13:336][  0]LogD3D11RHI: GPU Timing Frequency: 1000.000000 (Debug: 2 2)
[2018.07.08-04.30.13:337][  0]LogShaderCompilers: Guid format shader working directory is -15 characters bigger than the processId version (../../../../My Documents/Repos/Unreal Class/03_Escape/Escape/Intermediate/Shaders/WorkingDirectory/13448/).
[2018.07.08-04.30.13:337][  0]LogShaderCompilers: Cleaned the shader compiler working directory 'C:/Users/ashee/AppData/Local/Temp/UnrealShaderWorkingDir/7440FA354607CED6D3EA56B2A4DBCCCA/'.
[2018.07.08-04.30.13:337][  0]LogShaderCompilers: Display: Using Local Shader Compiler.
[2018.07.08-04.30.13:913][  0]LogTemp: Display: Loaded TP AllDesktopTargetPlatform
[2018.07.08-04.30.13:942][  0]LogTemp: Display: Loaded TP MacClientTargetPlatform
[2018.07.08-04.30.13:981][  0]LogTemp: Display: Loaded TP MacNoEditorTargetPlatform
[2018.07.08-04.30.14:011][  0]LogTemp: Display: Loaded TP MacServerTargetPlatform
[2018.07.08-04.30.14:040][  0]LogTemp: Display: Loaded TP MacTargetPlatform
[2018.07.08-04.30.14:069][  0]LogTemp: Display: Loaded TP WindowsClientTargetPlatform
[2018.07.08-04.30.14:097][  0]LogTemp: Display: Loaded TP WindowsNoEditorTargetPlatform
[2018.07.08-04.30.14:124][  0]LogTemp: Display: Loaded TP WindowsServerTargetPlatform
[2018.07.08-04.30.14:150][  0]LogTemp: Display: Loaded TP WindowsTargetPlatform
[2018.07.08-04.30.14:179][  0]LogTemp: Display: Loaded TP Android_ASTCTargetPlatform
[2018.07.08-04.30.14:208][  0]LogTemp: Display: Loaded TP Android_ATCTargetPlatform
[2018.07.08-04.30.14:247][  0]LogTemp: Display: Loaded TP Android_DXTTargetPlatform
[2018.07.08-04.30.14:276][  0]LogTemp: Display: Loaded TP Android_ETC1TargetPlatform
[2018.07.08-04.30.14:305][  0]LogTemp: Display: Loaded TP Android_ETC2TargetPlatform
[2018.07.08-04.30.14:363][  0]LogTemp: Display: Loaded TP Android_MultiTargetPlatform
[2018.07.08-04.30.14:363][  0]LogTemp: Display: Loaded TP Android_PVRTCTargetPlatform
[2018.07.08-04.30.14:391][  0]LogTemp: Display: Loaded TP AndroidTargetPlatform
[2018.07.08-04.30.14:413][  0]LogTemp: Display: Loaded TP HTML5TargetPlatform
[2018.07.08-04.30.14:472][  0]LogTemp: Display: Loaded TP IOSTargetPlatform
[2018.07.08-04.30.14:489][  0]LogTemp: Display: Loaded TP TVOSTargetPlatform
[2018.07.08-04.30.14:517][  0]LogTemp: Display: Loaded TP LinuxClientTargetPlatform
[2018.07.08-04.30.14:546][  0]LogTemp: Display: Loaded TP LinuxNoEditorTargetPlatform
[2018.07.08-04.30.14:574][  0]LogTemp: Display: Loaded TP LinuxServerTargetPlatform
[2018.07.08-04.30.14:603][  0]LogTemp: Display: Loaded TP LinuxTargetPlatform
[2018.07.08-04.30.14:603][  0]LogTargetPlatformManager: Display: Building Assets For Windows
[2018.07.08-04.30.14:846][  0]LogDerivedDataCache: Display: Max Cache Size: 512 MB
[2018.07.08-04.30.14:895][  0]LogDerivedDataCache: Loaded boot cache 0.05s 78MB C:/Users/ashee/AppData/Local/UnrealEngine/4.18/DerivedDataCache/Boot.ddc.
[2018.07.08-04.30.14:895][  0]LogDerivedDataCache: Display: Loaded Boot cache: C:/Users/ashee/AppData/Local/UnrealEngine/4.18/DerivedDataCache/Boot.ddc
[2018.07.08-04.30.14:895][  0]LogDerivedDataCache: FDerivedDataBackendGraph:  Pak pak cache file ../../../../My Documents/Repos/Unreal Class/03_Escape/Escape/DerivedDataCache/DDC.ddp not found, will not use a pak cache.
[2018.07.08-04.30.14:895][  0]LogDerivedDataCache: Unable to find inner node Pak for hierarchical cache Hierarchy.
[2018.07.08-04.30.14:895][  0]LogDerivedDataCache: FDerivedDataBackendGraph:  CompressedPak pak cache file ../../../../My Documents/Repos/Unreal Class/03_Escape/Escape/DerivedDataCache/Compressed.ddp not found, will not use a pak cache.
[2018.07.08-04.30.14:895][  0]LogDerivedDataCache: Unable to find inner node CompressedPak for hierarchical cache Hierarchy.
[2018.07.08-04.30.14:906][  0]LogDerivedDataCache: Display: Pak cache opened for reading ../../../Engine/DerivedDataCache/Compressed.ddp.
[2018.07.08-04.30.14:919][  0]LogDerivedDataCache: Using Local data cache path C:/Users/ashee/AppData/Local/UnrealEngine/Common/DerivedDataCache: Writable
[2018.07.08-04.30.14:927][  0]LogMaterial: Verifying Global Shaders for PCD3D_SM5
[2018.07.08-04.30.14:927][  0]LogSlate: Using Freetype 2.6.0
[2018.07.08-04.30.14:928][  0]LogSlate: SlateFontCache - WITH_FREETYPE: 1, WITH_HARFBUZZ: 1
[2018.07.08-04.30.14:928][  0]LogSlate: SlateFontCache - WITH_FREETYPE: 1, WITH_HARFBUZZ: 1
[2018.07.08-04.30.15:171][  0]LogInit: Selected Device Profile: [Windows]
[2018.07.08-04.30.15:355][  0]LogSimplygon: Simplygon DLL not present - disabling.
[2018.07.08-04.30.15:376][  0]LogMeshReduction: Using SimplygonSwarm for distributed automatic mesh merging
[2018.07.08-04.30.15:376][  0]LogMeshReduction: Using QuadricMeshReduction for automatic static mesh reduction
[2018.07.08-04.30.15:376][  0]LogMeshReduction: No automatic skeletal mesh reduction module available
[2018.07.08-04.30.15:376][  0]LogMeshReduction: No automatic mesh merging module available
[2018.07.08-04.30.15:376][  0]LogMeshMerging: No automatic mesh merging module available
[2018.07.08-04.30.15:394][  0]LogNetVersion: Escape , NetCL: 3709383, EngineNetVer: 2, GameNetVer: 0 (Checksum: 3464171263)
[2018.07.08-04.30.15:498][  0]LogAssetRegistry: FAssetRegistry took 0.0245 seconds to start up
[2018.07.08-04.30.15:799][  0]LogPackageLocalizationCache: Processed 7 localized package path(s) for 2 prioritized culture(s) in 0.037895 seconds
[2018.07.08-04.30.15:803][  0]LogUObjectArray: 35870 objects as part of root set at end of initial load.
[2018.07.08-04.30.15:803][  0]LogUObjectAllocator: 7363704 out of 0 bytes used by permanent object pool.
[2018.07.08-04.30.15:804][  0]LogUObjectArray: CloseDisregardForGC: 0/0 objects in disregard for GC pool
[2018.07.08-04.30.15:829][  0]LogInit: WinSock: version 1.1 (2.2), MaxSocks=32767, MaxUdp=65467
[2018.07.08-04.30.17:415][  0]LogTcpMessaging: Initializing TcpMessaging bridge
[2018.07.08-04.30.17:443][  0]LogUdpMessaging: Initializing bridge on interface 0.0.0.0:0 to multicast group 230.0.0.1:6666.
[2018.07.08-04.30.17:864][  0]LogMaterial: Uniform references updated for custom material expression Custom.
[2018.07.08-04.30.18:115][  0]SourceControl: Source control is disabled
[2018.07.08-04.30.18:115][  0]SourceControl: Source control is disabled
[2018.07.08-04.30.18:143][  0]SourceControl: Source control is disabled
[2018.07.08-04.30.18:171][  0]SourceControl: Source control is disabled
[2018.07.08-04.30.18:603][  0]LogAndroidPermission: UAndroidPermissionCallbackProxy::GetInstance
[2018.07.08-04.30.18:744][  0]LogOcInput: OculusInput pre-init called
[2018.07.08-04.30.18:896][  0]LogEngine: Initializing Engine...
[2018.07.08-04.30.18:898][  0]LogHMD: Failed to initialize OpenVR with code 110
[2018.07.08-04.30.19:030][  0]LogStats: UGameplayTagsManager::ConstructGameplayTagTree: Construct from data asset -  0.000 s
[2018.07.08-04.30.19:030][  0]LogStats: UGameplayTagsManager::ConstructGameplayTagTree: GameplayTagTreeChangedEvent.Broadcast -  0.000 s
[2018.07.08-04.30.19:100][  0]LogAIModule: Creating AISystem for world Untitled
[2018.07.08-04.30.19:110][  0]LogInit: XAudio2 using 'Speakers (Logitech G633 Gaming Headset)' : 6 channels at 44.1 kHz using 16 bits per sample (channel mask 0x3f)
[2018.07.08-04.30.19:140][  0]LogInit: FAudioDevice initialized.
[2018.07.08-04.30.19:210][  0]LogDerivedDataCache: Saved boot cache 0.07s 78MB C:/Users/ashee/AppData/Local/UnrealEngine/4.18/DerivedDataCache/Boot.ddc.
[2018.07.08-04.30.19:231][  0]LogInit: Texture streaming: Enabled
[2018.07.08-04.30.19:288][  0]LogEngineSessionManager: EngineSessionManager initialized
[2018.07.08-04.30.19:288][  0]LogEngineSessionManager: EngineSessionManager sent abnormal shutdown report. Type=Crashed, SessionId={B22938D5-45E3-E358-8368-AFBDC20F6446}
[2018.07.08-04.30.19:357][  0]LogInit: Transaction tracking system initialized
[2018.07.08-04.30.19:514][  0]BlueprintLog: New page: Editor Load
[2018.07.08-04.30.19:963][  0]LocalizationService: Localization service is disabled
[2018.07.08-04.30.20:369][  0]LogConsoleResponse: Display: 
[2018.07.08-04.30.20:471][  0]LogCook: Display: Max memory allowance for cook 16384mb min free memory 0mb
[2018.07.08-04.30.20:471][  0]LogCook: Display: Mobile HDR setting 1
[2018.07.08-04.30.20:471][  0]LogGameplayTags: Display: UGameplayTagsManager::DoneAddingNativeTags. DelegateIsBound: 0
[2018.07.08-04.30.20:814][  0]LogFileCache: Scanning file cache for directory 'D:/My Documents/Repos/Unreal Class/03_Escape/Escape/Content/' took 0.01s
[2018.07.08-04.30.20:814][  0]LogLinker: Warning: Can't find file '/Engine/BasicShapes/Cube'
[2018.07.08-04.30.20:814][  0]LogLinker: Warning: Can't find file '/Engine/BasicShapes/Cube'
[2018.07.08-04.30.20:814][  0]LogUObjectGlobals: Warning: Failed to find object 'StaticMesh /Engine/BasicShapes/Cube.Cube'
[2018.07.08-04.30.21:087][  0]SourceControl: Source control is disabled
[2018.07.08-04.30.21:198][  0]LogWindowsTextInputMethodSystem: Display: IME system now deactivated.
[2018.07.08-04.30.21:199][  0]LogSlate: Took 0.000139 seconds to synchronously load lazily loaded font '../../../Engine/Content/Slate/Fonts/Roboto-Regular.ttf' (155K)
[2018.07.08-04.30.47:617][  0]LogWindowsTextInputMethodSystem: Display: IME system now deactivated.
[2018.07.08-04.30.47:619][  0]LogWindowsTextInputMethodSystem: Display: IME system now deactivated.
[2018.07.08-04.30.47:622][  0]Cmd: MAP LOAD FILE="../../../../My Documents/Repos/Unreal Class/03_Escape/Escape/Content/NewMap_BuildData.umap" TEMPLATE=0 SHOWPROGRESS=1 FEATURELEVEL=3
[2018.07.08-04.30.47:623][  0]LightingResults: New page: Lighting Build
[2018.07.08-04.30.47:659][  0]MapCheck: New page: Map Check
[2018.07.08-04.30.47:659][  0]LightingResults: New page: Lighting Build
[2018.07.08-04.30.47:927][  0]LogAIModule: Creating AISystem for world NewMap_BuildData
[2018.07.08-04.30.47:932][  0]LogEditorServer: Finished looking for orphan Actors (0.000 secs)
[2018.07.08-04.30.47:941][  0]Cmd: MAP CHECKDEP NOCLEARLOG
[2018.07.08-04.30.47:981][  0]MapCheck: Map check complete: 0 Error(s), 0 Warning(s), took 39.806ms to complete.
[2018.07.08-04.30.47:981][  0]LogFileHelpers: Loading map 'NewMap_BuildData' took 0.359
[2018.07.08-04.30.48:101][  0]LogStats: Warning: MetaData mismatch. Did you assign a stat to two groups? New //STATGROUP_Threads//SplashScreenThread///Thread_8544_0///####STATCAT_Advanced#### old //STATGROUP_Threads//SplashScreenThread///Thread_ce24_0///####STATCAT_Advanced####
[2018.07.08-04.30.48:101][  0]LogCollectionManager: Loaded 0 collections in 0.000660 seconds
[2018.07.08-04.30.48:160][  0]LogFileCache: Scanning file cache for directory 'D:/My Documents/Repos/Unreal Class/03_Escape/Escape/Saved/Collections/' took 0.01s
[2018.07.08-04.30.48:160][  0]LogFileCache: Scanning file cache for directory 'D:/My Documents/Repos/Unreal Class/03_Escape/Escape/Content/Developers/ashee/Collections/' took 0.01s
[2018.07.08-04.30.48:160][  0]LogFileCache: Scanning file cache for directory 'D:/My Documents/Repos/Unreal Class/03_Escape/Escape/Content/Collections/' took 0.01s
[2018.07.08-04.30.48:160][  0]LogCollectionManager: Rebuilt the GUID cache for 0 collections in 0.000000 seconds
[2018.07.08-04.30.48:166][  0]LogContentBrowser: Native class hierarchy populated in 0.0061 seconds. Added 2368 classes and 523 folders.
[2018.07.08-04.30.48:199][  0]LogContentBrowser: Native class hierarchy updated for 'WidgetCarousel' in 0.0004 seconds. Added 0 classes and 0 folders.
[2018.07.08-04.30.48:223][  0]LogContentBrowser: Native class hierarchy updated for 'AddContentDialog' in 0.0004 seconds. Added 0 classes and 0 folders.
[2018.07.08-04.30.48:240][  0]LogSlate: Took 0.000124 seconds to synchronously load lazily loaded font '../../../Engine/Content/Slate/Fonts/Roboto-Bold.ttf' (160K)
[2018.07.08-04.30.48:242][  0]LogSlate: Took 0.000120 seconds to synchronously load lazily loaded font '../../../Engine/Content/Editor/Slate/Fonts/FontAwesome.ttf' (139K)
[2018.07.08-04.30.48:307][  0]LogRenderer: Reallocating scene render targets to support 1568x640 Format 10 NumSamples 1 (Frame:1).
[2018.07.08-04.30.48:341][  0]LogSlate: Took 0.000143 seconds to synchronously load lazily loaded font '../../../Engine/Content/Slate/Fonts/Roboto-Light.ttf' (159K)
[2018.07.08-04.30.48:426][  0]LogContentBrowser: Native class hierarchy updated for 'HierarchicalLODOutliner' in 0.0004 seconds. Added 1 classes and 2 folders.
[2018.07.08-04.30.48:426][  0]LogLoad: (Engine Initialization) Total time: 37.41 seconds
[2018.07.08-04.30.48:426][  0]LogLoad: (Engine Initialization) Total Blueprint compile time: 0.00 seconds
[2018.07.08-04.30.48:426][  0]LogExternalProfiler: No external profilers were discovered.  External profiling features will not be available.
[2018.07.08-04.30.48:453][  0]LogAssetRegistry: Asset discovery search completed in 32.9780 seconds
[2018.07.08-04.30.48:455][  0]LogCollectionManager: Rebuilt the object cache for 0 collections in 0.000000 seconds (found 0 objects)
[2018.07.08-04.30.48:455][  0]LogCollectionManager: Fixed up redirectors for 0 collections in 0.000084 seconds (updated 0 objects)
[2018.07.08-04.30.48:457][  0]LogContentStreaming: Texture pool size now 1000 MB
[2018.07.08-04.30.53:719][615]LogEditorViewport: Clicking on Actor (LMB): StaticMeshActor (SM_Door2)
[2018.07.08-04.30.55:377][807]LogSlate: Took 0.000197 seconds to synchronously load lazily loaded font '../../../Engine/Content/Editor/Slate/Fonts/Roboto-Italic.ttf' (157K)
[2018.07.08-04.32.04:009][527]LogEditorViewport: Clicking on Actor (LMB): StaticMeshActor (SM_Door)
[2018.07.08-04.32.11:881][451]LogEditorViewport: Clicking on Component (LMB): StaticMeshComponent (StaticMeshComponent0)
[2018.07.08-04.32.16:291][973]LogEditorViewport: Clicking on Actor (LMB): StaticMeshActor (SM_Door2)
[2018.07.08-04.32.23:484][829]LogVSAccessor: Warning: Couldn't access Visual Studio
[2018.07.08-04.32.23:489][829]Candidate modules for hot reload:
[2018.07.08-04.32.23:489][829]  Escape
[2018.07.08-04.32.23:489][829]Launching UnrealBuildTool... [D:/UE_4.18/Engine/Binaries/DotNET/UnrealBuildTool.exe Escape -ModuleWithSuffix Escape 655 Win64 Development -editorrecompile -canskiplink "D:/My Documents/Repos/Unreal Class/03_Escape/Escape/Escape.uproject" ]
[2018.07.08-04.32.23:491][829]Warning: Starting HotReload took  0.0s.
[2018.07.08-04.32.24:057][897]CompilerResultsLog: New page: Compilation - Jul 7, 2018, 6:32:24 PM
[2018.07.08-04.32.24:057][897]CompilerResultsLog: Compiling game modules for hot reload
[2018.07.08-04.32.24:057][897]CompilerResultsLog: Target is up to date
[2018.07.08-04.32.24:057][897]CompilerResultsLog: Total build time: 0.41 seconds (NoActionsToExecute executor: 0.00 seconds)
[2018.07.08-04.32.24:057][897]LogMainFrame: MainFrame: Module compiling took 0.574 seconds
[2018.07.08-04.32.24:078][897]LogContentBrowser: Native class hierarchy populated in 0.0101 seconds. Added 2369 classes and 525 folders.
[2018.07.08-04.32.24:080][897]Display: HotReload took  0.6s.
[2018.07.08-04.32.25:279][ 41]LogTemp: Repeating last play command: Selected Viewport
[2018.07.08-04.32.25:297][ 41]LogPlayLevel: PlayLevel: No blueprints needed recompiling
[2018.07.08-04.32.25:297][ 41]PIE: New page: PIE session: NewMap_BuildData (Jul 7, 2018, 6:32:25 PM)
[2018.07.08-04.32.25:297][ 41]LogPlayLevel: Creating play world package: /Game/UEDPIE_0_NewMap_BuildData
[2018.07.08-04.32.25:300][ 41]LogPlayLevel: PIE: StaticDuplicateObject took: (0.003199s)
[2018.07.08-04.32.25:300][ 41]LogAIModule: Creating AISystem for world NewMap_BuildData
[2018.07.08-04.32.25:301][ 41]LogPlayLevel: PIE: World Init took: (0.000574s)
[2018.07.08-04.32.25:301][ 41]LogPlayLevel: PIE: Created PIE world by copying editor world from /Game/NewMap_BuildData.NewMap_BuildData to /Game/UEDPIE_0_NewMap_BuildData.NewMap_BuildData (0.004063s)
[2018.07.08-04.32.25:314][ 41]LogInit: XAudio2 using 'Speakers (Logitech G633 Gaming Headset)' : 6 channels at 44.1 kHz using 16 bits per sample (channel mask 0x3f)
[2018.07.08-04.32.25:328][ 41]LogInit: FAudioDevice initialized.
[2018.07.08-04.32.25:377][ 41]LogLoad: Game class is 'MyEscapeGameModeBase_BP_C'
[2018.07.08-04.32.25:378][ 41]LogWorld: Bringing World /Game/UEDPIE_0_NewMap_BuildData.NewMap_BuildData up for play (max tick rate 0) at 2018.07.07-23.32.25
[2018.07.08-04.32.25:378][ 41]LogWorld: Bringing up level for play took: 0.000851
[2018.07.08-04.32.25:410][ 41]LogContentBrowser: Native class hierarchy updated for 'MovieSceneCapture' in 0.0004 seconds. Added 11 classes and 0 folders.
[2018.07.08-04.32.25:411][ 41]LogTemp: Warning: SM_Chair_2 is at X=-320.000 Y=344.092 Z=20.000
[2018.07.08-04.32.25:411][ 41]PIE: Play in editor start time for /Game/UEDPIE_0_NewMap_BuildData -0.483
[2018.07.08-04.32.35:058][171]LogSlate: Took 0.000157 seconds to synchronously load lazily loaded font '../../../Engine/Content/Editor/Slate/Fonts/DroidSansMono.ttf' (77K)
[2018.07.08-04.33.00:664][561]LogEditorViewport: Clicking on Actor (LMB): StaticMeshActor (Floor_400x400)
[2018.07.08-04.33.12:553][960]LogSlate: Took 0.000157 seconds to synchronously load lazily loaded font '../../../Engine/Content/Slate/Fonts/Roboto-Light.ttf' (159K)
[2018.07.08-04.33.13:023][960]LogContentBrowser: Native class hierarchy updated for 'BlueprintGraph' in 0.0008 seconds. Added 116 classes and 0 folders.
[2018.07.08-04.33.13:668][960]LogSlate: Took 0.000133 seconds to synchronously load lazily loaded font '../../../Engine/Content/Slate/Fonts/Roboto-Regular.ttf' (155K)
[2018.07.08-04.33.13:903][960]LogSlate: Took 0.012839 seconds to synchronously load lazily loaded font '../../../Engine/Content/Editor/Slate/Fonts/Roboto-BoldCondensed.ttf' (158K)
[2018.07.08-04.33.32:204][ 75]LogEditorViewport: Clicking on Actor (LMB): PlayerStart (Player Start)
[2018.07.08-04.33.36:982][643]LogEditorViewport: Clicking on Actor (LMB): PlayerStart (Player Start)
[2018.07.08-04.33.38:239][792]LogEditorViewport: Clicking on Actor (LMB): PlayerStart (Player Start)
[2018.07.08-04.33.38:941][874]LogEditorViewport: Clicking on Actor (LMB): PlayerStart (Player Start)
[2018.07.08-04.33.40:540][ 64]LogEditorViewport: Clicking on Actor (LMB): StaticMeshActor (Floor_400x400)
[2018.07.08-04.33.48:845][ 54]LogEditorViewport: Clicking on Actor (LMB): SphereReflectionCapture (SphereReflectionCapture)
[2018.07.08-04.33.54:619][742]LogEditorViewport: Clicking on Actor (LMB): PlayerStart (Player Start)
[2018.07.08-04.36.35:901][625]BlueprintLog: New page: Compile DefaultPawn_BP
[2018.07.08-04.36.36:133][625]Cmd: OBJ SAVEPACKAGE PACKAGE="/Game/DefaultPawn_BP" FILE="../../../../My Documents/Repos/Unreal Class/03_Escape/Escape/Content/DefaultPawn_BP.uasset" SILENT=true
[2018.07.08-04.36.36:183][625]LogSavePackage: Save=44.30ms
[2018.07.08-04.36.36:183][625]LogSavePackage: Moving '../../../../My Documents/Repos/Unreal Class/03_Escape/Escape/Saved/DefaultPawn_BP3566356D419295E27C68878709EA5B7A.tmp' to '../../../../My Documents/Repos/Unreal Class/03_Escape/Escape/Content/DefaultPawn_BP.uasset'
[2018.07.08-04.36.36:191][625]LogSavePackage: Display: Finished SavePackage ../../../../My Documents/Repos/Unreal Class/03_Escape/Escape/Content/DefaultPawn_BP.uasset
[2018.07.08-04.36.40:334][112]LogVSAccessor: Warning: Couldn't access Visual Studio
[2018.07.08-04.36.40:338][112]Candidate modules for hot reload:
[2018.07.08-04.36.40:338][112]  Escape
[2018.07.08-04.36.40:338][112]Launching UnrealBuildTool... [D:/UE_4.18/Engine/Binaries/DotNET/UnrealBuildTool.exe Escape -ModuleWithSuffix Escape 2752 Win64 Development -editorrecompile -canskiplink "D:/My Documents/Repos/Unreal Class/03_Escape/Escape/Escape.uproject" ]
[2018.07.08-04.36.40:341][112]Warning: Starting HotReload took  0.0s.
[2018.07.08-04.36.40:873][176]CompilerResultsLog: New page: Compilation - Jul 7, 2018, 6:36:40 PM
[2018.07.08-04.36.40:873][176]CompilerResultsLog: Compiling game modules for hot reload
[2018.07.08-04.36.40:873][176]CompilerResultsLog: Target is up to date
[2018.07.08-04.36.40:873][176]CompilerResultsLog: Total build time: 0.38 seconds (NoActionsToExecute executor: 0.00 seconds)
[2018.07.08-04.36.40:874][176]LogMainFrame: MainFrame: Module compiling took 0.540 seconds
[2018.07.08-04.36.41:055][176]LogContentBrowser: Native class hierarchy populated in 0.0062 seconds. Added 2369 classes and 525 folders.
[2018.07.08-04.36.41:058][176]Display: HotReload took  0.7s.
[2018.07.08-04.36.42:389][336]LogTemp: Repeating last play command: Selected Viewport
[2018.07.08-04.36.42:401][336]LogPlayLevel: PlayLevel: No blueprints needed recompiling
[2018.07.08-04.36.42:402][336]PIE: New page: PIE session: NewMap_BuildData (Jul 7, 2018, 6:36:42 PM)
[2018.07.08-04.36.42:402][336]LogPlayLevel: Creating play world package: /Game/UEDPIE_0_NewMap_BuildData
[2018.07.08-04.36.42:404][336]LogPlayLevel: PIE: StaticDuplicateObject took: (0.002728s)
[2018.07.08-04.36.42:405][336]LogAIModule: Creating AISystem for world NewMap_BuildData
[2018.07.08-04.36.42:405][336]LogPlayLevel: PIE: World Init took: (0.000660s)
[2018.07.08-04.36.42:406][336]LogPlayLevel: PIE: Created PIE world by copying editor world from /Game/NewMap_BuildData.NewMap_BuildData to /Game/UEDPIE_0_NewMap_BuildData.NewMap_BuildData (0.003882s)
[2018.07.08-04.36.42:445][336]LogInit: XAudio2 using 'Speakers (Logitech G633 Gaming Headset)' : 6 channels at 44.1 kHz using 16 bits per sample (channel mask 0x3f)
[2018.07.08-04.36.42:458][336]LogInit: FAudioDevice initialized.
[2018.07.08-04.36.42:489][336]LogLoad: Game class is 'MyEscapeGameModeBase_BP_C'
[2018.07.08-04.36.42:490][336]LogWorld: Bringing World /Game/UEDPIE_0_NewMap_BuildData.NewMap_BuildData up for play (max tick rate 0) at 2018.07.07-23.36.42
[2018.07.08-04.36.42:491][336]LogWorld: Bringing up level for play took: 0.000886
[2018.07.08-04.36.42:492][336]LogTemp: Error: PhysicsHandle component not attached to DefaultPawn_BP_C_0
[2018.07.08-04.36.42:492][336]LogTemp: Warning: SM_Chair_2 is at X=-320.000 Y=344.092 Z=20.000
[2018.07.08-04.36.42:492][336]PIE: Play in editor start time for /Game/UEDPIE_0_NewMap_BuildData 0.598
[2018.07.08-04.37.31:646][165]BlueprintLog: New page: Compile DefaultPawn_BP
[2018.07.08-04.37.31:849][165]Cmd: OBJ SAVEPACKAGE PACKAGE="/Game/DefaultPawn_BP" FILE="../../../../My Documents/Repos/Unreal Class/03_Escape/Escape/Content/DefaultPawn_BP.uasset" SILENT=true
[2018.07.08-04.37.31:870][165]LogSavePackage: Save=15.36ms
[2018.07.08-04.37.31:870][165]LogSavePackage: Moving '../../../../My Documents/Repos/Unreal Class/03_Escape/Escape/Saved/DefaultPawn_BP650466984CA993402E5686921E0DC6BF.tmp' to '../../../../My Documents/Repos/Unreal Class/03_Escape/Escape/Content/DefaultPawn_BP.uasset'
[2018.07.08-04.37.31:872][165]LogSavePackage: Display: Finished SavePackage ../../../../My Documents/Repos/Unreal Class/03_Escape/Escape/Content/DefaultPawn_BP.uasset
[2018.07.08-04.37.35:312][568]LogVSAccessor: Warning: Couldn't access Visual Studio
[2018.07.08-04.37.35:316][568]Candidate modules for hot reload:
[2018.07.08-04.37.35:316][568]  Escape
[2018.07.08-04.37.35:316][568]Launching UnrealBuildTool... [D:/UE_4.18/Engine/Binaries/DotNET/UnrealBuildTool.exe Escape -ModuleWithSuffix Escape 401 Win64 Development -editorrecompile -canskiplink "D:/My Documents/Repos/Unreal Class/03_Escape/Escape/Escape.uproject" ]
[2018.07.08-04.37.35:319][568]Warning: Starting HotReload took  0.0s.
[2018.07.08-04.37.35:841][631]CompilerResultsLog: New page: Compilation - Jul 7, 2018, 6:37:35 PM
[2018.07.08-04.37.35:841][631]CompilerResultsLog: Compiling game modules for hot reload
[2018.07.08-04.37.35:841][631]CompilerResultsLog: Target is up to date
[2018.07.08-04.37.35:842][631]CompilerResultsLog: Total build time: 0.38 seconds (NoActionsToExecute executor: 0.00 seconds)
[2018.07.08-04.37.35:842][631]LogMainFrame: MainFrame: Module compiling took 0.530 seconds
[2018.07.08-04.37.36:030][631]LogContentBrowser: Native class hierarchy populated in 0.0070 seconds. Added 2369 classes and 525 folders.
[2018.07.08-04.37.36:033][631]Display: HotReload took  0.7s.
[2018.07.08-04.37.39:741][ 76]LogTemp: Repeating last play command: Selected Viewport
[2018.07.08-04.37.39:750][ 76]LogPlayLevel: PlayLevel: No blueprints needed recompiling
[2018.07.08-04.37.39:750][ 76]PIE: New page: PIE session: NewMap_BuildData (Jul 7, 2018, 6:37:39 PM)
[2018.07.08-04.37.39:750][ 76]LogPlayLevel: Creating play world package: /Game/UEDPIE_0_NewMap_BuildData
[2018.07.08-04.37.39:753][ 76]LogPlayLevel: PIE: StaticDuplicateObject took: (0.002699s)
[2018.07.08-04.37.39:753][ 76]LogAIModule: Creating AISystem for world NewMap_BuildData
[2018.07.08-04.37.39:754][ 76]LogPlayLevel: PIE: World Init took: (0.000728s)
[2018.07.08-04.37.39:754][ 76]LogPlayLevel: PIE: Created PIE world by copying editor world from /Game/NewMap_BuildData.NewMap_BuildData to /Game/UEDPIE_0_NewMap_BuildData.NewMap_BuildData (0.003894s)
[2018.07.08-04.37.39:803][ 76]LogInit: XAudio2 using 'Speakers (Logitech G633 Gaming Headset)' : 6 channels at 44.1 kHz using 16 bits per sample (channel mask 0x3f)
[2018.07.08-04.37.39:818][ 76]LogInit: FAudioDevice initialized.
[2018.07.08-04.37.39:851][ 76]LogLoad: Game class is 'MyEscapeGameModeBase_BP_C'
[2018.07.08-04.37.39:853][ 76]LogWorld: Bringing World /Game/UEDPIE_0_NewMap_BuildData.NewMap_BuildData up for play (max tick rate 0) at 2018.07.07-23.37.39
[2018.07.08-04.37.39:853][ 76]LogWorld: Bringing up level for play took: 0.000965
[2018.07.08-04.37.39:854][ 76]LogTemp: Warning: SM_Chair_2 is at X=-320.000 Y=344.092 Z=20.000
[2018.07.08-04.37.39:855][ 76]PIE: Play in editor start time for /Game/UEDPIE_0_NewMap_BuildData -0.04
[2018.07.08-04.53.45:170][381]Cmd: QUIT_EDITOR
[2018.07.08-04.53.46:230][381]LogWindowsTextInputMethodSystem: Display: IME system now deactivated.
[2018.07.08-04.53.46:237][381]LogExit: Preparing to exit.
[2018.07.08-04.53.47:321][381]LogDirectoryWatcher: A directory notification for 'D:/My Documents/Repos/Unreal Class/03_Escape/Escape/Content/' was aborted.
[2018.07.08-04.53.47:341][381]LogExit: Editor shut down
[2018.07.08-04.53.47:344][381]LogExit: Transaction tracking system shut down
[2018.07.08-04.53.47:555][381]LogDirectoryWatcher: A directory notification for '../../../Engine/Content/' was aborted.
[2018.07.08-04.53.47:555][381]LogDirectoryWatcher: A directory notification for '../../../../My Documents/Repos/Unreal Class/03_Escape/Escape/Content/' was aborted.
[2018.07.08-04.53.47:555][381]LogDirectoryWatcher: A directory notification for '../../../Engine/Plugins/2D/Paper2D/Content/' was aborted.
[2018.07.08-04.53.47:555][381]LogDirectoryWatcher: A directory notification for '../../../Engine/Plugins/Media/MediaCompositing/Content/' was aborted.
[2018.07.08-04.53.47:555][381]LogDirectoryWatcher: A directory notification for '../../../Engine/Plugins/Runtime/AppleARKit/Content/' was aborted.
[2018.07.08-04.53.47:555][381]LogDirectoryWatcher: A directory notification for '../../../Engine/Plugins/Runtime/Oculus/OculusVR/Content/' was aborted.
[2018.07.08-04.53.47:555][381]LogDirectoryWatcher: A directory notification for '../../../Engine/Plugins/Runtime/Steam/SteamVR/Content/' was aborted.
[2018.07.08-04.53.47:995][381]LogExit: Object subsystem successfully closed.
[2018.07.08-04.53.48:016][381]LogD3D11RHI: Shutdown
[2018.07.08-04.53.48:016][381]LogD3D11RHI: CleanupD3DDevice
[2018.07.08-04.53.48:018][381]LogD3D11RHI: ~FD3D11DynamicRHI
[2018.07.08-04.53.48:141][381]LogModuleManager: Shutting down and abandoning module BlueprintGraph (554)
[2018.07.08-04.53.48:141][381]LogModuleManager: Shutting down and abandoning module MovieSceneCapture (552)
[2018.07.08-04.53.48:141][381]LogModuleManager: Shutting down and abandoning module HierarchicalLODOutliner (550)
[2018.07.08-04.53.48:141][381]LogModuleManager: Shutting down and abandoning module DesktopPlatform (548)
[2018.07.08-04.53.48:141][381]LogModuleManager: Shutting down and abandoning module AddContentDialog (546)
[2018.07.08-04.53.48:150][381]LogDirectoryWatcher: A directory notification for 'D:/UE_4.18/FeaturePacks/' was aborted.
[2018.07.08-04.53.48:152][381]LogModuleManager: Shutting down and abandoning module WidgetCarousel (545)
[2018.07.08-04.53.48:152][381]LogModuleManager: Shutting down and abandoning module EditorWidgets (542)
[2018.07.08-04.53.48:152][381]LogModuleManager: Shutting down and abandoning module CollectionManager (540)
[2018.07.08-04.53.48:153][381]LogDirectoryWatcher: A directory notification for 'D:/My Documents/Repos/Unreal Class/03_Escape/Escape/Content/Collections/' was aborted.
[2018.07.08-04.53.48:153][381]LogDirectoryWatcher: A directory notification for 'D:/My Documents/Repos/Unreal Class/03_Escape/Escape/Content/Developers/ashee/Collections/' was aborted.
[2018.07.08-04.53.48:153][381]LogDirectoryWatcher: A directory notification for 'D:/My Documents/Repos/Unreal Class/03_Escape/Escape/Saved/Collections/' was aborted.
[2018.07.08-04.53.48:153][381]LogModuleManager: Shutting down and abandoning module SceneOutliner (538)
[2018.07.08-04.53.48:153][381]LogModuleManager: Shutting down and abandoning module StatsViewer (536)
[2018.07.08-04.53.48:154][381]LogModuleManager: Shutting down and abandoning module FoliageEdit (534)
[2018.07.08-04.53.48:154][381]LogModuleManager: Shutting down and abandoning module LandscapeEditor (532)
[2018.07.08-04.53.48:156][381]LogModuleManager: Shutting down and abandoning module MeshPaintMode (530)
[2018.07.08-04.53.48:157][381]LogModuleManager: Shutting down and abandoning module SceneDepthPickerMode (528)
[2018.07.08-04.53.48:157][381]LogModuleManager: Shutting down and abandoning module ActorPickerMode (526)
[2018.07.08-04.53.48:157][381]LogModuleManager: Shutting down and abandoning module GeometryMode (524)
[2018.07.08-04.53.48:157][381]LogModuleManager: Shutting down and abandoning module TextureAlignMode (522)
[2018.07.08-04.53.48:157][381]LogModuleManager: Shutting down and abandoning module BspMode (520)
[2018.07.08-04.53.48:157][381]LogModuleManager: Shutting down and abandoning module PIEPreviewDeviceProfileSelector (518)
[2018.07.08-04.53.48:157][381]LogModuleManager: Shutting down and abandoning module HardwareSurvey (516)
[2018.07.08-04.53.48:157][381]LogModuleManager: Shutting down and abandoning module SequenceRecorderSections (514)
[2018.07.08-04.53.48:157][381]LogModuleManager: Shutting down and abandoning module AutomationWorker (512)
[2018.07.08-04.53.48:157][381]LogModuleManager: Shutting down and abandoning module MatineeToLevelSequence (510)
[2018.07.08-04.53.48:157][381]LogModuleManager: Shutting down and abandoning module LevelSequenceEditor (508)
[2018.07.08-04.53.48:176][381]LogModuleManager: Shutting down and abandoning module PlacementMode (507)
[2018.07.08-04.53.48:176][381]LogModuleManager: Shutting down and abandoning module WmfMediaFactory (504)
[2018.07.08-04.53.48:176][381]LogModuleManager: Shutting down and abandoning module WmfMediaEditor (502)
[2018.07.08-04.53.48:176][381]LogModuleManager: Shutting down and abandoning module OpenExrWrapper (500)
[2018.07.08-04.53.48:176][381]LogModuleManager: Shutting down and abandoning module ImgMediaFactory (498)
[2018.07.08-04.53.48:176][381]LogModuleManager: Shutting down and abandoning module ImgMediaEditor (496)
[2018.07.08-04.53.48:176][381]LogModuleManager: Shutting down and abandoning module AvfMediaFactory (494)
[2018.07.08-04.53.48:176][381]LogModuleManager: Shutting down and abandoning module AvfMediaEditor (492)
[2018.07.08-04.53.48:176][381]LogModuleManager: Shutting down and abandoning module AndroidMediaFactory (490)
[2018.07.08-04.53.48:177][381]LogModuleManager: Shutting down and abandoning module AndroidMediaEditor (488)
[2018.07.08-04.53.48:177][381]LogModuleManager: Shutting down and abandoning module CharacterAI (486)
[2018.07.08-04.53.48:177][381]LogModuleManager: Shutting down and abandoning module AudioCapture (484)
[2018.07.08-04.53.48:177][381]LogModuleManager: Shutting down and abandoning module SequenceRecorder (483)
[2018.07.08-04.53.48:177][381]LogModuleManager: Shutting down and abandoning module SmartSnapping (480)
[2018.07.08-04.53.48:177][381]LogModuleManager: Shutting down and abandoning module SessionServices (478)
[2018.07.08-04.53.48:177][381]LogModuleManager: Shutting down and abandoning module ViewportSnapping (476)
[2018.07.08-04.53.48:177][381]LogModuleManager: Shutting down and abandoning module ViewportInteraction (474)
[2018.07.08-04.53.48:177][381]LogModuleManager: Shutting down and abandoning module ClothPainter (472)
[2018.07.08-04.53.48:177][381]LogModuleManager: Shutting down and abandoning module SkeletalMeshEditor (471)
[2018.07.08-04.53.48:185][381]LogModuleManager: Shutting down and abandoning module LogVisualizer (468)
[2018.07.08-04.53.48:185][381]LogModuleManager: Shutting down and abandoning module IntroTutorials (466)
[2018.07.08-04.53.48:195][381]LogModuleManager: Shutting down and abandoning module GameProjectGeneration (465)
[2018.07.08-04.53.48:210][381]LogModuleManager: Shutting down and abandoning module IOSPlatformEditor (462)
[2018.07.08-04.53.48:210][381]LogModuleManager: Shutting down and abandoning module HTML5PlatformEditor (460)
[2018.07.08-04.53.48:210][381]LogModuleManager: Shutting down and abandoning module AndroidPlatformEditor (458)
[2018.07.08-04.53.48:210][381]LogModuleManager: Shutting down and abandoning module AndroidDeviceDetection (457)
[2018.07.08-04.53.48:984][381]LogModuleManager: Shutting down and abandoning module WindowsPlatformEditor (454)
[2018.07.08-04.53.48:984][381]LogModuleManager: Shutting down and abandoning module IOSRuntimeSettings (452)
[2018.07.08-04.53.48:984][381]LogModuleManager: Shutting down and abandoning module AndroidRuntimeSettings (450)
[2018.07.08-04.53.48:984][381]LogModuleManager: Shutting down and abandoning module InputBindingEditor (448)
[2018.07.08-04.53.48:984][381]LogModuleManager: Shutting down and abandoning module MergeActors (446)
[2018.07.08-04.53.49:034][381]LogModuleManager: Shutting down and abandoning module SizeMap (444)
[2018.07.08-04.53.49:034][381]LogModuleManager: Shutting down and abandoning module TreeMap (442)
[2018.07.08-04.53.49:034][381]LogModuleManager: Shutting down and abandoning module ReferenceViewer (440)
[2018.07.08-04.53.49:034][381]LogModuleManager: Shutting down and abandoning module LocalizationDashboard (438)
[2018.07.08-04.53.49:043][381]LogModuleManager: Shutting down and abandoning module LocalizationService (437)
[2018.07.08-04.53.49:043][381]LogModuleManager: Shutting down and abandoning module HardwareTargeting (434)
[2018.07.08-04.53.49:043][381]LogModuleManager: Shutting down and abandoning module DeviceProfileEditor (432)
[2018.07.08-04.53.49:043][381]LogModuleManager: Shutting down and abandoning module UndoHistory (430)
[2018.07.08-04.53.49:043][381]LogModuleManager: Shutting down and abandoning module XmlParser (428)
[2018.07.08-04.53.49:043][381]LogModuleManager: Shutting down and abandoning module Blutility (426)
[2018.07.08-04.53.49:043][381]LogModuleManager: Shutting down and abandoning module ProjectSettingsViewer (424)
[2018.07.08-04.53.49:044][381]LogModuleManager: Shutting down and abandoning module ProjectTargetPlatformEditor (423)
[2018.07.08-04.53.49:044][381]LogModuleManager: Shutting down and abandoning module EditorSettingsViewer (420)
[2018.07.08-04.53.49:044][381]LogModuleManager: Shutting down and abandoning module SettingsEditor (418)
[2018.07.08-04.53.49:044][381]LogModuleManager: Shutting down and abandoning module ProjectLauncher (416)
[2018.07.08-04.53.49:057][381]LogModuleManager: Shutting down and abandoning module SessionFrontend (414)
[2018.07.08-04.53.49:057][381]LogModuleManager: Shutting down and abandoning module ProfilerClient (412)
[2018.07.08-04.53.49:057][381]LogModuleManager: Shutting down and abandoning module DeviceManager (410)
[2018.07.08-04.53.49:057][381]LogModuleManager: Shutting down and abandoning module TargetDeviceServices (409)
[2018.07.08-04.53.49:112][381]LogModuleManager: Shutting down and abandoning module AutomationController (406)
[2018.07.08-04.53.49:112][381]LogModuleManager: Shutting down and abandoning module AutomationWindow (404)
[2018.07.08-04.53.49:130][381]LogModuleManager: Shutting down and abandoning module Layers (402)
[2018.07.08-04.53.49:143][381]LogModuleManager: Shutting down and abandoning module ComponentVisualizers (400)
[2018.07.08-04.53.49:144][381]LogModuleManager: Shutting down and abandoning module DetailCustomizations (398)
[2018.07.08-04.53.49:144][381]LogModuleManager: Shutting down and abandoning module PackagesDialog (396)
[2018.07.08-04.53.49:144][381]LogModuleManager: Shutting down and abandoning module Persona (394)
[2018.07.08-04.53.49:164][381]LogModuleManager: Shutting down and abandoning module AdvancedPreviewScene (393)
[2018.07.08-04.53.49:165][381]LogModuleManager: Shutting down and abandoning module AnimGraph (391)
[2018.07.08-04.53.49:165][381]LogModuleManager: Shutting down and abandoning module Kismet (388)
[2018.07.08-04.53.49:174][381]LogModuleManager: Shutting down and abandoning module ClassViewer (386)
[2018.07.08-04.53.49:174][381]LogModuleManager: Shutting down and abandoning module Toolbox (384)
[2018.07.08-04.53.49:174][381]LogModuleManager: Shutting down and abandoning module ModuleUI (382)
[2018.07.08-04.53.49:174][381]LogModuleManager: Shutting down and abandoning module MovieSceneTools (380)
[2018.07.08-04.53.49:194][381]LogModuleManager: Shutting down and abandoning module OutputLog (378)
[2018.07.08-04.53.49:194][381]LogModuleManager: Shutting down and abandoning module GammaUI (376)
[2018.07.08-04.53.49:194][381]LogModuleManager: Shutting down and abandoning module Documentation (374)
[2018.07.08-04.53.49:194][381]LogModuleManager: Shutting down and abandoning module MovieSceneTracks (372)
[2018.07.08-04.53.49:204][381]LogModuleManager: Shutting down and abandoning module MovieScene (370)
[2018.07.08-04.53.49:204][381]LogModuleManager: Shutting down and abandoning module StreamingPauseRendering (368)
[2018.07.08-04.53.49:204][381]LogModuleManager: Shutting down and abandoning module LauncherPlatform (366)
[2018.07.08-04.53.49:204][381]LogModuleManager: Shutting down and abandoning module AnalyticsET (364)
[2018.07.08-04.53.49:204][381]LogModuleManager: Shutting down and abandoning module PortalServices (362)
[2018.07.08-04.53.49:204][381]LogModuleManager: Shutting down and abandoning module PortalRpc (360)
[2018.07.08-04.53.49:204][381]LogModuleManager: Shutting down and abandoning module MessagingRpc (358)
[2018.07.08-04.53.49:204][381]LogModuleManager: Shutting down and abandoning module AIModule (356)
[2018.07.08-04.53.49:204][381]LogModuleManager: Shutting down and abandoning module GameplayDebugger (355)
[2018.07.08-04.53.49:204][381]LogModuleManager: Shutting down and abandoning module AITestSuite (353)
[2018.07.08-04.53.49:204][381]LogModuleManager: Shutting down and abandoning module ProfilerService (350)
[2018.07.08-04.53.49:234][381]LogModuleManager: Shutting down and abandoning module TaskGraph (348)
[2018.07.08-04.53.49:234][381]LogModuleManager: Shutting down and abandoning module SteamVRController (346)
[2018.07.08-04.53.49:234][381]LogModuleManager: Shutting down and abandoning module ProceduralMeshComponentEditor (344)
[2018.07.08-04.53.49:234][381]LogModuleManager: Shutting down and abandoning module ProceduralMeshComponent (342)
[2018.07.08-04.53.49:234][381]LogModuleManager: Shutting down and abandoning module OculusInput (340)
[2018.07.08-04.53.49:234][381]LogModuleManager: Shutting down and abandoning module MobilePatchingUtils (338)
[2018.07.08-04.53.49:234][381]LogModuleManager: Shutting down and abandoning module CustomMeshComponent (336)
[2018.07.08-04.53.49:234][381]LogModuleManager: Shutting down and abandoning module CableComponent (334)
[2018.07.08-04.53.49:234][381]LogModuleManager: Shutting down and abandoning module ArchVisCharacter (332)
[2018.07.08-04.53.49:234][381]LogModuleManager: Shutting down and abandoning module AndroidPermission (330)
[2018.07.08-04.53.49:234][381]LogModuleManager: Shutting down and abandoning module ActorSequence (326)
[2018.07.08-04.53.49:234][381]LogModuleManager: Shutting down and abandoning module MediaPlayerEditor (324)
[2018.07.08-04.53.49:247][381]LogModuleManager: Shutting down and abandoning module MediaCompositingEditor (322)
[2018.07.08-04.53.49:247][381]LogModuleManager: Shutting down and abandoning module MediaCompositing (320)
[2018.07.08-04.53.49:247][381]LogModuleManager: Shutting down and abandoning module HTML5Networking (318)
[2018.07.08-04.53.49:247][381]LogModuleManager: Shutting down and abandoning module AlembicImporter (316)
[2018.07.08-04.53.49:247][381]LogModuleManager: Shutting down and abandoning module AlembicLibrary (315)
[2018.07.08-04.53.49:247][381]LogModuleManager: Shutting down and abandoning module GeometryCache (314)
[2018.07.08-04.53.49:247][381]LogModuleManager: Shutting down and abandoning module GeometryCacheEd (313)
[2018.07.08-04.53.49:247][381]LogModuleManager: Shutting down and abandoning module SpeedTreeImporter (308)
[2018.07.08-04.53.49:247][381]LogModuleManager: Shutting down and abandoning module PluginBrowser (306)
[2018.07.08-04.53.49:253][381]LogModuleManager: Shutting down and abandoning module MobileLauncherProfileWizard (304)
[2018.07.08-04.53.49:253][381]LogModuleManager: Shutting down and abandoning module VisualStudioSourceCodeAccess (302)
[2018.07.08-04.53.49:253][381]LogModuleManager: Shutting down and abandoning module VisualStudioCodeSourceCodeAccess (300)
[2018.07.08-04.53.49:253][381]LogModuleManager: Shutting down and abandoning module UObjectPlugin (298)
[2018.07.08-04.53.49:254][381]LogModuleManager: Shutting down and abandoning module SubversionSourceControl (296)
[2018.07.08-04.53.49:254][381]LogModuleManager: Shutting down and abandoning module PerforceSourceControl (294)
[2018.07.08-04.53.49:254][381]LogModuleManager: Shutting down and abandoning module GitSourceControl (292)
[2018.07.08-04.53.49:254][381]LogModuleManager: Shutting down and abandoning module SourceControl (291)
[2018.07.08-04.53.49:254][381]LogModuleManager: Shutting down and abandoning module LightPropagationVolumeEditor (288)
[2018.07.08-04.53.49:254][381]LogModuleManager: Shutting down and abandoning module PaperTiledImporter (286)
[2018.07.08-04.53.49:254][381]LogModuleManager: Shutting down and abandoning module PaperSpriteSheetImporter (284)
[2018.07.08-04.53.49:254][381]LogModuleManager: Shutting down and abandoning module Paper2DEditor (282)
[2018.07.08-04.53.49:262][381]LogModuleManager: Shutting down and abandoning module MeshPaint (281)
[2018.07.08-04.53.49:262][381]LogModuleManager: Shutting down and abandoning module LevelEditor (279)
[2018.07.08-04.53.49:265][381]LogModuleManager: Shutting down and abandoning module PixelInspectorModule (278)
[2018.07.08-04.53.49:265][381]LogModuleManager: Shutting down and abandoning module MainFrame (276)
[2018.07.08-04.53.49:265][381]LogModuleManager: Shutting down and abandoning module HotReload (275)
[2018.07.08-04.53.49:265][381]LogDirectoryWatcher: A directory notification for 'D:/My Documents/Repos/Unreal Class/03_Escape/Escape/Binaries/Win64' was aborted.
[2018.07.08-04.53.49:266][381]LogModuleManager: Shutting down and abandoning module Escape (270)
[2018.07.08-04.53.49:267][381]LogModuleManager: Shutting down and abandoning module RuntimePhysXCooking (268)
[2018.07.08-04.53.49:267][381]LogModuleManager: Shutting down and abandoning module PhysXVehiclesEditor (266)
[2018.07.08-04.53.49:267][381]LogModuleManager: Shutting down and abandoning module PhysXVehicles (264)
[2018.07.08-04.53.49:267][381]LogModuleManager: Shutting down and abandoning module OculusEditor (262)
[2018.07.08-04.53.49:267][381]LogModuleManager: Shutting down and abandoning module LocationServicesBPLibrary (260)
[2018.07.08-04.53.49:267][381]LogModuleManager: Shutting down and abandoning module ImmediatePhysicsEditor (258)
[2018.07.08-04.53.49:267][381]LogModuleManager: Shutting down and abandoning module ImmediatePhysics (256)
[2018.07.08-04.53.49:267][381]LogModuleManager: Shutting down and abandoning module UdpMessaging (254)
[2018.07.08-04.53.49:367][381]LogModuleManager: Shutting down and abandoning module TcpMessaging (252)
[2018.07.08-04.53.49:468][381]LogModuleManager: Shutting down and abandoning module GameplayTagsEditor (250)
[2018.07.08-04.53.49:468][381]LogModuleManager: Shutting down and abandoning module FacialAnimationEditor (248)
[2018.07.08-04.53.49:468][381]LogModuleManager: Shutting down and abandoning module FacialAnimation (246)
[2018.07.08-04.53.49:468][381]LogModuleManager: Shutting down and abandoning module AssetManagerEditor (244)
[2018.07.08-04.53.49:468][381]LogModuleManager: Shutting down and abandoning module GraphEditor (243)
[2018.07.08-04.53.49:468][381]LogModuleManager: Shutting down and abandoning module ContentBrowser (241)
[2018.07.08-04.53.49:469][381]LogModuleManager: Shutting down and abandoning module LightPropagationVolumeRuntime (238)
[2018.07.08-04.53.49:469][381]LogModuleManager: Shutting down and abandoning module Paper2D (236)
[2018.07.08-04.53.49:469][381]LogModuleManager: Shutting down and abandoning module WindowsMoviePlayer (234)
[2018.07.08-04.53.49:469][381]LogModuleManager: Shutting down and abandoning module WmfMedia (232)
[2018.07.08-04.53.49:471][381]LogModuleManager: Shutting down and abandoning module ImgMedia (230)
[2018.07.08-04.53.49:471][381]LogModuleManager: Shutting down and abandoning module PacketHandler (228)
[2018.07.08-04.53.49:471][381]LogModuleManager: Shutting down and abandoning module ClothingSystemEditor (226)
[2018.07.08-04.53.49:471][381]LogModuleManager: Shutting down and abandoning module ClothingSystemRuntime (224)
[2018.07.08-04.53.49:471][381]LogModuleManager: Shutting down and abandoning module MediaAssets (222)
[2018.07.08-04.53.49:471][381]LogModuleManager: Shutting down and abandoning module Media (221)
[2018.07.08-04.53.49:477][381]LogModuleManager: Shutting down and abandoning module Overlay (218)
[2018.07.08-04.53.49:477][381]LogModuleManager: Shutting down and abandoning module OverlayEditor (217)
[2018.07.08-04.53.49:477][381]LogModuleManager: Shutting down and abandoning module VREditor (214)
[2018.07.08-04.53.49:477][381]LogModuleManager: Shutting down and abandoning module StringTableEditor (212)
[2018.07.08-04.53.49:477][381]LogModuleManager: Shutting down and abandoning module GameplayTasksEditor (210)
[2018.07.08-04.53.49:477][381]LogModuleManager: Shutting down and abandoning module BehaviorTreeEditor (208)
[2018.07.08-04.53.49:489][381]LogModuleManager: Shutting down and abandoning module FunctionalTesting (206)
[2018.07.08-04.53.49:489][381]LogModuleManager: Shutting down and abandoning module CollisionAnalyzer (204)
[2018.07.08-04.53.49:489][381]LogModuleManager: Shutting down and abandoning module WorkspaceMenuStructure (203)
[2018.07.08-04.53.49:489][381]LogModuleManager: Shutting down and abandoning module UMG (200)
[2018.07.08-04.53.49:499][381]LogModuleManager: Shutting down and abandoning module UMGEditor (199)
[2018.07.08-04.53.49:509][381]LogModuleManager: Shutting down and abandoning module Sequencer (198)
[2018.07.08-04.53.49:523][381]LogModuleManager: Shutting down and abandoning module MessageLog (195)
[2018.07.08-04.53.49:523][381]LogModuleManager: Shutting down and abandoning module SlateReflector (190)
[2018.07.08-04.53.49:540][381]LogModuleManager: Shutting down and abandoning module Slate (188)
[2018.07.08-04.53.49:541][381]LogModuleManager: Shutting down and abandoning module EditorStyle (186)
[2018.07.08-04.53.49:546][381]LogModuleManager: Shutting down and abandoning module MRMesh (184)
[2018.07.08-04.53.49:546][381]LogModuleManager: Shutting down and abandoning module SourceCodeAccess (182)
[2018.07.08-04.53.49:546][381]LogModuleManager: Shutting down and abandoning module HeadMountedDisplay (180)
[2018.07.08-04.53.49:546][381]LogModuleManager: Shutting down and abandoning module XAudio2 (178)
[2018.07.08-04.53.49:546][381]LogModuleManager: Shutting down and abandoning module Networking (176)
[2018.07.08-04.53.49:546][381]LogModuleManager: Shutting down and abandoning module Core (172)
[2018.07.08-04.53.49:546][381]LogModuleManager: Shutting down and abandoning module LevelSequence (168)
[2018.07.08-04.53.49:546][381]LogModuleManager: Shutting down and abandoning module DirectoryWatcher (166)
[2018.07.08-04.53.49:546][381]LogModuleManager: Shutting down and abandoning module KismetCompiler (164)
[2018.07.08-04.53.49:546][381]LogModuleManager: Shutting down and abandoning module MeshUtilities (162)
[2018.07.08-04.53.49:546][381]LogModuleManager: Shutting down and abandoning module MeshMergeUtilities (161)
[2018.07.08-04.53.49:546][381]LogModuleManager: Shutting down and abandoning module MeshReductionInterface (160)
[2018.07.08-04.53.49:546][381]LogModuleManager: Shutting down and abandoning module SimplygonSwarm (159)
[2018.07.08-04.53.49:546][381]LogModuleManager: Shutting down and abandoning module SimplygonMeshReduction (157)
[2018.07.08-04.53.49:546][381]LogModuleManager: Shutting down and abandoning module QuadricMeshReduction (155)
[2018.07.08-04.53.49:546][381]LogModuleManager: Shutting down and abandoning module MaterialBaking (151)
[2018.07.08-04.53.49:546][381]LogModuleManager: Shutting down and abandoning module DerivedDataCache (148)
[2018.07.08-04.53.49:641][381]LogDerivedDataCache: Shutdown
[2018.07.08-04.53.49:641][381]LogModuleManager: Shutting down and abandoning module TargetPlatform (146)
[2018.07.08-04.53.49:641][381]LogModuleManager: Shutting down and abandoning module VulkanShaderFormat (145)
[2018.07.08-04.53.49:641][381]LogModuleManager: Shutting down and abandoning module ShaderFormatVectorVM (143)
[2018.07.08-04.53.49:641][381]LogModuleManager: Shutting down and abandoning module ShaderFormatOpenGL (141)
[2018.07.08-04.53.49:642][381]LogModuleManager: Shutting down and abandoning module ShaderFormatD3D (139)
[2018.07.08-04.53.49:642][381]LogModuleManager: Shutting down and abandoning module MetalShaderFormat (137)
[2018.07.08-04.53.49:642][381]LogModuleManager: Shutting down and abandoning module TextureFormatUncompressed (135)
[2018.07.08-04.53.49:642][381]LogModuleManager: Shutting down and abandoning module TextureFormatPVR (133)
[2018.07.08-04.53.49:642][381]LogModuleManager: Shutting down and abandoning module TextureFormatDXT (131)
[2018.07.08-04.53.49:642][381]LogModuleManager: Shutting down and abandoning module TextureFormatIntelISPCTexComp (129)
[2018.07.08-04.53.49:642][381]LogModuleManager: Shutting down and abandoning module TextureFormatASTC (127)
[2018.07.08-04.53.49:642][381]LogModuleManager: Shutting down and abandoning module ImageWrapper (126)
[2018.07.08-04.53.49:642][381]LogModuleManager: Shutting down and abandoning module TextureFormatAndroid (123)
[2018.07.08-04.53.49:642][381]LogModuleManager: Shutting down and abandoning module AudioFormatOpus (121)
[2018.07.08-04.53.49:642][381]LogModuleManager: Shutting down and abandoning module AudioFormatOgg (119)
[2018.07.08-04.53.49:642][381]LogModuleManager: Shutting down and abandoning module AudioFormatADPCM (117)
[2018.07.08-04.53.49:643][381]LogModuleManager: Shutting down and abandoning module LinuxTargetPlatform (115)
[2018.07.08-04.53.49:643][381]LogModuleManager: Shutting down and abandoning module LinuxServerTargetPlatform (113)
[2018.07.08-04.53.49:643][381]LogModuleManager: Shutting down and abandoning module LinuxNoEditorTargetPlatform (111)
[2018.07.08-04.53.49:643][381]LogModuleManager: Shutting down and abandoning module LinuxClientTargetPlatform (109)
[2018.07.08-04.53.49:643][381]LogModuleManager: Shutting down and abandoning module TVOSTargetPlatform (107)
[2018.07.08-04.53.49:643][381]LogModuleManager: Shutting down and abandoning module Messaging (105)
[2018.07.08-04.53.49:643][381]LogModuleManager: Shutting down and abandoning module IOSTargetPlatform (103)
[2018.07.08-04.53.49:643][381]LogModuleManager: Shutting down and abandoning module HTML5TargetPlatform (101)
[2018.07.08-04.53.49:643][381]LogModuleManager: Shutting down and abandoning module AndroidTargetPlatform (99)
[2018.07.08-04.53.49:643][381]LogModuleManager: Shutting down and abandoning module Android_PVRTCTargetPlatform (97)
[2018.07.08-04.53.49:644][381]LogModuleManager: Shutting down and abandoning module Android_MultiTargetPlatform (95)
[2018.07.08-04.53.49:644][381]LogModuleManager: Shutting down and abandoning module Android_ETC2TargetPlatform (93)
[2018.07.08-04.53.49:644][381]LogModuleManager: Shutting down and abandoning module Android_ETC1TargetPlatform (91)
[2018.07.08-04.53.49:644][381]LogModuleManager: Shutting down and abandoning module Android_DXTTargetPlatform (89)
[2018.07.08-04.53.49:644][381]LogModuleManager: Shutting down and abandoning module Android_ATCTargetPlatform (87)
[2018.07.08-04.53.49:644][381]LogModuleManager: Shutting down and abandoning module Android_ASTCTargetPlatform (85)
[2018.07.08-04.53.49:644][381]LogModuleManager: Shutting down and abandoning module WindowsTargetPlatform (83)
[2018.07.08-04.53.49:644][381]LogModuleManager: Shutting down and abandoning module WindowsServerTargetPlatform (81)
[2018.07.08-04.53.49:644][381]LogModuleManager: Shutting down and abandoning module WindowsNoEditorTargetPlatform (79)
[2018.07.08-04.53.49:644][381]LogModuleManager: Shutting down and abandoning module WindowsClientTargetPlatform (77)
[2018.07.08-04.53.49:644][381]LogModuleManager: Shutting down and abandoning module MacTargetPlatform (75)
[2018.07.08-04.53.49:644][381]LogModuleManager: Shutting down and abandoning module MacServerTargetPlatform (73)
[2018.07.08-04.53.49:645][381]LogModuleManager: Shutting down and abandoning module MacNoEditorTargetPlatform (71)
[2018.07.08-04.53.49:645][381]LogModuleManager: Shutting down and abandoning module MacClientTargetPlatform (69)
[2018.07.08-04.53.49:645][381]LogModuleManager: Shutting down and abandoning module AllDesktopTargetPlatform (67)
[2018.07.08-04.53.49:645][381]LogModuleManager: Shutting down and abandoning module InputCore (64)
[2018.07.08-04.53.49:645][381]LogModuleManager: Shutting down and abandoning module Settings (62)
[2018.07.08-04.53.49:645][381]LogModuleManager: Shutting down and abandoning module PhysXCooking (60)
[2018.07.08-04.53.49:645][381]LogModuleManager: Shutting down and abandoning module SteamVR (58)
[2018.07.08-04.53.49:645][381]LogModuleManager: Shutting down and abandoning module OculusHMD (56)
[2018.07.08-04.53.49:645][381]LogModuleManager: Shutting down and abandoning module ExampleDeviceProfileSelector (54)
[2018.07.08-04.53.49:645][381]LogModuleManager: Shutting down and abandoning module AppleARKit (52)
[2018.07.08-04.53.49:646][381]LogModuleManager: Shutting down and abandoning module AugmentedReality (51)
[2018.07.08-04.53.49:646][381]LogModuleManager: Shutting down and abandoning module OnlineBlueprintSupport (48)
[2018.07.08-04.53.49:646][381]LogModuleManager: Shutting down and abandoning module OnlineSubsystem (44)
[2018.07.08-04.53.49:646][381]LogModuleManager: Shutting down and abandoning module XMPP (43)
[2018.07.08-04.53.49:649][381]LogModuleManager: Shutting down and abandoning module HTTP (41)
[2018.07.08-04.53.49:649][381]LogHttp: Display: Http module shutting down, but needs to wait on 1 outstanding Http requests:
[2018.07.08-04.53.49:649][381]LogHttp: Display: 	verb=[POST] url=[https://datarouter.ol.epicgames.com/datarouter/api/v1/public/data?SessionID=%7B7A1AB63F-4352-72E5-0075-E0A753FBCFAB%7D&AppID=UEEditor.Rocket.Release&AppVersion=4.18.3-3832480%2B%2B%2BUE4%2BRelease-4.18&UserID=c623c38a4644157b8d62bd9c96da1125%7Cef80ea24ccd440479d9456400eb2e2ea%7C0fdb0f32-4654-459a-a5e7-020c5999b653&AppEnvironment=datacollector-binary&UploadType=eteventstream] status=Processing
[2018.07.08-04.53.49:655][381]LogModuleManager: Shutting down and abandoning module SSL (40)
[2018.07.08-04.53.49:658][381]LogModuleManager: Shutting down and abandoning module AnimationModifiers (36)
[2018.07.08-04.53.49:658][381]LogModuleManager: Shutting down and abandoning module PropertyEditor (35)
[2018.07.08-04.53.49:658][381]LogModuleManager: Shutting down and abandoning module AudioEditor (32)
[2018.07.08-04.53.49:667][381]LogModuleManager: Shutting down and abandoning module TextureCompressor (30)
[2018.07.08-04.53.49:667][381]LogModuleManager: Shutting down and abandoning module ShaderCore (28)
[2018.07.08-04.53.49:667][381]LogModuleManager: Shutting down and abandoning module Landscape (26)
[2018.07.08-04.53.49:667][381]LogModuleManager: Shutting down and abandoning module SlateRHIRenderer (24)
[2018.07.08-04.53.49:673][381]LogModuleManager: Shutting down and abandoning module OpenGLDrv (22)
[2018.07.08-04.53.49:682][381]LogModuleManager: Shutting down and abandoning module D3D11RHI (20)
[2018.07.08-04.53.49:682][381]LogModuleManager: Shutting down and abandoning module AnimGraphRuntime (18)
[2018.07.08-04.53.49:682][381]LogModuleManager: Shutting down and abandoning module Renderer (16)
[2018.07.08-04.53.49:683][381]LogModuleManager: Shutting down and abandoning module Engine (14)
[2018.07.08-04.53.49:683][381]LogModuleManager: Shutting down and abandoning module CoreUObject (12)
[2018.07.08-04.53.49:683][381]LogModuleManager: Shutting down and abandoning module NetworkFile (10)
[2018.07.08-04.53.49:683][381]LogModuleManager: Shutting down and abandoning module CookedIterativeFile (8)
[2018.07.08-04.53.49:683][381]LogModuleManager: Shutting down and abandoning module StreamingFile (6)
[2018.07.08-04.53.49:683][381]LogModuleManager: Shutting down and abandoning module SandboxFile (4)
[2018.07.08-04.53.49:683][381]LogModuleManager: Shutting down and abandoning module PakFile (2)
[2018.07.08-04.53.49:693][381]LogExit: Exiting.
[2018.07.08-04.53.49:703][381]Log file closed, 07/07/18 23:53:49
